#
# A fatal error has been detected by the Java Runtime Environment:
#
#  SIGSEGV (0xb) at pc=0x0000000122d3ccc4, pid=13664, tid=0x0000000000002603
#
# JRE version: Java(TM) SE Runtime Environment (8.0_151-b12) (build 1.8.0_151-b12)
# Java VM: Java HotSpot(TM) 64-Bit Server VM (25.151-b12 mixed mode bsd-amd64 compressed oops)
# Problematic frame:
# C  [libnd4jcpu.dylib+0xb9cc4]  void functions::pairwise_transforms::PairWiseTransform<float>::exec<simdOps::Copy<float> >(float*, int*, float*, int*, float*, int*, float*) (._omp_fn.828)+0xa14
#
# Failed to write core dump. Core dumps have been disabled. To enable core dumping, try "ulimit -c unlimited" before starting Java again
#
# If you would like to submit a bug report, please visit:
#   http://bugreport.java.com/bugreport/crash.jsp
# The crash happened outside the Java Virtual Machine in native code.
# See problematic frame for where to report the bug.
#

---------------  T H R E A D  ---------------

Current thread (0x00007f9b72015000):  JavaThread "main" [_thread_in_native, id=9731, stack(0x0000700006160000,0x0000700006260000)]

siginfo: si_signo: 11 (SIGSEGV), si_code: 1 (SEGV_MAPERR), si_addr: 0x0000000bc0404000

Registers:
RAX=0x0000000130404000, RBX=0x0000000005480000, RCX=0x000000000000000c, RDX=0x0000000000000000
RSP=0x000070000625d3c0, RBP=0x00007f9b732287ec, RSI=0x0000000000000006, RDI=0x00007f9b73228864
R8 =0x0000000000000014, R9 =0x0000000000000006, R10=0x0000000a90000000, R11=0x00007f9b7322887c
R12=0x0000000000000002, R13=0x0000000000000003, R14=0x0000000001520001, R15=0x000070000625d5d0
RIP=0x0000000122d3ccc4, EFLAGS=0x0000000000010216, ERR=0x0000000000000004
  TRAPNO=0x000000000000000e

Top of Stack: (sp=0x000070000625d3c0)
0x000070000625d3c0:   00007f9b7171ea00 00007f9b70d8ba98
0x000070000625d3d0:   0000000001fb0000 00000001222dc53b
0x000070000625d3e0:   000070000625d3f0 000070000625d3f8
0x000070000625d3f0:   0000000001520000 0000000001fb0000
0x000070000625d400:   0000000000020000 000070000625d530
0x000070000625d410:   00007f9b70d8ba98 00000001222dad9a
0x000070000625d420:   0000000000000000 0000000000000010
0x000070000625d430:   0000000000000002 0000000000000002
0x000070000625d440:   0000000200000000 0000000000000000
0x000070000625d450:   0000000000000000 0000000000000008
0x000070000625d460:   00000000000000b0 0000000000000000
0x000070000625d470:   00007f9b70eeca50 000070000625d5d0
0x000070000625d480:   0000010000000000 0000000000000000
0x000070000625d490:   0000000000000000 0000000000000002
0x000070000625d4a0:   00007f9b70d8bbf0 0000000200000c30
0x000070000625d4b0:   000070000625d4e0 00007fff722ae201
0x000070000625d4c0:   0000000000000c30 0000000000000c30
0x000070000625d4d0:   0000000000000001 00000001222dc4fb
0x000070000625d4e0:   000070000625d500 00007f9b7171eae8
0x000070000625d4f0:   0000000000000002 00000001222dc4fb
0x000070000625d500:   00007f9b7171ea00 0000000122d3c2b0
0x000070000625d510:   000070000625d5d0 0000000000000002
0x000070000625d520:   0000000000000003 0000000000000001
0x000070000625d530:   00007f9b7322887c 00000001222d755f
0x000070000625d540:   0000000000000002 0000000002a40000
0x000070000625d550:   0000000130404000 0000000000000002
0x000070000625d560:   0000000000000006 0000000123060a43
0x000070000625d570:   000000010479d800 0000000000000004
0x000070000625d580:   0000000104799080 00007f9b0000a900
0x000070000625d590:   000000013aea6000 00007fff00000002
0x000070000625d5a0:   00007f9b732287ec 000000013aea6000
0x000070000625d5b0:   00007f9b73228864 00007f9b732287e4 

Instructions: (pc=0x0000000122d3ccc4)
0x0000000122d3cca4:   8d 3d f6 ae ab 01 31 c0 e8 61 a8 ab 01 49 c7 c2
0x0000000122d3ccb4:   fc ff ff ff 49 8b 47 08 49 ff c6 4c 39 74 24 10
0x0000000122d3ccc4:   f3 42 0f 10 04 10 49 8b 47 10 f3 0f 11 04 18 0f
0x0000000122d3ccd4:   8f 37 f6 ff ff 48 8b 74 24 28 48 8b 7c 24 20 e8 

Register to memory mapping:

RAX=0x0000000130404000 is an unknown value
RBX=0x0000000005480000 is an unknown value
RCX=0x000000000000000c is an unknown value
RDX=0x0000000000000000 is an unknown value
RSP=0x000070000625d3c0 is pointing into the stack for thread: 0x00007f9b72015000
RBP=0x00007f9b732287ec is an unknown value
RSI=0x0000000000000006 is an unknown value
RDI=0x00007f9b73228864 is an unknown value
R8 =0x0000000000000014 is an unknown value
R9 =0x0000000000000006 is an unknown value
R10=0x0000000a90000000 is an unknown value
R11=0x00007f9b7322887c is an unknown value
R12=0x0000000000000002 is an unknown value
R13=0x0000000000000003 is an unknown value
R14=0x0000000001520001 is an unknown value
R15=0x000070000625d5d0 is pointing into the stack for thread: 0x00007f9b72015000


Stack: [0x0000700006160000,0x0000700006260000],  sp=0x000070000625d3c0,  free space=1012k
Native frames: (J=compiled Java code, j=interpreted, Vv=VM code, C=native code)
C  [libnd4jcpu.dylib+0xb9cc4]  void functions::pairwise_transforms::PairWiseTransform<float>::exec<simdOps::Copy<float> >(float*, int*, float*, int*, float*, int*, float*) (._omp_fn.828)+0xa14

Java frames: (J=compiled Java code, j=interpreted, Vv=VM code)
j  org.nd4j.nativeblas.Nd4jCpu$NativeOps.execCustomOpFloat(Lorg/bytedeco/javacpp/PointerPointer;JLorg/bytedeco/javacpp/PointerPointer;Lorg/bytedeco/javacpp/PointerPointer;ILorg/bytedeco/javacpp/PointerPointer;Lorg/bytedeco/javacpp/PointerPointer;ILorg/bytedeco/javacpp/FloatPointer;ILorg/bytedeco/javacpp/IntPointer;IZ)I+0
j  org.nd4j.linalg.cpu.nativecpu.ops.NativeOpExecutioner.exec(Lorg/nd4j/linalg/api/ops/CustomOp;)V+595
j  org.nd4j.autodiff.samediff.SameDiff.exec()Lorg/nd4j/linalg/primitives/Pair;+1910
j  org.nd4j.autodiff.samediff.SameDiff.execAndEndResult()Lorg/nd4j/linalg/api/ndarray/INDArray;+8
j  Utilities.convolveGrid(Lorg/nd4j/linalg/api/ndarray/INDArray;Lorg/nd4j/linalg/api/ndarray/INDArray;)Lorg/nd4j/linalg/api/ndarray/INDArray;+244
j  FastKde.fastKde2d(Lorg/nd4j/linalg/api/ndarray/INDArray;Lorg/nd4j/linalg/api/ndarray/INDArray;ILjava/lang/Boolean;Lorg/nd4j/linalg/api/ndarray/INDArray;Ljava/lang/Double;)Lorg/nd4j/linalg/api/ndarray/INDArray;+763
j  FastKde.fastKde2d(Lorg/nd4j/linalg/api/ndarray/INDArray;Lorg/nd4j/linalg/api/ndarray/INDArray;)Lorg/nd4j/linalg/api/ndarray/INDArray;+43
j  FastKdeTest.inputXYWeightsDimenstionTest()V+163
v  ~StubRoutines::call_stub
j  sun.reflect.NativeMethodAccessorImpl.invoke0(Ljava/lang/reflect/Method;Ljava/lang/Object;[Ljava/lang/Object;)Ljava/lang/Object;+0
j  sun.reflect.NativeMethodAccessorImpl.invoke(Ljava/lang/Object;[Ljava/lang/Object;)Ljava/lang/Object;+100
j  sun.reflect.DelegatingMethodAccessorImpl.invoke(Ljava/lang/Object;[Ljava/lang/Object;)Ljava/lang/Object;+6
j  java.lang.reflect.Method.invoke(Ljava/lang/Object;[Ljava/lang/Object;)Ljava/lang/Object;+56
j  org.junit.runners.model.FrameworkMethod$1.runReflectiveCall()Ljava/lang/Object;+15
j  org.junit.internal.runners.model.ReflectiveCallable.run()Ljava/lang/Object;+1
j  org.junit.runners.model.FrameworkMethod.invokeExplosively(Ljava/lang/Object;[Ljava/lang/Object;)Ljava/lang/Object;+10
j  org.junit.internal.runners.statements.InvokeMethod.evaluate()V+12
j  org.junit.runners.ParentRunner.runLeaf(Lorg/junit/runners/model/Statement;Lorg/junit/runner/Description;Lorg/junit/runner/notification/RunNotifier;)V+17
j  org.junit.runners.BlockJUnit4ClassRunner.runChild(Lorg/junit/runners/model/FrameworkMethod;Lorg/junit/runner/notification/RunNotifier;)V+30
j  org.junit.runners.BlockJUnit4ClassRunner.runChild(Ljava/lang/Object;Lorg/junit/runner/notification/RunNotifier;)V+6
j  org.junit.runners.ParentRunner$3.run()V+12
j  org.junit.runners.ParentRunner$1.schedule(Ljava/lang/Runnable;)V+1
j  org.junit.runners.ParentRunner.runChildren(Lorg/junit/runner/notification/RunNotifier;)V+44
j  org.junit.runners.ParentRunner.access$000(Lorg/junit/runners/ParentRunner;Lorg/junit/runner/notification/RunNotifier;)V+2
j  org.junit.runners.ParentRunner$2.evaluate()V+8
j  org.junit.runners.ParentRunner.run(Lorg/junit/runner/notification/RunNotifier;)V+20
j  org.junit.runner.JUnitCore.run(Lorg/junit/runner/Runner;)Lorg/junit/runner/Result;+37
j  com.intellij.junit4.JUnit4IdeaTestRunner.startRunnerWithArgs([Ljava/lang/String;Ljava/lang/String;IZ)I+146
j  com.intellij.rt.execution.junit.IdeaTestRunner$Repeater.startRunnerWithArgs(Lcom/intellij/rt/execution/junit/IdeaTestRunner;[Ljava/lang/String;Ljava/util/ArrayList;Ljava/lang/String;IZ)I+20
j  com.intellij.rt.execution.junit.JUnitStarter.prepareStreamsAndStart([Ljava/lang/String;Ljava/lang/String;Ljava/util/ArrayList;Ljava/lang/String;)I+116
j  com.intellij.rt.execution.junit.JUnitStarter.main([Ljava/lang/String;)V+116
v  ~StubRoutines::call_stub

---------------  P R O C E S S  ---------------

Java Threads: ( => current thread )
  0x00007f9b71995800 JavaThread "JavaCPP Deallocator" daemon [_thread_blocked, id=17155, stack(0x0000700007213000,0x0000700007313000)]
  0x00007f9b712f1800 JavaThread "Workspace deallocator thread" daemon [_thread_blocked, id=15875, stack(0x0000700007110000,0x0000700007210000)]
  0x00007f9b72830800 JavaThread "Service Thread" daemon [_thread_blocked, id=17667, stack(0x0000700006f0a000,0x000070000700a000)]
  0x00007f9b72830000 JavaThread "C1 CompilerThread2" daemon [_thread_blocked, id=14851, stack(0x0000700006e07000,0x0000700006f07000)]
  0x00007f9b72828000 JavaThread "C2 CompilerThread1" daemon [_thread_blocked, id=18179, stack(0x0000700006d04000,0x0000700006e04000)]
  0x00007f9b7180d800 JavaThread "C2 CompilerThread0" daemon [_thread_blocked, id=18435, stack(0x0000700006c01000,0x0000700006d01000)]
  0x00007f9b7205e800 JavaThread "Monitor Ctrl-Break" daemon [_thread_in_native, id=13827, stack(0x0000700006afe000,0x0000700006bfe000)]
  0x00007f9b72048800 JavaThread "Signal Dispatcher" daemon [_thread_blocked, id=13579, stack(0x00007000069fb000,0x0000700006afb000)]
  0x00007f9b72824000 JavaThread "Finalizer" daemon [_thread_blocked, id=20483, stack(0x0000700006875000,0x0000700006975000)]
  0x00007f9b72053800 JavaThread "Reference Handler" daemon [_thread_blocked, id=20739, stack(0x0000700006772000,0x0000700006872000)]
=>0x00007f9b72015000 JavaThread "main" [_thread_in_native, id=9731, stack(0x0000700006160000,0x0000700006260000)]

Other Threads:
  0x00007f9b72053000 VMThread [stack: 0x000070000666f000,0x000070000676f000] [id=11267]
  0x00007f9b71009800 WatcherThread [stack: 0x000070000700d000,0x000070000710d000] [id=15363]

VM state:not at safepoint (normal execution)

VM Mutex/Monitor currently owned by a thread: None

Heap:
 PSYoungGen      total 141824K, used 108500K [0x000000076ab00000, 0x000000077cd00000, 0x00000007c0000000)
  eden space 131072K, 82% used [0x000000076ab00000,0x00000007714f51e0,0x0000000772b00000)
  from space 10752K, 0% used [0x0000000772b00000,0x0000000772b00000,0x0000000773580000)
  to   space 17408K, 0% used [0x000000077bc00000,0x000000077bc00000,0x000000077cd00000)
 ParOldGen       total 102912K, used 15155K [0x00000006c0000000, 0x00000006c6480000, 0x000000076ab00000)
  object space 102912K, 14% used [0x00000006c0000000,0x00000006c0eccd98,0x00000006c6480000)
 Metaspace       used 27184K, capacity 27470K, committed 27568K, reserved 1073152K
  class space    used 3409K, capacity 3492K, committed 3504K, reserved 1048576K

Card table byte_map: [0x000000010640c000,0x0000000106c0d000] byte_map_base: 0x0000000102e0c000

Marking Bits: (ParMarkBitMap*) 0x00000001058f35d0
 Begin Bits: [0x0000000116d0c000, 0x000000011ad0c000)
 End Bits:   [0x000000011ad0c000, 0x000000011ed0c000)

Polling page: 0x00000001047f8000

CodeCache: size=245760Kb used=7148Kb max_used=7193Kb free=238611Kb
 bounds [0x0000000107d0c000, 0x000000010841c000, 0x0000000116d0c000]
 total_blobs=2851 nmethods=1837 adapters=927
 compilation: enabled

Compilation events (10 events):
Event: 4.003 Thread 0x00007f9b72830000 1844       3       java.net.URI$Parser::scan (73 bytes)
Event: 4.004 Thread 0x00007f9b72830000 nmethod 1844 0x00000001083e50d0 code [0x00000001083e52a0, 0x00000001083e5988]
Event: 4.022 Thread 0x00007f9b7180d800 nmethod 1836 0x00000001083f18d0 code [0x00000001083f1ac0, 0x00000001083f2b98]
Event: 4.022 Thread 0x00007f9b7180d800 1845   !   4       java.lang.StringCoding$StringEncoder::encode (179 bytes)
Event: 4.026 Thread 0x00007f9b7180d800 nmethod 1845 0x00000001083ee090 code [0x00000001083ee200, 0x00000001083ee628]
Event: 4.026 Thread 0x00007f9b7180d800 1842       4       sun.nio.fs.UnixPath::checkNotNul (16 bytes)
Event: 4.026 Thread 0x00007f9b7180d800 nmethod 1842 0x00000001083da650 code [0x00000001083da7a0, 0x00000001083da7f8]
Event: 4.026 Thread 0x00007f9b7180d800 1843       4       java.util.Arrays::asList (9 bytes)
Event: 4.026 Thread 0x00007f9b7180d800 nmethod 1843 0x00000001083edd50 code [0x00000001083edea0, 0x00000001083edf98]
Event: 4.491 Thread 0x00007f9b72828000 nmethod 1778 0x00000001083fe650 code [0x00000001083ff0c0, 0x0000000108409680]

GC Heap History (10 events):
Event: 2.273 GC heap before
{Heap before GC invocations=2 (full 0):
 PSYoungGen      total 76288K, used 71878K [0x000000076ab00000, 0x0000000770000000, 0x00000007c0000000)
  eden space 65536K, 100% used [0x000000076ab00000,0x000000076eb00000,0x000000076eb00000)
  from space 10752K, 58% used [0x000000076eb00000,0x000000076f1319f0,0x000000076f580000)
  to   space 10752K, 0% used [0x000000076f580000,0x000000076f580000,0x0000000770000000)
 ParOldGen       total 175104K, used 8K [0x00000006c0000000, 0x00000006cab00000, 0x000000076ab00000)
  object space 175104K, 0% used [0x00000006c0000000,0x00000006c0002000,0x00000006cab00000)
 Metaspace       used 16374K, capacity 16521K, committed 16768K, reserved 1064960K
  class space    used 2067K, capacity 2128K, committed 2176K, reserved 1048576K
Event: 2.279 GC heap after
Heap after GC invocations=2 (full 0):
 PSYoungGen      total 76288K, used 6410K [0x000000076ab00000, 0x0000000770000000, 0x00000007c0000000)
  eden space 65536K, 0% used [0x000000076ab00000,0x000000076ab00000,0x000000076eb00000)
  from space 10752K, 59% used [0x000000076f580000,0x000000076fbc2ac8,0x0000000770000000)
  to   space 10752K, 0% used [0x000000076eb00000,0x000000076eb00000,0x000000076f580000)
 ParOldGen       total 175104K, used 16K [0x00000006c0000000, 0x00000006cab00000, 0x000000076ab00000)
  object space 175104K, 0% used [0x00000006c0000000,0x00000006c0004000,0x00000006cab00000)
 Metaspace       used 16374K, capacity 16521K, committed 16768K, reserved 1064960K
  class space    used 2067K, capacity 2128K, committed 2176K, reserved 1048576K
}
Event: 2.501 GC heap before
{Heap before GC invocations=3 (full 0):
 PSYoungGen      total 76288K, used 71946K [0x000000076ab00000, 0x0000000770000000, 0x00000007c0000000)
  eden space 65536K, 100% used [0x000000076ab00000,0x000000076eb00000,0x000000076eb00000)
  from space 10752K, 59% used [0x000000076f580000,0x000000076fbc2ac8,0x0000000770000000)
  to   space 10752K, 0% used [0x000000076eb00000,0x000000076eb00000,0x000000076f580000)
 ParOldGen       total 175104K, used 16K [0x00000006c0000000, 0x00000006cab00000, 0x000000076ab00000)
  object space 175104K, 0% used [0x00000006c0000000,0x00000006c0004000,0x00000006cab00000)
 Metaspace       used 16382K, capacity 16521K, committed 16768K, reserved 1064960K
  class space    used 2068K, capacity 2128K, committed 2176K, reserved 1048576K
Event: 2.508 GC heap after
Heap after GC invocations=3 (full 0):
 PSYoungGen      total 76288K, used 10727K [0x000000076ab00000, 0x0000000774000000, 0x00000007c0000000)
  eden space 65536K, 0% used [0x000000076ab00000,0x000000076ab00000,0x000000076eb00000)
  from space 10752K, 99% used [0x000000076eb00000,0x000000076f579c20,0x000000076f580000)
  to   space 10752K, 0% used [0x0000000773580000,0x0000000773580000,0x0000000774000000)
 ParOldGen       total 175104K, used 654K [0x00000006c0000000, 0x00000006cab00000, 0x000000076ab00000)
  object space 175104K, 0% used [0x00000006c0000000,0x00000006c00a3820,0x00000006cab00000)
 Metaspace       used 16382K, capacity 16521K, committed 16768K, reserved 1064960K
  class space    used 2068K, capacity 2128K, committed 2176K, reserved 1048576K
}
Event: 2.959 GC heap before
{Heap before GC invocations=4 (full 0):
 PSYoungGen      total 76288K, used 76263K [0x000000076ab00000, 0x0000000774000000, 0x00000007c0000000)
  eden space 65536K, 100% used [0x000000076ab00000,0x000000076eb00000,0x000000076eb00000)
  from space 10752K, 99% used [0x000000076eb00000,0x000000076f579c20,0x000000076f580000)
  to   space 10752K, 0% used [0x0000000773580000,0x0000000773580000,0x0000000774000000)
 ParOldGen       total 175104K, used 654K [0x00000006c0000000, 0x00000006cab00000, 0x000000076ab00000)
  object space 175104K, 0% used [0x00000006c0000000,0x00000006c00a3820,0x00000006cab00000)
 Metaspace       used 19259K, capacity 19401K, committed 19584K, reserved 1067008K
  class space    used 2335K, capacity 2384K, committed 2432K, reserved 1048576K
Event: 2.969 GC heap after
Heap after GC invocations=4 (full 0):
 PSYoungGen      total 141824K, used 10742K [0x000000076ab00000, 0x0000000774000000, 0x00000007c0000000)
  eden space 131072K, 0% used [0x000000076ab00000,0x000000076ab00000,0x0000000772b00000)
  from space 10752K, 99% used [0x0000000773580000,0x0000000773ffd8e0,0x0000000774000000)
  to   space 10752K, 0% used [0x0000000772b00000,0x0000000772b00000,0x0000000773580000)
 ParOldGen       total 175104K, used 1428K [0x00000006c0000000, 0x00000006cab00000, 0x000000076ab00000)
  object space 175104K, 0% used [0x00000006c0000000,0x00000006c01653d0,0x00000006cab00000)
 Metaspace       used 19259K, capacity 19401K, committed 19584K, reserved 1067008K
  class space    used 2335K, capacity 2384K, committed 2432K, reserved 1048576K
}
Event: 3.272 GC heap before
{Heap before GC invocations=5 (full 0):
 PSYoungGen      total 141824K, used 107817K [0x000000076ab00000, 0x0000000774000000, 0x00000007c0000000)
  eden space 131072K, 74% used [0x000000076ab00000,0x00000007709ccce0,0x0000000772b00000)
  from space 10752K, 99% used [0x0000000773580000,0x0000000773ffd8e0,0x0000000774000000)
  to   space 10752K, 0% used [0x0000000772b00000,0x0000000772b00000,0x0000000773580000)
 ParOldGen       total 175104K, used 1428K [0x00000006c0000000, 0x00000006cab00000, 0x000000076ab00000)
  object space 175104K, 0% used [0x00000006c0000000,0x00000006c01653d0,0x00000006cab00000)
 Metaspace       used 21061K, capacity 21225K, committed 21296K, reserved 1067008K
  class space    used 2819K, capacity 2864K, committed 2864K, reserved 1048576K
Event: 3.284 GC heap after
Heap after GC invocations=5 (full 0):
 PSYoungGen      total 141824K, used 10735K [0x000000076ab00000, 0x000000077cd00000, 0x00000007c0000000)
  eden space 131072K, 0% used [0x000000076ab00000,0x000000076ab00000,0x0000000772b00000)
  from space 10752K, 99% used [0x0000000772b00000,0x000000077357bd48,0x0000000773580000)
  to   space 17408K, 0% used [0x000000077bc00000,0x000000077bc00000,0x000000077cd00000)
 ParOldGen       total 175104K, used 6738K [0x00000006c0000000, 0x00000006cab00000, 0x000000076ab00000)
  object space 175104K, 3% used [0x00000006c0000000,0x00000006c0694b00,0x00000006cab00000)
 Metaspace       used 21061K, capacity 21225K, committed 21296K, reserved 1067008K
  class space    used 2819K, capacity 2864K, committed 2864K, reserved 1048576K
}
Event: 3.284 GC heap before
{Heap before GC invocations=6 (full 1):
 PSYoungGen      total 141824K, used 10735K [0x000000076ab00000, 0x000000077cd00000, 0x00000007c0000000)
  eden space 131072K, 0% used [0x000000076ab00000,0x000000076ab00000,0x0000000772b00000)
  from space 10752K, 99% used [0x0000000772b00000,0x000000077357bd48,0x0000000773580000)
  to   space 17408K, 0% used [0x000000077bc00000,0x000000077bc00000,0x000000077cd00000)
 ParOldGen       total 175104K, used 6738K [0x00000006c0000000, 0x00000006cab00000, 0x000000076ab00000)
  object space 175104K, 3% used [0x00000006c0000000,0x00000006c0694b00,0x00000006cab00000)
 Metaspace       used 21061K, capacity 21225K, committed 21296K, reserved 1067008K
  class space    used 2819K, capacity 2864K, committed 2864K, reserved 1048576K
Event: 3.310 GC heap after
Heap after GC invocations=6 (full 1):
 PSYoungGen      total 141824K, used 0K [0x000000076ab00000, 0x000000077cd00000, 0x00000007c0000000)
  eden space 131072K, 0% used [0x000000076ab00000,0x000000076ab00000,0x0000000772b00000)
  from space 10752K, 0% used [0x0000000772b00000,0x0000000772b00000,0x0000000773580000)
  to   space 17408K, 0% used [0x000000077bc00000,0x000000077bc00000,0x000000077cd00000)
 ParOldGen       total 102912K, used 15155K [0x00000006c0000000, 0x00000006c6480000, 0x000000076ab00000)
  object space 102912K, 14% used [0x00000006c0000000,0x00000006c0eccd98,0x00000006c6480000)
 Metaspace       used 21061K, capacity 21225K, committed 21296K, reserved 1067008K
  class space    used 2819K, capacity 2864K, committed 2864K, reserved 1048576K
}

Deoptimization events (10 events):
Event: 3.615 Thread 0x00007f9b72015000 Uncommon trap: reason=bimorphic action=maybe_recompile pc=0x00000001082d50ac method=java.util.regex.Pattern$Branch.match(Ljava/util/regex/Matcher;ILjava/lang/CharSequence;)Z @ 32
Event: 3.615 Thread 0x00007f9b72015000 Uncommon trap: reason=unstable_if action=reinterpret pc=0x00000001081d83b8 method=java.util.regex.Pattern$BmpCharProperty.match(Ljava/util/regex/Matcher;ILjava/lang/CharSequence;)Z @ 5
Event: 3.616 Thread 0x00007f9b72015000 Uncommon trap: reason=bimorphic action=maybe_recompile pc=0x00000001082d50ac method=java.util.regex.Pattern$Branch.match(Ljava/util/regex/Matcher;ILjava/lang/CharSequence;)Z @ 32
Event: 3.757 Thread 0x00007f9b72015000 Uncommon trap: reason=unstable_if action=reinterpret pc=0x00000001083427e4 method=com.github.os72.protobuf351.TextFormat$Tokenizer.nextToken()V @ 103
Event: 3.803 Thread 0x00007f9b72015000 Uncommon trap: reason=unstable_if action=reinterpret pc=0x0000000108370b68 method=java.lang.reflect.Method.invoke(Ljava/lang/Object;[Ljava/lang/Object;)Ljava/lang/Object; @ 4
Event: 3.818 Thread 0x00007f9b72015000 Uncommon trap: reason=class_check action=maybe_recompile pc=0x00000001080bf71c method=java.io.DataInputStream.readInt()I @ 4
Event: 3.818 Thread 0x00007f9b72015000 Uncommon trap: reason=class_check action=maybe_recompile pc=0x00000001080bf71c method=java.io.DataInputStream.readInt()I @ 4
Event: 3.949 Thread 0x00007f9b72015000 Uncommon trap: reason=unstable_if action=reinterpret pc=0x00000001081df4b0 method=java.io.BufferedInputStream.fill()V @ 219
Event: 3.951 Thread 0x00007f9b72015000 Uncommon trap: reason=range_check action=make_not_entrant pc=0x00000001083bc288 method=sun.reflect.generics.parser.SignatureParser.current()C @ 34
Event: 3.957 Thread 0x00007f9b72015000 Uncommon trap: reason=class_check action=maybe_recompile pc=0x0000000108076c84 method=java.util.concurrent.ConcurrentHashMap.putVal(Ljava/lang/Object;Ljava/lang/Object;Z)Ljava/lang/Object; @ 192

Internal exceptions (10 events):
Event: 3.460 Thread 0x00007f9b72015000 Implicit null exception at 0x0000000108202cf1 to 0x0000000108202fe9
Event: 3.474 Thread 0x00007f9b72015000 Implicit null exception at 0x00000001081df883 to 0x00000001081dfa41
Event: 3.937 Thread 0x00007f9b72015000 Exception <a 'java/lang/ArrayIndexOutOfBoundsException'> (0x000000077095ca48) thrown at [/Users/java_re/workspace/8-2-build-macosx-x86_64/jdk8u151/9699/hotspot/src/share/vm/runtime/sharedRuntime.cpp, line 605]
Event: 3.938 Thread 0x00007f9b72015000 Exception <a 'java/lang/ArrayIndexOutOfBoundsException'> (0x000000077095eb40) thrown at [/Users/java_re/workspace/8-2-build-macosx-x86_64/jdk8u151/9699/hotspot/src/share/vm/runtime/sharedRuntime.cpp, line 605]
Event: 3.938 Thread 0x00007f9b72015000 Exception <a 'java/lang/ArrayIndexOutOfBoundsException'> (0x0000000770963460) thrown at [/Users/java_re/workspace/8-2-build-macosx-x86_64/jdk8u151/9699/hotspot/src/share/vm/runtime/sharedRuntime.cpp, line 605]
Event: 3.938 Thread 0x00007f9b72015000 Exception <a 'java/lang/ArrayIndexOutOfBoundsException'> (0x0000000770964e38) thrown at [/Users/java_re/workspace/8-2-build-macosx-x86_64/jdk8u151/9699/hotspot/src/share/vm/runtime/sharedRuntime.cpp, line 605]
Event: 3.939 Thread 0x00007f9b72015000 Exception <a 'java/lang/ArrayIndexOutOfBoundsException'> (0x0000000770971198) thrown at [/Users/java_re/workspace/8-2-build-macosx-x86_64/jdk8u151/9699/hotspot/src/share/vm/runtime/sharedRuntime.cpp, line 605]
Event: 3.951 Thread 0x00007f9b72015000 Exception <a 'java/lang/ArrayIndexOutOfBoundsException': 31> (0x0000000770acbb40) thrown at [/Users/java_re/workspace/8-2-build-macosx-x86_64/jdk8u151/9699/hotspot/src/share/vm/interpreter/interpreterRuntime.cpp, line 366]
Event: 3.953 Thread 0x00007f9b72015000 Exception <a 'java/lang/ArrayIndexOutOfBoundsException': 73> (0x0000000770adc808) thrown at [/Users/java_re/workspace/8-2-build-macosx-x86_64/jdk8u151/9699/hotspot/src/share/vm/interpreter/interpreterRuntime.cpp, line 366]
Event: 3.954 Thread 0x00007f9b72015000 Exception <a 'java/lang/ArrayIndexOutOfBoundsException': 73> (0x0000000770ae7cd8) thrown at [/Users/java_re/workspace/8-2-build-macosx-x86_64/jdk8u151/9699/hotspot/src/share/vm/interpreter/interpreterRuntime.cpp, line 366]

Events (10 events):
Event: 3.980 loading class com/google/common/primitives/Doubles$DoubleArrayAsList
Event: 3.980 loading class com/google/common/primitives/Doubles$DoubleArrayAsList done
Event: 3.983 loading class org/bytedeco/javacpp/annotation/Namespace
Event: 3.983 loading class org/bytedeco/javacpp/annotation/Namespace done
Event: 3.984 loading class org/bytedeco/javacpp/annotation/NoOffset
Event: 3.984 loading class org/bytedeco/javacpp/annotation/NoOffset done
Event: 4.007 loading class org/nd4j/linalg/api/memory/pointers/ImmortalFloatPointer
Event: 4.007 loading class org/nd4j/linalg/api/memory/pointers/ImmortalFloatPointer done
Event: 4.211 Executing VM operation: EnableBiasedLocking
Event: 4.211 Executing VM operation: EnableBiasedLocking done


Dynamic libraries:
0x0000000022e73000 	/System/Library/Frameworks/Cocoa.framework/Versions/A/Cocoa
0x0000000022e73000 	/System/Library/Frameworks/Security.framework/Versions/A/Security
0x0000000022e73000 	/System/Library/Frameworks/ApplicationServices.framework/Versions/A/ApplicationServices
0x0000000022e73000 	/usr/lib/libz.1.dylib
0x0000000022e73000 	/usr/lib/libSystem.B.dylib
0x0000000022e73000 	/usr/lib/libobjc.A.dylib
0x0000000022e73000 	/System/Library/Frameworks/CoreFoundation.framework/Versions/A/CoreFoundation
0x0000000022e73000 	/System/Library/Frameworks/Foundation.framework/Versions/C/Foundation
0x0000000022e73000 	/System/Library/Frameworks/AppKit.framework/Versions/C/AppKit
0x0000000022e73000 	/System/Library/Frameworks/CoreData.framework/Versions/A/CoreData
0x0000000022e73000 	/System/Library/PrivateFrameworks/RemoteViewServices.framework/Versions/A/RemoteViewServices
0x0000000022e73000 	/System/Library/PrivateFrameworks/UIFoundation.framework/Versions/A/UIFoundation
0x0000000022e73000 	/System/Library/PrivateFrameworks/DFRFoundation.framework/Versions/A/DFRFoundation
0x0000000022e73000 	/System/Library/Frameworks/Metal.framework/Versions/A/Metal
0x0000000022e73000 	/System/Library/PrivateFrameworks/DesktopServicesPriv.framework/Versions/A/DesktopServicesPriv
0x0000000022e73000 	/usr/lib/libenergytrace.dylib
0x0000000022e73000 	/System/Library/PrivateFrameworks/SkyLight.framework/Versions/A/SkyLight
0x0000000022e73000 	/System/Library/Frameworks/CoreGraphics.framework/Versions/A/CoreGraphics
0x0000000022e73000 	/usr/lib/libScreenReader.dylib
0x0000000022e73000 	/System/Library/Frameworks/Accelerate.framework/Versions/A/Accelerate
0x0000000022e73000 	/System/Library/Frameworks/IOSurface.framework/Versions/A/IOSurface
0x0000000022e73000 	/System/Library/Frameworks/AudioToolbox.framework/Versions/A/AudioToolbox
0x0000000022e73000 	/System/Library/Frameworks/AudioUnit.framework/Versions/A/AudioUnit
0x0000000022e73000 	/System/Library/PrivateFrameworks/DataDetectorsCore.framework/Versions/A/DataDetectorsCore
0x0000000022e73000 	/System/Library/Frameworks/Carbon.framework/Versions/A/Frameworks/HIToolbox.framework/Versions/A/HIToolbox
0x0000000022e73000 	/usr/lib/libicucore.A.dylib
0x0000000022e73000 	/System/Library/Frameworks/QuartzCore.framework/Versions/A/QuartzCore
0x0000000022e73000 	/System/Library/Frameworks/Carbon.framework/Versions/A/Frameworks/SpeechRecognition.framework/Versions/A/SpeechRecognition
0x0000000022e73000 	/usr/lib/libauto.dylib
0x0000000022e73000 	/usr/lib/libxml2.2.dylib
0x0000000022e73000 	/System/Library/PrivateFrameworks/CoreUI.framework/Versions/A/CoreUI
0x0000000022e73000 	/System/Library/Frameworks/CoreAudio.framework/Versions/A/CoreAudio
0x0000000022e73000 	/System/Library/Frameworks/DiskArbitration.framework/Versions/A/DiskArbitration
0x0000000022e73000 	/usr/lib/liblangid.dylib
0x0000000022e73000 	/System/Library/PrivateFrameworks/MultitouchSupport.framework/Versions/A/MultitouchSupport
0x0000000022e73000 	/System/Library/Frameworks/IOKit.framework/Versions/A/IOKit
0x0000000022e73000 	/usr/lib/libDiagnosticMessagesClient.dylib
0x0000000022e73000 	/System/Library/Frameworks/CoreServices.framework/Versions/A/CoreServices
0x0000000022e73000 	/System/Library/PrivateFrameworks/PerformanceAnalysis.framework/Versions/A/PerformanceAnalysis
0x0000000022e73000 	/System/Library/Frameworks/OpenGL.framework/Versions/A/OpenGL
0x0000000022e73000 	/System/Library/Frameworks/ColorSync.framework/Versions/A/ColorSync
0x0000000022e73000 	/System/Library/Frameworks/CoreImage.framework/Versions/A/CoreImage
0x0000000022e73000 	/System/Library/Frameworks/CoreText.framework/Versions/A/CoreText
0x0000000022e73000 	/System/Library/Frameworks/ImageIO.framework/Versions/A/ImageIO
0x0000000022e73000 	/System/Library/PrivateFrameworks/Backup.framework/Versions/A/Backup
0x0000000022e73000 	/usr/lib/libarchive.2.dylib
0x0000000022e73000 	/System/Library/Frameworks/CFNetwork.framework/Versions/A/CFNetwork
0x0000000022e73000 	/System/Library/Frameworks/SystemConfiguration.framework/Versions/A/SystemConfiguration
0x0000000022e73000 	/usr/lib/libCRFSuite.dylib
0x0000000022e73000 	/usr/lib/libc++.1.dylib
0x0000000022e73000 	/usr/lib/libc++abi.dylib
0x0000000022e73000 	/usr/lib/system/libcache.dylib
0x0000000022e73000 	/usr/lib/system/libcommonCrypto.dylib
0x0000000022e73000 	/usr/lib/system/libcompiler_rt.dylib
0x0000000022e73000 	/usr/lib/system/libcopyfile.dylib
0x0000000022e73000 	/usr/lib/system/libcorecrypto.dylib
0x0000000022e73000 	/usr/lib/system/libdispatch.dylib
0x0000000022e73000 	/usr/lib/system/libdyld.dylib
0x0000000022e73000 	/usr/lib/system/libkeymgr.dylib
0x0000000022e73000 	/usr/lib/system/liblaunch.dylib
0x0000000022e73000 	/usr/lib/system/libmacho.dylib
0x0000000022e73000 	/usr/lib/system/libquarantine.dylib
0x0000000022e73000 	/usr/lib/system/libremovefile.dylib
0x0000000022e73000 	/usr/lib/system/libsystem_asl.dylib
0x0000000022e73000 	/usr/lib/system/libsystem_blocks.dylib
0x0000000022e73000 	/usr/lib/system/libsystem_c.dylib
0x0000000022e73000 	/usr/lib/system/libsystem_configuration.dylib
0x0000000022e73000 	/usr/lib/system/libsystem_coreservices.dylib
0x0000000022e73000 	/usr/lib/system/libsystem_darwin.dylib
0x0000000022e73000 	/usr/lib/system/libsystem_dnssd.dylib
0x0000000022e73000 	/usr/lib/system/libsystem_info.dylib
0x0000000022e73000 	/usr/lib/system/libsystem_m.dylib
0x0000000022e73000 	/usr/lib/system/libsystem_malloc.dylib
0x0000000022e73000 	/usr/lib/system/libsystem_network.dylib
0x0000000022e73000 	/usr/lib/system/libsystem_networkextension.dylib
0x0000000022e73000 	/usr/lib/system/libsystem_notify.dylib
0x0000000022e73000 	/usr/lib/system/libsystem_sandbox.dylib
0x0000000022e73000 	/usr/lib/system/libsystem_secinit.dylib
0x0000000022e73000 	/usr/lib/system/libsystem_kernel.dylib
0x0000000022e73000 	/usr/lib/system/libsystem_platform.dylib
0x0000000022e73000 	/usr/lib/system/libsystem_pthread.dylib
0x0000000022e73000 	/usr/lib/system/libsystem_symptoms.dylib
0x0000000022e73000 	/usr/lib/system/libsystem_trace.dylib
0x0000000022e73000 	/usr/lib/system/libunwind.dylib
0x0000000022e73000 	/usr/lib/system/libxpc.dylib
0x0000000022e73000 	/usr/lib/closure/libclosured.dylib
0x0000000022e73000 	/usr/lib/libbsm.0.dylib
0x0000000022e73000 	/usr/lib/system/libkxld.dylib
0x0000000022e73000 	/usr/lib/libOpenScriptingUtil.dylib
0x0000000022e73000 	/usr/lib/libcoretls.dylib
0x0000000022e73000 	/usr/lib/libcoretls_cfhelpers.dylib
0x0000000022e73000 	/usr/lib/libpam.2.dylib
0x0000000022e73000 	/usr/lib/libsqlite3.dylib
0x0000000022e73000 	/usr/lib/libxar.1.dylib
0x0000000022e73000 	/usr/lib/libbz2.1.0.dylib
0x0000000022e73000 	/usr/lib/liblzma.5.dylib
0x0000000022e73000 	/usr/lib/libnetwork.dylib
0x0000000022e73000 	/usr/lib/libapple_nghttp2.dylib
0x0000000022e73000 	/usr/lib/libpcap.A.dylib
0x0000000022e73000 	/usr/lib/libboringssl.dylib
0x0000000022e73000 	/usr/lib/libusrtcp.dylib
0x0000000022e73000 	/usr/lib/libapple_crypto.dylib
0x0000000022e73000 	/System/Library/Frameworks/CoreServices.framework/Versions/A/Frameworks/FSEvents.framework/Versions/A/FSEvents
0x0000000022e73000 	/System/Library/Frameworks/CoreServices.framework/Versions/A/Frameworks/CarbonCore.framework/Versions/A/CarbonCore
0x0000000022e73000 	/System/Library/Frameworks/CoreServices.framework/Versions/A/Frameworks/Metadata.framework/Versions/A/Metadata
0x0000000022e73000 	/System/Library/Frameworks/CoreServices.framework/Versions/A/Frameworks/OSServices.framework/Versions/A/OSServices
0x0000000022e73000 	/System/Library/Frameworks/CoreServices.framework/Versions/A/Frameworks/SearchKit.framework/Versions/A/SearchKit
0x0000000022e73000 	/System/Library/Frameworks/CoreServices.framework/Versions/A/Frameworks/AE.framework/Versions/A/AE
0x0000000022e73000 	/System/Library/Frameworks/CoreServices.framework/Versions/A/Frameworks/LaunchServices.framework/Versions/A/LaunchServices
0x0000000022e73000 	/System/Library/Frameworks/CoreServices.framework/Versions/A/Frameworks/DictionaryServices.framework/Versions/A/DictionaryServices
0x0000000022e73000 	/System/Library/Frameworks/CoreServices.framework/Versions/A/Frameworks/SharedFileList.framework/Versions/A/SharedFileList
0x0000000022e73000 	/System/Library/Frameworks/NetFS.framework/Versions/A/NetFS
0x0000000022e73000 	/System/Library/PrivateFrameworks/NetAuth.framework/Versions/A/NetAuth
0x0000000022e73000 	/System/Library/PrivateFrameworks/login.framework/Versions/A/Frameworks/loginsupport.framework/Versions/A/loginsupport
0x0000000022e73000 	/System/Library/PrivateFrameworks/TCC.framework/Versions/A/TCC
0x0000000022e73000 	/usr/lib/libmecabra.dylib
0x0000000022e73000 	/System/Library/Frameworks/ApplicationServices.framework/Versions/A/Frameworks/ATS.framework/Versions/A/ATS
0x0000000022e73000 	/System/Library/Frameworks/ApplicationServices.framework/Versions/A/Frameworks/ColorSyncLegacy.framework/Versions/A/ColorSyncLegacy
0x0000000022e73000 	/System/Library/Frameworks/ApplicationServices.framework/Versions/A/Frameworks/HIServices.framework/Versions/A/HIServices
0x0000000022e73000 	/System/Library/Frameworks/ApplicationServices.framework/Versions/A/Frameworks/LangAnalysis.framework/Versions/A/LangAnalysis
0x0000000022e73000 	/System/Library/Frameworks/ApplicationServices.framework/Versions/A/Frameworks/PrintCore.framework/Versions/A/PrintCore
0x0000000022e73000 	/System/Library/Frameworks/ApplicationServices.framework/Versions/A/Frameworks/QD.framework/Versions/A/QD
0x0000000022e73000 	/System/Library/Frameworks/ApplicationServices.framework/Versions/A/Frameworks/SpeechSynthesis.framework/Versions/A/SpeechSynthesis
0x0000000022e73000 	/System/Library/Frameworks/CoreDisplay.framework/Versions/A/CoreDisplay
0x0000000022e73000 	/System/Library/Frameworks/Accelerate.framework/Versions/A/Frameworks/vImage.framework/Versions/A/vImage
0x0000000022e73000 	/System/Library/Frameworks/Accelerate.framework/Versions/A/Frameworks/vecLib.framework/Versions/A/vecLib
0x0000000022e73000 	/System/Library/Frameworks/Accelerate.framework/Versions/A/Frameworks/vecLib.framework/Versions/A/libvDSP.dylib
0x0000000022e73000 	/System/Library/Frameworks/Accelerate.framework/Versions/A/Frameworks/vecLib.framework/Versions/A/libBNNS.dylib
0x0000000022e73000 	/System/Library/Frameworks/Accelerate.framework/Versions/A/Frameworks/vecLib.framework/Versions/A/libQuadrature.dylib
0x0000000022e73000 	/System/Library/Frameworks/Accelerate.framework/Versions/A/Frameworks/vecLib.framework/Versions/A/libvMisc.dylib
0x0000000022e73000 	/System/Library/Frameworks/Accelerate.framework/Versions/A/Frameworks/vecLib.framework/Versions/A/libLAPACK.dylib
0x0000000022e73000 	/System/Library/Frameworks/Accelerate.framework/Versions/A/Frameworks/vecLib.framework/Versions/A/libBLAS.dylib
0x0000000022e73000 	/System/Library/Frameworks/Accelerate.framework/Versions/A/Frameworks/vecLib.framework/Versions/A/libLinearAlgebra.dylib
0x0000000022e73000 	/System/Library/Frameworks/Accelerate.framework/Versions/A/Frameworks/vecLib.framework/Versions/A/libSparse.dylib
0x0000000022e73000 	/System/Library/Frameworks/Accelerate.framework/Versions/A/Frameworks/vecLib.framework/Versions/A/libSparseBLAS.dylib
0x0000000022e73000 	/System/Library/PrivateFrameworks/IOAccelerator.framework/Versions/A/IOAccelerator
0x0000000022e73000 	/System/Library/PrivateFrameworks/IOPresentment.framework/Versions/A/IOPresentment
0x0000000022e73000 	/System/Library/PrivateFrameworks/DSExternalDisplay.framework/Versions/A/DSExternalDisplay
0x0000000022e73000 	/System/Library/Frameworks/OpenGL.framework/Versions/A/Libraries/libCoreFSCache.dylib
0x0000000022e73000 	/System/Library/Frameworks/CoreVideo.framework/Versions/A/CoreVideo
0x0000000022e73000 	/System/Library/PrivateFrameworks/GraphVisualizer.framework/Versions/A/GraphVisualizer
0x0000000022e73000 	/System/Library/Frameworks/MetalPerformanceShaders.framework/Versions/A/MetalPerformanceShaders
0x0000000022e73000 	/usr/lib/libFosl_dynamic.dylib
0x0000000022e73000 	/System/Library/PrivateFrameworks/FaceCore.framework/Versions/A/FaceCore
0x0000000022e73000 	/System/Library/Frameworks/OpenCL.framework/Versions/A/OpenCL
0x0000000022e73000 	/usr/lib/libcompression.dylib
0x0000000022e73000 	/System/Library/Frameworks/ApplicationServices.framework/Versions/A/Frameworks/ATS.framework/Versions/A/Resources/libFontParser.dylib
0x0000000022e73000 	/System/Library/Frameworks/ApplicationServices.framework/Versions/A/Frameworks/ATS.framework/Versions/A/Resources/libFontRegistry.dylib
0x0000000022e73000 	/System/Library/Frameworks/ImageIO.framework/Versions/A/Resources/libJPEG.dylib
0x0000000022e73000 	/System/Library/Frameworks/ImageIO.framework/Versions/A/Resources/libTIFF.dylib
0x0000000022e73000 	/System/Library/Frameworks/ImageIO.framework/Versions/A/Resources/libPng.dylib
0x0000000022e73000 	/System/Library/Frameworks/ImageIO.framework/Versions/A/Resources/libGIF.dylib
0x0000000022e73000 	/System/Library/Frameworks/ImageIO.framework/Versions/A/Resources/libJP2.dylib
0x0000000022e73000 	/System/Library/Frameworks/ImageIO.framework/Versions/A/Resources/libRadiance.dylib
0x0000000022e73000 	/System/Library/PrivateFrameworks/AppleJPEG.framework/Versions/A/AppleJPEG
0x0000000022e73000 	/System/Library/PrivateFrameworks/MetalTools.framework/Versions/A/MetalTools
0x0000000022e73000 	/System/Library/Frameworks/MetalPerformanceShaders.framework/Frameworks/MPSCore.framework/Versions/A/MPSCore
0x0000000022e73000 	/System/Library/Frameworks/MetalPerformanceShaders.framework/Frameworks/MPSImage.framework/Versions/A/MPSImage
0x0000000022e73000 	/System/Library/Frameworks/MetalPerformanceShaders.framework/Frameworks/MPSMatrix.framework/Versions/A/MPSMatrix
0x0000000022e73000 	/System/Library/Frameworks/MetalPerformanceShaders.framework/Frameworks/MPSNeuralNetwork.framework/Versions/A/MPSNeuralNetwork
0x0000000022e73000 	/System/Library/Frameworks/OpenGL.framework/Versions/A/Libraries/libGLU.dylib
0x0000000022e73000 	/System/Library/Frameworks/OpenGL.framework/Versions/A/Libraries/libGFXShared.dylib
0x0000000022e73000 	/System/Library/Frameworks/OpenGL.framework/Versions/A/Libraries/libGL.dylib
0x0000000022e73000 	/System/Library/Frameworks/OpenGL.framework/Versions/A/Libraries/libGLImage.dylib
0x0000000022e73000 	/System/Library/Frameworks/OpenGL.framework/Versions/A/Libraries/libCVMSPluginSupport.dylib
0x0000000022e73000 	/System/Library/Frameworks/OpenGL.framework/Versions/A/Libraries/libCoreVMClient.dylib
0x0000000022e73000 	/usr/lib/libcups.2.dylib
0x0000000022e73000 	/System/Library/Frameworks/Kerberos.framework/Versions/A/Kerberos
0x0000000022e73000 	/System/Library/Frameworks/GSS.framework/Versions/A/GSS
0x0000000022e73000 	/usr/lib/libresolv.9.dylib
0x0000000022e73000 	/usr/lib/libiconv.2.dylib
0x0000000022e73000 	/System/Library/PrivateFrameworks/Heimdal.framework/Versions/A/Heimdal
0x0000000022e73000 	/usr/lib/libheimdal-asn1.dylib
0x0000000022e73000 	/System/Library/Frameworks/OpenDirectory.framework/Versions/A/OpenDirectory
0x0000000022e73000 	/System/Library/PrivateFrameworks/CommonAuth.framework/Versions/A/CommonAuth
0x0000000022e73000 	/System/Library/Frameworks/OpenDirectory.framework/Versions/A/Frameworks/CFOpenDirectory.framework/Versions/A/CFOpenDirectory
0x0000000022e73000 	/System/Library/Frameworks/SecurityFoundation.framework/Versions/A/SecurityFoundation
0x0000000022e73000 	/System/Library/PrivateFrameworks/APFS.framework/Versions/A/APFS
0x0000000022e73000 	/usr/lib/libutil.dylib
0x0000000022e73000 	/System/Library/PrivateFrameworks/AppleSauce.framework/Versions/A/AppleSauce
0x0000000022e73000 	/System/Library/PrivateFrameworks/LinguisticData.framework/Versions/A/LinguisticData
0x0000000022e73000 	/usr/lib/libmarisa.dylib
0x0000000022e73000 	/System/Library/PrivateFrameworks/Lexicon.framework/Versions/A/Lexicon
0x0000000022e73000 	/usr/lib/libChineseTokenizer.dylib
0x0000000022e73000 	/usr/lib/libcmph.dylib
0x0000000022e73000 	/System/Library/PrivateFrameworks/LanguageModeling.framework/Versions/A/LanguageModeling
0x0000000022e73000 	/System/Library/PrivateFrameworks/CoreEmoji.framework/Versions/A/CoreEmoji
0x0000000022e73000 	/System/Library/Frameworks/ServiceManagement.framework/Versions/A/ServiceManagement
0x0000000022e73000 	/System/Library/PrivateFrameworks/BackgroundTaskManagement.framework/Versions/A/BackgroundTaskManagement
0x0000000022e73000 	/usr/lib/libxslt.1.dylib
0x0000000022e73000 	/System/Library/Frameworks/Carbon.framework/Versions/A/Frameworks/Ink.framework/Versions/A/Ink
0x0000000022e73000 	/System/Library/PrivateFrameworks/TextureIO.framework/Versions/A/TextureIO
0x0000000022e73000 	/usr/lib/libate.dylib
0x0000000022e73000 	/System/Library/PrivateFrameworks/CrashReporterSupport.framework/Versions/A/CrashReporterSupport
0x0000000022e73000 	/System/Library/PrivateFrameworks/Sharing.framework/Versions/A/Sharing
0x0000000022e73000 	/System/Library/PrivateFrameworks/IconServices.framework/Versions/A/IconServices
0x0000000022e73000 	/System/Library/PrivateFrameworks/ProtocolBuffer.framework/Versions/A/ProtocolBuffer
0x0000000022e73000 	/System/Library/PrivateFrameworks/Apple80211.framework/Versions/A/Apple80211
0x0000000022e73000 	/System/Library/Frameworks/CoreWLAN.framework/Versions/A/CoreWLAN
0x0000000022e73000 	/System/Library/PrivateFrameworks/CoreUtils.framework/Versions/A/CoreUtils
0x0000000022e73000 	/System/Library/Frameworks/IOBluetooth.framework/Versions/A/IOBluetooth
0x0000000022e73000 	/System/Library/PrivateFrameworks/CoreWiFi.framework/Versions/A/CoreWiFi
0x0000000022e73000 	/System/Library/Frameworks/CoreBluetooth.framework/Versions/A/CoreBluetooth
0x0000000022e73000 	/System/Library/PrivateFrameworks/SignpostNotification.framework/Versions/A/SignpostNotification
0x0000000022e73000 	/System/Library/PrivateFrameworks/DebugSymbols.framework/Versions/A/DebugSymbols
0x0000000022e73000 	/System/Library/PrivateFrameworks/CoreSymbolication.framework/Versions/A/CoreSymbolication
0x0000000022e73000 	/System/Library/PrivateFrameworks/Symbolication.framework/Versions/A/Symbolication
0x0000000022e73000 	/System/Library/PrivateFrameworks/AppleFSCompression.framework/Versions/A/AppleFSCompression
0x0000000022e73000 	/System/Library/PrivateFrameworks/SpeechRecognitionCore.framework/Versions/A/SpeechRecognitionCore
0x0000000105000000 	/Library/Java/JavaVirtualMachines/jdk1.8.0_151.jdk/Contents/Home/jre/lib/server/libjvm.dylib
0x0000000022e73000 	/usr/lib/libstdc++.6.0.9.dylib
0x00000001047b5000 	/Library/Java/JavaVirtualMachines/jdk1.8.0_151.jdk/Contents/Home/jre/lib/libverify.dylib
0x00000001047c3000 	/Library/Java/JavaVirtualMachines/jdk1.8.0_151.jdk/Contents/Home/jre/lib/libjava.dylib
0x0000000105fa7000 	/Library/Java/JavaVirtualMachines/jdk1.8.0_151.jdk/Contents/Home/jre/lib/libinstrument.dylib
0x0000000106043000 	/Library/Java/JavaVirtualMachines/jdk1.8.0_151.jdk/Contents/Home/jre/lib/libzip.dylib
0x0000000022e73000 	/System/Library/Frameworks/JavaVM.framework/Versions/A/Frameworks/JavaRuntimeSupport.framework/Versions/A/JavaRuntimeSupport
0x0000000022e73000 	/System/Library/Frameworks/JavaVM.framework/Versions/A/Frameworks/JavaNativeFoundation.framework/Versions/A/JavaNativeFoundation
0x0000000022e73000 	/System/Library/Frameworks/JavaVM.framework/Versions/A/JavaVM
0x0000000022e73000 	/System/Library/Frameworks/Carbon.framework/Versions/A/Carbon
0x0000000022e73000 	/System/Library/PrivateFrameworks/JavaLaunching.framework/Versions/A/JavaLaunching
0x0000000022e73000 	/System/Library/Frameworks/Carbon.framework/Versions/A/Frameworks/CommonPanels.framework/Versions/A/CommonPanels
0x0000000022e73000 	/System/Library/Frameworks/Carbon.framework/Versions/A/Frameworks/Help.framework/Versions/A/Help
0x0000000022e73000 	/System/Library/Frameworks/Carbon.framework/Versions/A/Frameworks/ImageCapture.framework/Versions/A/ImageCapture
0x0000000022e73000 	/System/Library/Frameworks/Carbon.framework/Versions/A/Frameworks/OpenScripting.framework/Versions/A/OpenScripting
0x0000000022e73000 	/System/Library/Frameworks/Carbon.framework/Versions/A/Frameworks/Print.framework/Versions/A/Print
0x0000000022e73000 	/System/Library/Frameworks/Carbon.framework/Versions/A/Frameworks/SecurityHI.framework/Versions/A/SecurityHI
0x0000000121ec2000 	/Library/Java/JavaVirtualMachines/jdk1.8.0_151.jdk/Contents/Home/jre/lib/libnet.dylib
0x000000012222f000 	/Users/joshisaacson/.javacpp/cache/nd4j-native-1.0.0-alpha-macosx-x86_64.jar/org/nd4j/nativeblas/macosx-x86_64/libgcc_s.1.dylib
0x0000000122278000 	/Library/Java/JavaVirtualMachines/jdk1.8.0_151.jdk/Contents/Home/jre/lib/libnio.dylib
0x00000001222d3000 	/Users/joshisaacson/.javacpp/cache/nd4j-native-1.0.0-alpha-macosx-x86_64.jar/org/nd4j/nativeblas/macosx-x86_64/libgomp.1.dylib
0x0000000122958000 	/Users/joshisaacson/.javacpp/cache/nd4j-native-1.0.0-alpha-macosx-x86_64.jar/org/nd4j/nativeblas/macosx-x86_64/libstdc++.6.dylib
0x0000000122c83000 	/Users/joshisaacson/.javacpp/cache/nd4j-native-1.0.0-alpha-macosx-x86_64.jar/org/nd4j/nativeblas/macosx-x86_64/libnd4jcpu.dylib
0x0000000124e31000 	/Users/joshisaacson/.javacpp/cache/nd4j-native-1.0.0-alpha-macosx-x86_64.jar/org/nd4j/nativeblas/macosx-x86_64/libjnind4jcpu.dylib
0x0000000125be5000 	/Users/joshisaacson/.javacpp/cache/openblas-0.2.20-1.4.1-macosx-x86_64.jar/org/bytedeco/javacpp/macosx-x86_64/libopenblas.dylib
0x000000012c77f000 	/Users/joshisaacson/.javacpp/cache/openblas-0.2.20-1.4.1-macosx-x86_64.jar/org/bytedeco/javacpp/macosx-x86_64/libjniopenblas.dylib

VM Arguments:
jvm_args: -ea -Didea.test.cyclic.buffer.size=1048576 -javaagent:/Applications/IntelliJ IDEA.app/Contents/lib/idea_rt.jar=57245:/Applications/IntelliJ IDEA.app/Contents/bin -Dfile.encoding=UTF-8 
java_command: com.intellij.rt.execution.junit.JUnitStarter -ideVersion5 -junit4 FastKdeTest,inputXYWeightsDimenstionTest
java_class_path (initial): /Applications/IntelliJ IDEA.app/Contents/lib/idea_rt.jar:/Applications/IntelliJ IDEA.app/Contents/plugins/junit/lib/junit-rt.jar:/Applications/IntelliJ IDEA.app/Contents/plugins/junit/lib/junit5-rt.jar:/Library/Java/JavaVirtualMachines/jdk1.8.0_151.jdk/Contents/Home/jre/lib/charsets.jar:/Library/Java/JavaVirtualMachines/jdk1.8.0_151.jdk/Contents/Home/jre/lib/deploy.jar:/Library/Java/JavaVirtualMachines/jdk1.8.0_151.jdk/Contents/Home/jre/lib/ext/cldrdata.jar:/Library/Java/JavaVirtualMachines/jdk1.8.0_151.jdk/Contents/Home/jre/lib/ext/dnsns.jar:/Library/Java/JavaVirtualMachines/jdk1.8.0_151.jdk/Contents/Home/jre/lib/ext/jaccess.jar:/Library/Java/JavaVirtualMachines/jdk1.8.0_151.jdk/Contents/Home/jre/lib/ext/jfxrt.jar:/Library/Java/JavaVirtualMachines/jdk1.8.0_151.jdk/Contents/Home/jre/lib/ext/localedata.jar:/Library/Java/JavaVirtualMachines/jdk1.8.0_151.jdk/Contents/Home/jre/lib/ext/nashorn.jar:/Library/Java/JavaVirtualMachines/jdk1.8.0_151.jdk/Contents/Home/jre/lib/ext/sunec.jar:/Library/Java/JavaVirtualMachines/jdk1.8.0_151.jdk/Contents/Home/jre/lib/ext/sunjce_provider.jar:/Library/Java/JavaVirtualMachines/jdk1.8.0_151.jdk/Contents/Home/jre/lib/ext/sunpkcs11.jar:/Library/Java/JavaVirtualMachines/jdk1.8.0_151.jdk/Contents/Home/jre/lib/ext/zipfs.jar:/Library/Java/JavaVirtualMachines/jdk1.8.0_151.jdk/Contents/Home/jre/lib/javaws.jar:/Library/Java/JavaVirtualMachines/jdk1.8.0_151.jdk/Contents/Home/jre/lib/jce.jar:/Library/Java/JavaVirtualMachines/jdk1.8.0_151.jdk/Contents/Home/jre/lib/jfr.jar:/Library/Java/JavaVirtualMachines/jdk1.8.0_151.jdk/Contents/Home/jre/lib/jfxswt.jar:/Library/Java/JavaVirtualMachines/jdk1.8.0_151.jdk/Contents/Home/jre/lib/jsse.jar:/Library/Java/JavaVirtualMachines/jdk1.8.0_151.jdk/Contents/Home/jre/lib/management-agent.jar:/Library/Java/JavaVirtualMachines/jdk1.8.0_151.jdk/Contents/Home/jre/lib/plugin.jar:/Library/Java/JavaVirtualMachines/jdk1.8.0_151.jdk/Contents/Home/jre/lib/resources.jar:/Library/Java/JavaVirtualM
Launcher Type: SUN_STANDARD

Environment Variables:
PATH=/Library/Frameworks/Python.framework/Versions/3.6/bin:/usr/local/bin:/usr/bin:/bin:/usr/sbin:/sbin:/Applications/Postgres.app/Contents/Versions/latest/bin
SHELL=/bin/zsh

Signal Handlers:
SIGSEGV: [libjvm.dylib+0x5b27a5], sa_mask[0]=11111111011111110111111111111111, sa_flags=SA_ONSTACK|SA_RESTART|SA_SIGINFO
SIGBUS: [libjvm.dylib+0x5b27a5], sa_mask[0]=11111111011111110111111111111111, sa_flags=SA_RESTART|SA_SIGINFO
SIGFPE: [libjvm.dylib+0x4891c4], sa_mask[0]=11111111011111110111111111111111, sa_flags=SA_RESTART|SA_SIGINFO
SIGPIPE: [libjvm.dylib+0x4891c4], sa_mask[0]=11111111011111110111111111111111, sa_flags=SA_RESTART|SA_SIGINFO
SIGXFSZ: [libjvm.dylib+0x4891c4], sa_mask[0]=11111111011111110111111111111111, sa_flags=SA_RESTART|SA_SIGINFO
SIGILL: [libjvm.dylib+0x4891c4], sa_mask[0]=11111111011111110111111111111111, sa_flags=SA_RESTART|SA_SIGINFO
SIGUSR1: SIG_DFL, sa_mask[0]=00000000000000000000000000000000, sa_flags=none
SIGUSR2: [libjvm.dylib+0x488ce2], sa_mask[0]=00100000000000000000000000000000, sa_flags=SA_RESTART|SA_SIGINFO
SIGHUP: [libjvm.dylib+0x4872b9], sa_mask[0]=11111111011111110111111111111111, sa_flags=SA_RESTART|SA_SIGINFO
SIGINT: [libjvm.dylib+0x4872b9], sa_mask[0]=11111111011111110111111111111111, sa_flags=SA_RESTART|SA_SIGINFO
SIGTERM: [libjvm.dylib+0x4872b9], sa_mask[0]=11111111011111110111111111111111, sa_flags=SA_RESTART|SA_SIGINFO
SIGQUIT: [libjvm.dylib+0x4872b9], sa_mask[0]=11111111011111110111111111111111, sa_flags=SA_RESTART|SA_SIGINFO


---------------  S Y S T E M  ---------------

OS:Bsduname:Darwin 17.3.0 Darwin Kernel Version 17.3.0: Thu Nov  9 18:09:22 PST 2017; root:xnu-4570.31.3~1/RELEASE_X86_64 x86_64
rlimit: STACK 8192k, CORE 0k, NPROC 1418, NOFILE 10240, AS infinity
load average:2.33 2.03 1.95

CPU:total 4 (initial active 4) (2 cores per cpu, 2 threads per core) family 6 model 142 stepping 9, cmov, cx8, fxsr, mmx, sse, sse2, sse3, ssse3, sse4.1, sse4.2, popcnt, avx, avx2, aes, clmul, erms, 3dnowpref, lzcnt, ht, tsc, tscinvbit, bmi1, bmi2, adx

Memory: 4k page, physical 16777216k(958068k free)

/proc/meminfo:


vm_info: Java HotSpot(TM) 64-Bit Server VM (25.151-b12) for bsd-amd64 JRE (1.8.0_151-b12), built on Sep  5 2017 19:37:08 by "java_re" with gcc 4.2.1 (Based on Apple Inc. build 5658) (LLVM build 2336.11.00)

time: Sat Apr 14 16:07:56 2018
elapsed time: 4 seconds (0d 0h 0m 4s)

