#
# A fatal error has been detected by the Java Runtime Environment:
#
#  SIGFPE (0x8) at pc=0x000000012112b49e, pid=11877, tid=0x0000000000001903
#
# JRE version: Java(TM) SE Runtime Environment (8.0_151-b12) (build 1.8.0_151-b12)
# Java VM: Java HotSpot(TM) 64-Bit Server VM (25.151-b12 mixed mode bsd-amd64 compressed oops)
# Problematic frame:
# C  [libnd4jcpu.dylib+0x11cf49e]  _ZN4nd4j3ops16ConvolutionUtilsIfE17calcOutSizePool2DERiS3_iiiiiiiiiii+0xce
#
# Failed to write core dump. Core dumps have been disabled. To enable core dumping, try "ulimit -c unlimited" before starting Java again
#
# If you would like to submit a bug report, please visit:
#   http://bugreport.java.com/bugreport/crash.jsp
# The crash happened outside the Java Virtual Machine in native code.
# See problematic frame for where to report the bug.
#

---------------  T H R E A D  ---------------

Current thread (0x00007f962d005000):  JavaThread "main" [_thread_in_native, id=6403, stack(0x0000700008a07000,0x0000700008b07000)]

siginfo: si_signo: 8 (SIGFPE), si_code: 7 (FPE_INTDIV), si_addr: 0x000000012112b49e

Registers:
RAX=0x0000000000000005, RBX=0x0000700008b04f70, RCX=0x0000000000000000, RDX=0x0000000000000000
RSP=0x0000700008b04d18, RBP=0x0000000000000000, RSI=0x0000700008b04da4, RDI=0x0000700008b04da0
R8 =0x0000000000000000, R9 =0x0000000000000000, R10=0x00000000ffffffff, R11=0x0000000000000002
R12=0x00007f962b4e5160, R13=0x0000000000000000, R14=0x0000000000000002, R15=0x0000000000000002
RIP=0x000000012112b49e, EFLAGS=0x0000000000010206, ERR=0x0000000000000000
  TRAPNO=0x0000000000000000

Top of Stack: (sp=0x0000700008b04d18)
0x0000700008b04d18:   0000000120feab93 0000700000000000
0x0000700008b04d28:   00007fff00000000 0000000000000000
0x0000700008b04d38:   00007f9600000000 0000000000000006
0x0000700008b04d48:   0000000000000001 00007f9600000000
0x0000700008b04d58:   00007f962b6890e0 00007f962b6890f0
0x0000700008b04d68:   0000000000000000 0000000000000000
0x0000700008b04d78:   0000000000000000 0000000100000000
0x0000700008b04d88:   000000000000000c 0000000000000010
0x0000700008b04d98:   0000000000000004 00007f962b689020
0x0000700008b04da8:   0000700008b04f70 00007f962b688ee0
0x0000700008b04db8:   0000000000000000 00007f962b689020
0x0000700008b04dc8:   0000700008b04f70 00007f962b688ee0
0x0000700008b04dd8:   0000700008b04e38 00007f962b592630
0x0000700008b04de8:   0000000121a33001 00007f962b688fb0
0x0000700008b04df8:   0000700008b04e40 0000700008b05158
0x0000700008b04e08:   0000000000000000 0000000000000000
0x0000700008b04e18:   0000000120bb086e 0000000100631080
0x0000700008b04e28:   00007f962b688ed8 00007f962b688ed8
0x0000700008b04e38:   00000000fffffffe 00007f962b6890e0
0x0000700008b04e48:   00007f962b6890f0 00007f962b6890f0
0x0000700008b04e58:   00000000ffff0000 0000700008b04ec0
0x0000700008b04e68:   0000700008b04f70 0000000000000000
0x0000700008b04e78:   00007f962b592630 0000700008b05480
0x0000700008b04e88:   0000000000000000 0000000000000000
0x0000700008b04e98:   0000000121a34c8e 00007f962b689134
0x0000700008b04ea8:   0000000000000040 00007f962b6890f0
0x0000700008b04eb8:   0000700008b05150 00007f962b689110
0x0000700008b04ec8:   0000000000000009 0000700008b04f70
0x0000700008b04ed8:   00007f962b687c10 0000700008b05480
0x0000700008b04ee8:   0000700008b054a0 0000700008b05150
0x0000700008b04ef8:   0000000121a3defe 000000000001ffff
0x0000700008b04f08:   00007f962b687bf0 00007f962b688f20 

Instructions: (pc=0x000000012112b49e)
0x000000012112b47e:   66 90 8b 44 24 18 44 8d 52 ff ff c8 41 0f af c2
0x000000012112b48e:   01 c2 8b 44 24 28 29 d0 8b 54 24 08 8d 04 50 99
0x000000012112b49e:   41 f7 f8 8d 51 ff ff c0 89 07 8b 44 24 20 ff c8
0x000000012112b4ae:   0f af c2 8b 54 24 10 01 c1 8b 44 24 30 29 c8 8d 

Register to memory mapping:

RAX=0x0000000000000005 is an unknown value
RBX=0x0000700008b04f70 is pointing into the stack for thread: 0x00007f962d005000
RCX=0x0000000000000000 is an unknown value
RDX=0x0000000000000000 is an unknown value
RSP=0x0000700008b04d18 is pointing into the stack for thread: 0x00007f962d005000
RBP=0x0000000000000000 is an unknown value
RSI=0x0000700008b04da4 is pointing into the stack for thread: 0x00007f962d005000
RDI=0x0000700008b04da0 is pointing into the stack for thread: 0x00007f962d005000
R8 =0x0000000000000000 is an unknown value
R9 =0x0000000000000000 is an unknown value
R10=0x00000000ffffffff is an unknown value
R11=0x0000000000000002 is an unknown value
R12=0x00007f962b4e5160 is an unknown value
R13=0x0000000000000000 is an unknown value
R14=0x0000000000000002 is an unknown value
R15=0x0000000000000002 is an unknown value


Stack: [0x0000700008a07000,0x0000700008b07000],  sp=0x0000700008b04d18,  free space=1015k
Native frames: (J=compiled Java code, j=interpreted, Vv=VM code, C=native code)
C  [libnd4jcpu.dylib+0x11cf49e]  _ZN4nd4j3ops16ConvolutionUtilsIfE17calcOutSizePool2DERiS3_iiiiiiiiiii+0xce

Java frames: (J=compiled Java code, j=interpreted, Vv=VM code)
j  org.nd4j.nativeblas.Nd4jCpu$NativeOps.execCustomOpFloat(Lorg/bytedeco/javacpp/PointerPointer;JLorg/bytedeco/javacpp/PointerPointer;Lorg/bytedeco/javacpp/PointerPointer;ILorg/bytedeco/javacpp/PointerPointer;Lorg/bytedeco/javacpp/PointerPointer;ILorg/bytedeco/javacpp/FloatPointer;ILorg/bytedeco/javacpp/IntPointer;IZ)I+0
j  org.nd4j.linalg.cpu.nativecpu.ops.NativeOpExecutioner.exec(Lorg/nd4j/linalg/api/ops/CustomOp;)V+595
j  UtilitiesTest.convolveGridTest()V+237
v  ~StubRoutines::call_stub
j  sun.reflect.NativeMethodAccessorImpl.invoke0(Ljava/lang/reflect/Method;Ljava/lang/Object;[Ljava/lang/Object;)Ljava/lang/Object;+0
j  sun.reflect.NativeMethodAccessorImpl.invoke(Ljava/lang/Object;[Ljava/lang/Object;)Ljava/lang/Object;+100
j  sun.reflect.DelegatingMethodAccessorImpl.invoke(Ljava/lang/Object;[Ljava/lang/Object;)Ljava/lang/Object;+6
j  java.lang.reflect.Method.invoke(Ljava/lang/Object;[Ljava/lang/Object;)Ljava/lang/Object;+56
j  org.junit.runners.model.FrameworkMethod$1.runReflectiveCall()Ljava/lang/Object;+15
j  org.junit.internal.runners.model.ReflectiveCallable.run()Ljava/lang/Object;+1
j  org.junit.runners.model.FrameworkMethod.invokeExplosively(Ljava/lang/Object;[Ljava/lang/Object;)Ljava/lang/Object;+10
j  org.junit.internal.runners.statements.InvokeMethod.evaluate()V+12
j  org.junit.runners.ParentRunner.runLeaf(Lorg/junit/runners/model/Statement;Lorg/junit/runner/Description;Lorg/junit/runner/notification/RunNotifier;)V+17
j  org.junit.runners.BlockJUnit4ClassRunner.runChild(Lorg/junit/runners/model/FrameworkMethod;Lorg/junit/runner/notification/RunNotifier;)V+30
j  org.junit.runners.BlockJUnit4ClassRunner.runChild(Ljava/lang/Object;Lorg/junit/runner/notification/RunNotifier;)V+6
j  org.junit.runners.ParentRunner$3.run()V+12
j  org.junit.runners.ParentRunner$1.schedule(Ljava/lang/Runnable;)V+1
j  org.junit.runners.ParentRunner.runChildren(Lorg/junit/runner/notification/RunNotifier;)V+44
j  org.junit.runners.ParentRunner.access$000(Lorg/junit/runners/ParentRunner;Lorg/junit/runner/notification/RunNotifier;)V+2
j  org.junit.runners.ParentRunner$2.evaluate()V+8
j  org.junit.runners.ParentRunner.run(Lorg/junit/runner/notification/RunNotifier;)V+20
j  org.junit.runner.JUnitCore.run(Lorg/junit/runner/Runner;)Lorg/junit/runner/Result;+37
j  com.intellij.junit4.JUnit4IdeaTestRunner.startRunnerWithArgs([Ljava/lang/String;Ljava/lang/String;IZ)I+146
j  com.intellij.rt.execution.junit.IdeaTestRunner$Repeater.startRunnerWithArgs(Lcom/intellij/rt/execution/junit/IdeaTestRunner;[Ljava/lang/String;Ljava/util/ArrayList;Ljava/lang/String;IZ)I+20
j  com.intellij.rt.execution.junit.JUnitStarter.prepareStreamsAndStart([Ljava/lang/String;Ljava/lang/String;Ljava/util/ArrayList;Ljava/lang/String;)I+116
j  com.intellij.rt.execution.junit.JUnitStarter.main([Ljava/lang/String;)V+116
v  ~StubRoutines::call_stub

---------------  P R O C E S S  ---------------

Java Threads: ( => current thread )
  0x00007f962ca27800 JavaThread "JavaCPP Deallocator" daemon [_thread_blocked, id=15875, stack(0x0000700009a37000,0x0000700009b37000)]
  0x00007f962d29a800 JavaThread "Workspace deallocator thread" daemon [_thread_blocked, id=15619, stack(0x0000700009934000,0x0000700009a34000)]
  0x00007f962d024000 JavaThread "Service Thread" daemon [_thread_blocked, id=17923, stack(0x000070000972e000,0x000070000982e000)]
  0x00007f962b836800 JavaThread "C1 CompilerThread2" daemon [_thread_blocked, id=15107, stack(0x000070000962b000,0x000070000972b000)]
  0x00007f962d01b800 JavaThread "C2 CompilerThread1" daemon [_thread_blocked, id=14851, stack(0x0000700009528000,0x0000700009628000)]
  0x00007f962c032000 JavaThread "C2 CompilerThread0" daemon [_thread_blocked, id=14339, stack(0x0000700009425000,0x0000700009525000)]
  0x00007f962c817800 JavaThread "Monitor Ctrl-Break" daemon [_thread_in_native, id=14083, stack(0x0000700009322000,0x0000700009422000)]
  0x00007f962c800800 JavaThread "Signal Dispatcher" daemon [_thread_blocked, id=18691, stack(0x000070000921f000,0x000070000931f000)]
  0x00007f962d041800 JavaThread "Finalizer" daemon [_thread_blocked, id=12291, stack(0x000070000911c000,0x000070000921c000)]
  0x00007f962b803800 JavaThread "Reference Handler" daemon [_thread_blocked, id=20995, stack(0x0000700009019000,0x0000700009119000)]
=>0x00007f962d005000 JavaThread "main" [_thread_in_native, id=6403, stack(0x0000700008a07000,0x0000700008b07000)]

Other Threads:
  0x00007f962b801000 VMThread [stack: 0x0000700008f16000,0x0000700009016000] [id=11523]
  0x00007f962c068000 WatcherThread [stack: 0x0000700009831000,0x0000700009931000] [id=17411]

VM state:not at safepoint (normal execution)

VM Mutex/Monitor currently owned by a thread: None

Heap:
 PSYoungGen      total 76288K, used 47545K [0x000000076ab00000, 0x0000000770000000, 0x00000007c0000000)
  eden space 65536K, 62% used [0x000000076ab00000,0x000000076d338940,0x000000076eb00000)
  from space 10752K, 59% used [0x000000076eb00000,0x000000076f135eb0,0x000000076f580000)
  to   space 10752K, 0% used [0x000000076f580000,0x000000076f580000,0x0000000770000000)
 ParOldGen       total 175104K, used 8K [0x00000006c0000000, 0x00000006cab00000, 0x000000076ab00000)
  object space 175104K, 0% used [0x00000006c0000000,0x00000006c0002000,0x00000006cab00000)
 Metaspace       used 15287K, capacity 15373K, committed 15616K, reserved 1062912K
  class space    used 1971K, capacity 2002K, committed 2048K, reserved 1048576K

Card table byte_map: [0x0000000102367000,0x0000000102b68000] byte_map_base: 0x00000000fed67000

Marking Bits: (ParMarkBitMap*) 0x00000001018f35d0
 Begin Bits: [0x0000000117f5c000, 0x000000011bf5c000)
 End Bits:   [0x000000011bf5c000, 0x000000011ff5c000)

Polling page: 0x0000000100690000

CodeCache: size=245760Kb used=3280Kb max_used=3285Kb free=242479Kb
 bounds [0x0000000108f5c000, 0x000000010929c000, 0x0000000117f5c000]
 total_blobs=1526 nmethods=652 adapters=788
 compilation: enabled

Compilation events (10 events):
Event: 1.767 Thread 0x00007f962b836800  647       3       java.lang.Character::isHighSurrogate (18 bytes)
Event: 1.767 Thread 0x00007f962b836800 nmethod 647 0x0000000109286dd0 code [0x0000000109286f40, 0x0000000109287110]
Event: 1.767 Thread 0x00007f962b836800  650       3       java.lang.Character::charCount (12 bytes)
Event: 1.768 Thread 0x00007f962b836800 nmethod 650 0x0000000109292810 code [0x0000000109292980, 0x0000000109292b10]
Event: 1.768 Thread 0x00007f962b836800  648       3       java.util.regex.Pattern::isSupplementary (20 bytes)
Event: 1.768 Thread 0x00007f962b836800 nmethod 648 0x0000000109292310 code [0x0000000109292480, 0x0000000109292750]
Event: 1.768 Thread 0x00007f962b836800  649       3       java.lang.Character::codePointAtImpl (41 bytes)
Event: 1.768 Thread 0x00007f962b836800 nmethod 649 0x0000000109291b50 code [0x0000000109291ce0, 0x0000000109292170]
Event: 1.768 Thread 0x00007f962b836800  651       3       java.util.regex.Pattern::peek (26 bytes)
Event: 1.768 Thread 0x00007f962b836800 nmethod 651 0x00000001092915d0 code [0x0000000109291760, 0x0000000109291a08]

GC Heap History (2 events):
Event: 0.945 GC heap before
{Heap before GC invocations=1 (full 0):
 PSYoungGen      total 76288K, used 65536K [0x000000076ab00000, 0x0000000770000000, 0x00000007c0000000)
  eden space 65536K, 100% used [0x000000076ab00000,0x000000076eb00000,0x000000076eb00000)
  from space 10752K, 0% used [0x000000076f580000,0x000000076f580000,0x0000000770000000)
  to   space 10752K, 0% used [0x000000076eb00000,0x000000076eb00000,0x000000076f580000)
 ParOldGen       total 175104K, used 0K [0x00000006c0000000, 0x00000006cab00000, 0x000000076ab00000)
  object space 175104K, 0% used [0x00000006c0000000,0x00000006c0000000,0x00000006cab00000)
 Metaspace       used 11594K, capacity 11670K, committed 11904K, reserved 1058816K
  class space    used 1830K, capacity 1841K, committed 1920K, reserved 1048576K
Event: 0.952 GC heap after
Heap after GC invocations=1 (full 0):
 PSYoungGen      total 76288K, used 6359K [0x000000076ab00000, 0x0000000770000000, 0x00000007c0000000)
  eden space 65536K, 0% used [0x000000076ab00000,0x000000076ab00000,0x000000076eb00000)
  from space 10752K, 59% used [0x000000076eb00000,0x000000076f135eb0,0x000000076f580000)
  to   space 10752K, 0% used [0x000000076f580000,0x000000076f580000,0x0000000770000000)
 ParOldGen       total 175104K, used 8K [0x00000006c0000000, 0x00000006cab00000, 0x000000076ab00000)
  object space 175104K, 0% used [0x00000006c0000000,0x00000006c0002000,0x00000006cab00000)
 Metaspace       used 11594K, capacity 11670K, committed 11904K, reserved 1058816K
  class space    used 1830K, capacity 1841K, committed 1920K, reserved 1048576K
}

Deoptimization events (2 events):
Event: 0.410 Thread 0x00007f962d005000 Uncommon trap: reason=unstable_if action=reinterpret pc=0x00000001090da4cc method=java.lang.String.indexOf([CII[CIII)I @ 3
Event: 0.877 Thread 0x00007f962d005000 Uncommon trap: reason=unstable_if action=reinterpret pc=0x00000001091a079c method=java.lang.String.lastIndexOf([CII[CIII)I @ 118

Internal exceptions (10 events):
Event: 0.205 Thread 0x00007f962d005000 Exception <a 'java/security/PrivilegedActionException'> (0x000000076b074590) thrown at [/Users/java_re/workspace/8-2-build-macosx-x86_64/jdk8u151/9699/hotspot/src/share/vm/prims/jvm.cpp, line 1390]
Event: 0.205 Thread 0x00007f962d005000 Exception <a 'java/security/PrivilegedActionException'> (0x000000076b0747a0) thrown at [/Users/java_re/workspace/8-2-build-macosx-x86_64/jdk8u151/9699/hotspot/src/share/vm/prims/jvm.cpp, line 1390]
Event: 0.205 Thread 0x00007f962d005000 Exception <a 'java/security/PrivilegedActionException'> (0x000000076b075e48) thrown at [/Users/java_re/workspace/8-2-build-macosx-x86_64/jdk8u151/9699/hotspot/src/share/vm/prims/jvm.cpp, line 1390]
Event: 0.205 Thread 0x00007f962d005000 Exception <a 'java/security/PrivilegedActionException'> (0x000000076b076058) thrown at [/Users/java_re/workspace/8-2-build-macosx-x86_64/jdk8u151/9699/hotspot/src/share/vm/prims/jvm.cpp, line 1390]
Event: 0.205 Thread 0x00007f962d005000 Exception <a 'java/security/PrivilegedActionException'> (0x000000076b077738) thrown at [/Users/java_re/workspace/8-2-build-macosx-x86_64/jdk8u151/9699/hotspot/src/share/vm/prims/jvm.cpp, line 1390]
Event: 0.205 Thread 0x00007f962d005000 Exception <a 'java/security/PrivilegedActionException'> (0x000000076b077948) thrown at [/Users/java_re/workspace/8-2-build-macosx-x86_64/jdk8u151/9699/hotspot/src/share/vm/prims/jvm.cpp, line 1390]
Event: 0.210 Thread 0x00007f962d005000 Exception <a 'java/security/PrivilegedActionException'> (0x000000076b0a1a60) thrown at [/Users/java_re/workspace/8-2-build-macosx-x86_64/jdk8u151/9699/hotspot/src/share/vm/prims/jvm.cpp, line 1390]
Event: 0.210 Thread 0x00007f962d005000 Exception <a 'java/security/PrivilegedActionException'> (0x000000076b0a1c70) thrown at [/Users/java_re/workspace/8-2-build-macosx-x86_64/jdk8u151/9699/hotspot/src/share/vm/prims/jvm.cpp, line 1390]
Event: 0.214 Thread 0x00007f962d005000 Exception <a 'java/security/PrivilegedActionException'> (0x000000076b0c8328) thrown at [/Users/java_re/workspace/8-2-build-macosx-x86_64/jdk8u151/9699/hotspot/src/share/vm/prims/jvm.cpp, line 1390]
Event: 0.214 Thread 0x00007f962d005000 Exception <a 'java/security/PrivilegedActionException'> (0x000000076b0c8538) thrown at [/Users/java_re/workspace/8-2-build-macosx-x86_64/jdk8u151/9699/hotspot/src/share/vm/prims/jvm.cpp, line 1390]

Events (10 events):
Event: 1.769 loading class java/util/regex/Pattern$CharPropertyNames$20
Event: 1.769 loading class java/util/regex/Pattern$CharPropertyNames$20 done
Event: 1.769 loading class java/util/regex/Pattern$CharPropertyNames$21
Event: 1.769 loading class java/util/regex/Pattern$CharPropertyNames$21 done
Event: 1.769 loading class java/util/regex/Pattern$CharPropertyNames$22
Event: 1.769 loading class java/util/regex/Pattern$CharPropertyNames$22 done
Event: 1.769 loading class java/util/regex/Pattern$CharPropertyNames$23
Event: 1.769 loading class java/util/regex/Pattern$CharPropertyNames$23 done
Event: 1.769 loading class com/google/common/primitives/Doubles$DoubleArrayAsList
Event: 1.769 loading class com/google/common/primitives/Doubles$DoubleArrayAsList done


Dynamic libraries:
0x0000000022e73000 	/System/Library/Frameworks/Cocoa.framework/Versions/A/Cocoa
0x0000000022e73000 	/System/Library/Frameworks/Security.framework/Versions/A/Security
0x0000000022e73000 	/System/Library/Frameworks/ApplicationServices.framework/Versions/A/ApplicationServices
0x0000000022e73000 	/usr/lib/libz.1.dylib
0x0000000022e73000 	/usr/lib/libSystem.B.dylib
0x0000000022e73000 	/usr/lib/libobjc.A.dylib
0x0000000022e73000 	/System/Library/Frameworks/CoreFoundation.framework/Versions/A/CoreFoundation
0x0000000022e73000 	/System/Library/Frameworks/Foundation.framework/Versions/C/Foundation
0x0000000022e73000 	/System/Library/Frameworks/AppKit.framework/Versions/C/AppKit
0x0000000022e73000 	/System/Library/Frameworks/CoreData.framework/Versions/A/CoreData
0x0000000022e73000 	/System/Library/PrivateFrameworks/RemoteViewServices.framework/Versions/A/RemoteViewServices
0x0000000022e73000 	/System/Library/PrivateFrameworks/UIFoundation.framework/Versions/A/UIFoundation
0x0000000022e73000 	/System/Library/PrivateFrameworks/DFRFoundation.framework/Versions/A/DFRFoundation
0x0000000022e73000 	/System/Library/Frameworks/Metal.framework/Versions/A/Metal
0x0000000022e73000 	/System/Library/PrivateFrameworks/DesktopServicesPriv.framework/Versions/A/DesktopServicesPriv
0x0000000022e73000 	/usr/lib/libenergytrace.dylib
0x0000000022e73000 	/System/Library/PrivateFrameworks/SkyLight.framework/Versions/A/SkyLight
0x0000000022e73000 	/System/Library/Frameworks/CoreGraphics.framework/Versions/A/CoreGraphics
0x0000000022e73000 	/usr/lib/libScreenReader.dylib
0x0000000022e73000 	/System/Library/Frameworks/Accelerate.framework/Versions/A/Accelerate
0x0000000022e73000 	/System/Library/Frameworks/IOSurface.framework/Versions/A/IOSurface
0x0000000022e73000 	/System/Library/Frameworks/AudioToolbox.framework/Versions/A/AudioToolbox
0x0000000022e73000 	/System/Library/Frameworks/AudioUnit.framework/Versions/A/AudioUnit
0x0000000022e73000 	/System/Library/PrivateFrameworks/DataDetectorsCore.framework/Versions/A/DataDetectorsCore
0x0000000022e73000 	/System/Library/Frameworks/Carbon.framework/Versions/A/Frameworks/HIToolbox.framework/Versions/A/HIToolbox
0x0000000022e73000 	/usr/lib/libicucore.A.dylib
0x0000000022e73000 	/System/Library/Frameworks/QuartzCore.framework/Versions/A/QuartzCore
0x0000000022e73000 	/System/Library/Frameworks/Carbon.framework/Versions/A/Frameworks/SpeechRecognition.framework/Versions/A/SpeechRecognition
0x0000000022e73000 	/usr/lib/libauto.dylib
0x0000000022e73000 	/usr/lib/libxml2.2.dylib
0x0000000022e73000 	/System/Library/PrivateFrameworks/CoreUI.framework/Versions/A/CoreUI
0x0000000022e73000 	/System/Library/Frameworks/CoreAudio.framework/Versions/A/CoreAudio
0x0000000022e73000 	/System/Library/Frameworks/DiskArbitration.framework/Versions/A/DiskArbitration
0x0000000022e73000 	/usr/lib/liblangid.dylib
0x0000000022e73000 	/System/Library/PrivateFrameworks/MultitouchSupport.framework/Versions/A/MultitouchSupport
0x0000000022e73000 	/System/Library/Frameworks/IOKit.framework/Versions/A/IOKit
0x0000000022e73000 	/usr/lib/libDiagnosticMessagesClient.dylib
0x0000000022e73000 	/System/Library/Frameworks/CoreServices.framework/Versions/A/CoreServices
0x0000000022e73000 	/System/Library/PrivateFrameworks/PerformanceAnalysis.framework/Versions/A/PerformanceAnalysis
0x0000000022e73000 	/System/Library/Frameworks/OpenGL.framework/Versions/A/OpenGL
0x0000000022e73000 	/System/Library/Frameworks/ColorSync.framework/Versions/A/ColorSync
0x0000000022e73000 	/System/Library/Frameworks/CoreImage.framework/Versions/A/CoreImage
0x0000000022e73000 	/System/Library/Frameworks/CoreText.framework/Versions/A/CoreText
0x0000000022e73000 	/System/Library/Frameworks/ImageIO.framework/Versions/A/ImageIO
0x0000000022e73000 	/System/Library/PrivateFrameworks/Backup.framework/Versions/A/Backup
0x0000000022e73000 	/usr/lib/libarchive.2.dylib
0x0000000022e73000 	/System/Library/Frameworks/CFNetwork.framework/Versions/A/CFNetwork
0x0000000022e73000 	/System/Library/Frameworks/SystemConfiguration.framework/Versions/A/SystemConfiguration
0x0000000022e73000 	/usr/lib/libCRFSuite.dylib
0x0000000022e73000 	/usr/lib/libc++.1.dylib
0x0000000022e73000 	/usr/lib/libc++abi.dylib
0x0000000022e73000 	/usr/lib/system/libcache.dylib
0x0000000022e73000 	/usr/lib/system/libcommonCrypto.dylib
0x0000000022e73000 	/usr/lib/system/libcompiler_rt.dylib
0x0000000022e73000 	/usr/lib/system/libcopyfile.dylib
0x0000000022e73000 	/usr/lib/system/libcorecrypto.dylib
0x0000000022e73000 	/usr/lib/system/libdispatch.dylib
0x0000000022e73000 	/usr/lib/system/libdyld.dylib
0x0000000022e73000 	/usr/lib/system/libkeymgr.dylib
0x0000000022e73000 	/usr/lib/system/liblaunch.dylib
0x0000000022e73000 	/usr/lib/system/libmacho.dylib
0x0000000022e73000 	/usr/lib/system/libquarantine.dylib
0x0000000022e73000 	/usr/lib/system/libremovefile.dylib
0x0000000022e73000 	/usr/lib/system/libsystem_asl.dylib
0x0000000022e73000 	/usr/lib/system/libsystem_blocks.dylib
0x0000000022e73000 	/usr/lib/system/libsystem_c.dylib
0x0000000022e73000 	/usr/lib/system/libsystem_configuration.dylib
0x0000000022e73000 	/usr/lib/system/libsystem_coreservices.dylib
0x0000000022e73000 	/usr/lib/system/libsystem_darwin.dylib
0x0000000022e73000 	/usr/lib/system/libsystem_dnssd.dylib
0x0000000022e73000 	/usr/lib/system/libsystem_info.dylib
0x0000000022e73000 	/usr/lib/system/libsystem_m.dylib
0x0000000022e73000 	/usr/lib/system/libsystem_malloc.dylib
0x0000000022e73000 	/usr/lib/system/libsystem_network.dylib
0x0000000022e73000 	/usr/lib/system/libsystem_networkextension.dylib
0x0000000022e73000 	/usr/lib/system/libsystem_notify.dylib
0x0000000022e73000 	/usr/lib/system/libsystem_sandbox.dylib
0x0000000022e73000 	/usr/lib/system/libsystem_secinit.dylib
0x0000000022e73000 	/usr/lib/system/libsystem_kernel.dylib
0x0000000022e73000 	/usr/lib/system/libsystem_platform.dylib
0x0000000022e73000 	/usr/lib/system/libsystem_pthread.dylib
0x0000000022e73000 	/usr/lib/system/libsystem_symptoms.dylib
0x0000000022e73000 	/usr/lib/system/libsystem_trace.dylib
0x0000000022e73000 	/usr/lib/system/libunwind.dylib
0x0000000022e73000 	/usr/lib/system/libxpc.dylib
0x0000000022e73000 	/usr/lib/closure/libclosured.dylib
0x0000000022e73000 	/usr/lib/libbsm.0.dylib
0x0000000022e73000 	/usr/lib/system/libkxld.dylib
0x0000000022e73000 	/usr/lib/libOpenScriptingUtil.dylib
0x0000000022e73000 	/usr/lib/libcoretls.dylib
0x0000000022e73000 	/usr/lib/libcoretls_cfhelpers.dylib
0x0000000022e73000 	/usr/lib/libpam.2.dylib
0x0000000022e73000 	/usr/lib/libsqlite3.dylib
0x0000000022e73000 	/usr/lib/libxar.1.dylib
0x0000000022e73000 	/usr/lib/libbz2.1.0.dylib
0x0000000022e73000 	/usr/lib/liblzma.5.dylib
0x0000000022e73000 	/usr/lib/libnetwork.dylib
0x0000000022e73000 	/usr/lib/libapple_nghttp2.dylib
0x0000000022e73000 	/usr/lib/libpcap.A.dylib
0x0000000022e73000 	/usr/lib/libboringssl.dylib
0x0000000022e73000 	/usr/lib/libusrtcp.dylib
0x0000000022e73000 	/usr/lib/libapple_crypto.dylib
0x0000000022e73000 	/System/Library/Frameworks/CoreServices.framework/Versions/A/Frameworks/FSEvents.framework/Versions/A/FSEvents
0x0000000022e73000 	/System/Library/Frameworks/CoreServices.framework/Versions/A/Frameworks/CarbonCore.framework/Versions/A/CarbonCore
0x0000000022e73000 	/System/Library/Frameworks/CoreServices.framework/Versions/A/Frameworks/Metadata.framework/Versions/A/Metadata
0x0000000022e73000 	/System/Library/Frameworks/CoreServices.framework/Versions/A/Frameworks/OSServices.framework/Versions/A/OSServices
0x0000000022e73000 	/System/Library/Frameworks/CoreServices.framework/Versions/A/Frameworks/SearchKit.framework/Versions/A/SearchKit
0x0000000022e73000 	/System/Library/Frameworks/CoreServices.framework/Versions/A/Frameworks/AE.framework/Versions/A/AE
0x0000000022e73000 	/System/Library/Frameworks/CoreServices.framework/Versions/A/Frameworks/LaunchServices.framework/Versions/A/LaunchServices
0x0000000022e73000 	/System/Library/Frameworks/CoreServices.framework/Versions/A/Frameworks/DictionaryServices.framework/Versions/A/DictionaryServices
0x0000000022e73000 	/System/Library/Frameworks/CoreServices.framework/Versions/A/Frameworks/SharedFileList.framework/Versions/A/SharedFileList
0x0000000022e73000 	/System/Library/Frameworks/NetFS.framework/Versions/A/NetFS
0x0000000022e73000 	/System/Library/PrivateFrameworks/NetAuth.framework/Versions/A/NetAuth
0x0000000022e73000 	/System/Library/PrivateFrameworks/login.framework/Versions/A/Frameworks/loginsupport.framework/Versions/A/loginsupport
0x0000000022e73000 	/System/Library/PrivateFrameworks/TCC.framework/Versions/A/TCC
0x0000000022e73000 	/usr/lib/libmecabra.dylib
0x0000000022e73000 	/System/Library/Frameworks/ApplicationServices.framework/Versions/A/Frameworks/ATS.framework/Versions/A/ATS
0x0000000022e73000 	/System/Library/Frameworks/ApplicationServices.framework/Versions/A/Frameworks/ColorSyncLegacy.framework/Versions/A/ColorSyncLegacy
0x0000000022e73000 	/System/Library/Frameworks/ApplicationServices.framework/Versions/A/Frameworks/HIServices.framework/Versions/A/HIServices
0x0000000022e73000 	/System/Library/Frameworks/ApplicationServices.framework/Versions/A/Frameworks/LangAnalysis.framework/Versions/A/LangAnalysis
0x0000000022e73000 	/System/Library/Frameworks/ApplicationServices.framework/Versions/A/Frameworks/PrintCore.framework/Versions/A/PrintCore
0x0000000022e73000 	/System/Library/Frameworks/ApplicationServices.framework/Versions/A/Frameworks/QD.framework/Versions/A/QD
0x0000000022e73000 	/System/Library/Frameworks/ApplicationServices.framework/Versions/A/Frameworks/SpeechSynthesis.framework/Versions/A/SpeechSynthesis
0x0000000022e73000 	/System/Library/Frameworks/CoreDisplay.framework/Versions/A/CoreDisplay
0x0000000022e73000 	/System/Library/Frameworks/Accelerate.framework/Versions/A/Frameworks/vImage.framework/Versions/A/vImage
0x0000000022e73000 	/System/Library/Frameworks/Accelerate.framework/Versions/A/Frameworks/vecLib.framework/Versions/A/vecLib
0x0000000022e73000 	/System/Library/Frameworks/Accelerate.framework/Versions/A/Frameworks/vecLib.framework/Versions/A/libvDSP.dylib
0x0000000022e73000 	/System/Library/Frameworks/Accelerate.framework/Versions/A/Frameworks/vecLib.framework/Versions/A/libBNNS.dylib
0x0000000022e73000 	/System/Library/Frameworks/Accelerate.framework/Versions/A/Frameworks/vecLib.framework/Versions/A/libQuadrature.dylib
0x0000000022e73000 	/System/Library/Frameworks/Accelerate.framework/Versions/A/Frameworks/vecLib.framework/Versions/A/libvMisc.dylib
0x0000000022e73000 	/System/Library/Frameworks/Accelerate.framework/Versions/A/Frameworks/vecLib.framework/Versions/A/libLAPACK.dylib
0x0000000022e73000 	/System/Library/Frameworks/Accelerate.framework/Versions/A/Frameworks/vecLib.framework/Versions/A/libBLAS.dylib
0x0000000022e73000 	/System/Library/Frameworks/Accelerate.framework/Versions/A/Frameworks/vecLib.framework/Versions/A/libLinearAlgebra.dylib
0x0000000022e73000 	/System/Library/Frameworks/Accelerate.framework/Versions/A/Frameworks/vecLib.framework/Versions/A/libSparse.dylib
0x0000000022e73000 	/System/Library/Frameworks/Accelerate.framework/Versions/A/Frameworks/vecLib.framework/Versions/A/libSparseBLAS.dylib
0x0000000022e73000 	/System/Library/PrivateFrameworks/IOAccelerator.framework/Versions/A/IOAccelerator
0x0000000022e73000 	/System/Library/PrivateFrameworks/IOPresentment.framework/Versions/A/IOPresentment
0x0000000022e73000 	/System/Library/PrivateFrameworks/DSExternalDisplay.framework/Versions/A/DSExternalDisplay
0x0000000022e73000 	/System/Library/Frameworks/OpenGL.framework/Versions/A/Libraries/libCoreFSCache.dylib
0x0000000022e73000 	/System/Library/Frameworks/CoreVideo.framework/Versions/A/CoreVideo
0x0000000022e73000 	/System/Library/PrivateFrameworks/GraphVisualizer.framework/Versions/A/GraphVisualizer
0x0000000022e73000 	/System/Library/Frameworks/MetalPerformanceShaders.framework/Versions/A/MetalPerformanceShaders
0x0000000022e73000 	/usr/lib/libFosl_dynamic.dylib
0x0000000022e73000 	/System/Library/PrivateFrameworks/FaceCore.framework/Versions/A/FaceCore
0x0000000022e73000 	/System/Library/Frameworks/OpenCL.framework/Versions/A/OpenCL
0x0000000022e73000 	/usr/lib/libcompression.dylib
0x0000000022e73000 	/System/Library/Frameworks/ApplicationServices.framework/Versions/A/Frameworks/ATS.framework/Versions/A/Resources/libFontParser.dylib
0x0000000022e73000 	/System/Library/Frameworks/ApplicationServices.framework/Versions/A/Frameworks/ATS.framework/Versions/A/Resources/libFontRegistry.dylib
0x0000000022e73000 	/System/Library/Frameworks/ImageIO.framework/Versions/A/Resources/libJPEG.dylib
0x0000000022e73000 	/System/Library/Frameworks/ImageIO.framework/Versions/A/Resources/libTIFF.dylib
0x0000000022e73000 	/System/Library/Frameworks/ImageIO.framework/Versions/A/Resources/libPng.dylib
0x0000000022e73000 	/System/Library/Frameworks/ImageIO.framework/Versions/A/Resources/libGIF.dylib
0x0000000022e73000 	/System/Library/Frameworks/ImageIO.framework/Versions/A/Resources/libJP2.dylib
0x0000000022e73000 	/System/Library/Frameworks/ImageIO.framework/Versions/A/Resources/libRadiance.dylib
0x0000000022e73000 	/System/Library/PrivateFrameworks/AppleJPEG.framework/Versions/A/AppleJPEG
0x0000000022e73000 	/System/Library/PrivateFrameworks/MetalTools.framework/Versions/A/MetalTools
0x0000000022e73000 	/System/Library/Frameworks/MetalPerformanceShaders.framework/Frameworks/MPSCore.framework/Versions/A/MPSCore
0x0000000022e73000 	/System/Library/Frameworks/MetalPerformanceShaders.framework/Frameworks/MPSImage.framework/Versions/A/MPSImage
0x0000000022e73000 	/System/Library/Frameworks/MetalPerformanceShaders.framework/Frameworks/MPSMatrix.framework/Versions/A/MPSMatrix
0x0000000022e73000 	/System/Library/Frameworks/MetalPerformanceShaders.framework/Frameworks/MPSNeuralNetwork.framework/Versions/A/MPSNeuralNetwork
0x0000000022e73000 	/System/Library/Frameworks/OpenGL.framework/Versions/A/Libraries/libGLU.dylib
0x0000000022e73000 	/System/Library/Frameworks/OpenGL.framework/Versions/A/Libraries/libGFXShared.dylib
0x0000000022e73000 	/System/Library/Frameworks/OpenGL.framework/Versions/A/Libraries/libGL.dylib
0x0000000022e73000 	/System/Library/Frameworks/OpenGL.framework/Versions/A/Libraries/libGLImage.dylib
0x0000000022e73000 	/System/Library/Frameworks/OpenGL.framework/Versions/A/Libraries/libCVMSPluginSupport.dylib
0x0000000022e73000 	/System/Library/Frameworks/OpenGL.framework/Versions/A/Libraries/libCoreVMClient.dylib
0x0000000022e73000 	/usr/lib/libcups.2.dylib
0x0000000022e73000 	/System/Library/Frameworks/Kerberos.framework/Versions/A/Kerberos
0x0000000022e73000 	/System/Library/Frameworks/GSS.framework/Versions/A/GSS
0x0000000022e73000 	/usr/lib/libresolv.9.dylib
0x0000000022e73000 	/usr/lib/libiconv.2.dylib
0x0000000022e73000 	/System/Library/PrivateFrameworks/Heimdal.framework/Versions/A/Heimdal
0x0000000022e73000 	/usr/lib/libheimdal-asn1.dylib
0x0000000022e73000 	/System/Library/Frameworks/OpenDirectory.framework/Versions/A/OpenDirectory
0x0000000022e73000 	/System/Library/PrivateFrameworks/CommonAuth.framework/Versions/A/CommonAuth
0x0000000022e73000 	/System/Library/Frameworks/OpenDirectory.framework/Versions/A/Frameworks/CFOpenDirectory.framework/Versions/A/CFOpenDirectory
0x0000000022e73000 	/System/Library/Frameworks/SecurityFoundation.framework/Versions/A/SecurityFoundation
0x0000000022e73000 	/System/Library/PrivateFrameworks/APFS.framework/Versions/A/APFS
0x0000000022e73000 	/usr/lib/libutil.dylib
0x0000000022e73000 	/System/Library/PrivateFrameworks/AppleSauce.framework/Versions/A/AppleSauce
0x0000000022e73000 	/System/Library/PrivateFrameworks/LinguisticData.framework/Versions/A/LinguisticData
0x0000000022e73000 	/usr/lib/libmarisa.dylib
0x0000000022e73000 	/System/Library/PrivateFrameworks/Lexicon.framework/Versions/A/Lexicon
0x0000000022e73000 	/usr/lib/libChineseTokenizer.dylib
0x0000000022e73000 	/usr/lib/libcmph.dylib
0x0000000022e73000 	/System/Library/PrivateFrameworks/LanguageModeling.framework/Versions/A/LanguageModeling
0x0000000022e73000 	/System/Library/PrivateFrameworks/CoreEmoji.framework/Versions/A/CoreEmoji
0x0000000022e73000 	/System/Library/Frameworks/ServiceManagement.framework/Versions/A/ServiceManagement
0x0000000022e73000 	/System/Library/PrivateFrameworks/BackgroundTaskManagement.framework/Versions/A/BackgroundTaskManagement
0x0000000022e73000 	/usr/lib/libxslt.1.dylib
0x0000000022e73000 	/System/Library/Frameworks/Carbon.framework/Versions/A/Frameworks/Ink.framework/Versions/A/Ink
0x0000000022e73000 	/System/Library/PrivateFrameworks/TextureIO.framework/Versions/A/TextureIO
0x0000000022e73000 	/usr/lib/libate.dylib
0x0000000022e73000 	/System/Library/PrivateFrameworks/CrashReporterSupport.framework/Versions/A/CrashReporterSupport
0x0000000022e73000 	/System/Library/PrivateFrameworks/Sharing.framework/Versions/A/Sharing
0x0000000022e73000 	/System/Library/PrivateFrameworks/IconServices.framework/Versions/A/IconServices
0x0000000022e73000 	/System/Library/PrivateFrameworks/ProtocolBuffer.framework/Versions/A/ProtocolBuffer
0x0000000022e73000 	/System/Library/PrivateFrameworks/Apple80211.framework/Versions/A/Apple80211
0x0000000022e73000 	/System/Library/Frameworks/CoreWLAN.framework/Versions/A/CoreWLAN
0x0000000022e73000 	/System/Library/PrivateFrameworks/CoreUtils.framework/Versions/A/CoreUtils
0x0000000022e73000 	/System/Library/Frameworks/IOBluetooth.framework/Versions/A/IOBluetooth
0x0000000022e73000 	/System/Library/PrivateFrameworks/CoreWiFi.framework/Versions/A/CoreWiFi
0x0000000022e73000 	/System/Library/Frameworks/CoreBluetooth.framework/Versions/A/CoreBluetooth
0x0000000022e73000 	/System/Library/PrivateFrameworks/SignpostNotification.framework/Versions/A/SignpostNotification
0x0000000022e73000 	/System/Library/PrivateFrameworks/DebugSymbols.framework/Versions/A/DebugSymbols
0x0000000022e73000 	/System/Library/PrivateFrameworks/CoreSymbolication.framework/Versions/A/CoreSymbolication
0x0000000022e73000 	/System/Library/PrivateFrameworks/Symbolication.framework/Versions/A/Symbolication
0x0000000022e73000 	/System/Library/PrivateFrameworks/AppleFSCompression.framework/Versions/A/AppleFSCompression
0x0000000022e73000 	/System/Library/PrivateFrameworks/SpeechRecognitionCore.framework/Versions/A/SpeechRecognitionCore
0x0000000101000000 	/Library/Java/JavaVirtualMachines/jdk1.8.0_151.jdk/Contents/Home/jre/lib/server/libjvm.dylib
0x0000000022e73000 	/usr/lib/libstdc++.6.0.9.dylib
0x000000010064d000 	/Library/Java/JavaVirtualMachines/jdk1.8.0_151.jdk/Contents/Home/jre/lib/libverify.dylib
0x000000010065b000 	/Library/Java/JavaVirtualMachines/jdk1.8.0_151.jdk/Contents/Home/jre/lib/libjava.dylib
0x0000000100691000 	/Library/Java/JavaVirtualMachines/jdk1.8.0_151.jdk/Contents/Home/jre/lib/libinstrument.dylib
0x000000010072f000 	/Library/Java/JavaVirtualMachines/jdk1.8.0_151.jdk/Contents/Home/jre/lib/libzip.dylib
0x0000000022e73000 	/System/Library/Frameworks/JavaVM.framework/Versions/A/Frameworks/JavaRuntimeSupport.framework/Versions/A/JavaRuntimeSupport
0x0000000022e73000 	/System/Library/Frameworks/JavaVM.framework/Versions/A/Frameworks/JavaNativeFoundation.framework/Versions/A/JavaNativeFoundation
0x0000000022e73000 	/System/Library/Frameworks/JavaVM.framework/Versions/A/JavaVM
0x0000000022e73000 	/System/Library/Frameworks/Carbon.framework/Versions/A/Carbon
0x0000000022e73000 	/System/Library/PrivateFrameworks/JavaLaunching.framework/Versions/A/JavaLaunching
0x0000000022e73000 	/System/Library/Frameworks/Carbon.framework/Versions/A/Frameworks/CommonPanels.framework/Versions/A/CommonPanels
0x0000000022e73000 	/System/Library/Frameworks/Carbon.framework/Versions/A/Frameworks/Help.framework/Versions/A/Help
0x0000000022e73000 	/System/Library/Frameworks/Carbon.framework/Versions/A/Frameworks/ImageCapture.framework/Versions/A/ImageCapture
0x0000000022e73000 	/System/Library/Frameworks/Carbon.framework/Versions/A/Frameworks/OpenScripting.framework/Versions/A/OpenScripting
0x0000000022e73000 	/System/Library/Frameworks/Carbon.framework/Versions/A/Frameworks/Print.framework/Versions/A/Print
0x0000000022e73000 	/System/Library/Frameworks/Carbon.framework/Versions/A/Frameworks/SecurityHI.framework/Versions/A/SecurityHI
0x0000000106ccb000 	/Library/Java/JavaVirtualMachines/jdk1.8.0_151.jdk/Contents/Home/jre/lib/libnet.dylib
0x00000001070be000 	/Users/joshisaacson/.javacpp/cache/nd4j-native-1.0.0-alpha-macosx-x86_64.jar/org/nd4j/nativeblas/macosx-x86_64/libgcc_s.1.dylib
0x0000000107119000 	/Library/Java/JavaVirtualMachines/jdk1.8.0_151.jdk/Contents/Home/jre/lib/libnio.dylib
0x00000001071bf000 	/Users/joshisaacson/.javacpp/cache/nd4j-native-1.0.0-alpha-macosx-x86_64.jar/org/nd4j/nativeblas/macosx-x86_64/libgomp.1.dylib
0x0000000107888000 	/Users/joshisaacson/.javacpp/cache/nd4j-native-1.0.0-alpha-macosx-x86_64.jar/org/nd4j/nativeblas/macosx-x86_64/libstdc++.6.dylib
0x000000011ff5c000 	/Users/joshisaacson/.javacpp/cache/nd4j-native-1.0.0-alpha-macosx-x86_64.jar/org/nd4j/nativeblas/macosx-x86_64/libnd4jcpu.dylib
0x0000000107bc0000 	/Users/joshisaacson/.javacpp/cache/nd4j-native-1.0.0-alpha-macosx-x86_64.jar/org/nd4j/nativeblas/macosx-x86_64/libjnind4jcpu.dylib
0x0000000122059000 	/Users/joshisaacson/.javacpp/cache/openblas-0.2.20-1.4.1-macosx-x86_64.jar/org/bytedeco/javacpp/macosx-x86_64/libopenblas.dylib
0x0000000128bf3000 	/Users/joshisaacson/.javacpp/cache/openblas-0.2.20-1.4.1-macosx-x86_64.jar/org/bytedeco/javacpp/macosx-x86_64/libjniopenblas.dylib

VM Arguments:
jvm_args: -ea -Didea.test.cyclic.buffer.size=1048576 -javaagent:/Applications/IntelliJ IDEA.app/Contents/lib/idea_rt.jar=50890:/Applications/IntelliJ IDEA.app/Contents/bin -Dfile.encoding=UTF-8 
java_command: com.intellij.rt.execution.junit.JUnitStarter -ideVersion5 -junit4 UtilitiesTest,convolveGridTest
java_class_path (initial): /Applications/IntelliJ IDEA.app/Contents/lib/idea_rt.jar:/Applications/IntelliJ IDEA.app/Contents/plugins/junit/lib/junit-rt.jar:/Applications/IntelliJ IDEA.app/Contents/plugins/junit/lib/junit5-rt.jar:/Library/Java/JavaVirtualMachines/jdk1.8.0_151.jdk/Contents/Home/jre/lib/charsets.jar:/Library/Java/JavaVirtualMachines/jdk1.8.0_151.jdk/Contents/Home/jre/lib/deploy.jar:/Library/Java/JavaVirtualMachines/jdk1.8.0_151.jdk/Contents/Home/jre/lib/ext/cldrdata.jar:/Library/Java/JavaVirtualMachines/jdk1.8.0_151.jdk/Contents/Home/jre/lib/ext/dnsns.jar:/Library/Java/JavaVirtualMachines/jdk1.8.0_151.jdk/Contents/Home/jre/lib/ext/jaccess.jar:/Library/Java/JavaVirtualMachines/jdk1.8.0_151.jdk/Contents/Home/jre/lib/ext/jfxrt.jar:/Library/Java/JavaVirtualMachines/jdk1.8.0_151.jdk/Contents/Home/jre/lib/ext/localedata.jar:/Library/Java/JavaVirtualMachines/jdk1.8.0_151.jdk/Contents/Home/jre/lib/ext/nashorn.jar:/Library/Java/JavaVirtualMachines/jdk1.8.0_151.jdk/Contents/Home/jre/lib/ext/sunec.jar:/Library/Java/JavaVirtualMachines/jdk1.8.0_151.jdk/Contents/Home/jre/lib/ext/sunjce_provider.jar:/Library/Java/JavaVirtualMachines/jdk1.8.0_151.jdk/Contents/Home/jre/lib/ext/sunpkcs11.jar:/Library/Java/JavaVirtualMachines/jdk1.8.0_151.jdk/Contents/Home/jre/lib/ext/zipfs.jar:/Library/Java/JavaVirtualMachines/jdk1.8.0_151.jdk/Contents/Home/jre/lib/javaws.jar:/Library/Java/JavaVirtualMachines/jdk1.8.0_151.jdk/Contents/Home/jre/lib/jce.jar:/Library/Java/JavaVirtualMachines/jdk1.8.0_151.jdk/Contents/Home/jre/lib/jfr.jar:/Library/Java/JavaVirtualMachines/jdk1.8.0_151.jdk/Contents/Home/jre/lib/jfxswt.jar:/Library/Java/JavaVirtualMachines/jdk1.8.0_151.jdk/Contents/Home/jre/lib/jsse.jar:/Library/Java/JavaVirtualMachines/jdk1.8.0_151.jdk/Contents/Home/jre/lib/management-agent.jar:/Library/Java/JavaVirtualMachines/jdk1.8.0_151.jdk/Contents/Home/jre/lib/plugin.jar:/Library/Java/JavaVirtualMachines/jdk1.8.0_151.jdk/Contents/Home/jre/lib/resources.jar:/Library/Java/JavaVirtualM
Launcher Type: SUN_STANDARD

Environment Variables:
PATH=/Library/Frameworks/Python.framework/Versions/3.6/bin:/usr/local/bin:/usr/bin:/bin:/usr/sbin:/sbin:/Applications/Postgres.app/Contents/Versions/latest/bin
SHELL=/bin/zsh

Signal Handlers:
SIGSEGV: [libjvm.dylib+0x5b27a5], sa_mask[0]=11111111011111110111111111111111, sa_flags=SA_ONSTACK|SA_RESTART|SA_SIGINFO
SIGBUS: [libjvm.dylib+0x5b27a5], sa_mask[0]=11111111011111110111111111111111, sa_flags=SA_RESTART|SA_SIGINFO
SIGFPE: [libjvm.dylib+0x4891c4], sa_mask[0]=11111111011111110111111111111111, sa_flags=SA_RESTART|SA_SIGINFO
SIGPIPE: [libjvm.dylib+0x4891c4], sa_mask[0]=11111111011111110111111111111111, sa_flags=SA_RESTART|SA_SIGINFO
SIGXFSZ: [libjvm.dylib+0x4891c4], sa_mask[0]=11111111011111110111111111111111, sa_flags=SA_RESTART|SA_SIGINFO
SIGILL: [libjvm.dylib+0x4891c4], sa_mask[0]=11111111011111110111111111111111, sa_flags=SA_RESTART|SA_SIGINFO
SIGUSR1: SIG_DFL, sa_mask[0]=00000000000000000000000000000000, sa_flags=none
SIGUSR2: [libjvm.dylib+0x488ce2], sa_mask[0]=00100000000000000000000000000000, sa_flags=SA_RESTART|SA_SIGINFO
SIGHUP: [libjvm.dylib+0x4872b9], sa_mask[0]=11111111011111110111111111111111, sa_flags=SA_RESTART|SA_SIGINFO
SIGINT: [libjvm.dylib+0x4872b9], sa_mask[0]=11111111011111110111111111111111, sa_flags=SA_RESTART|SA_SIGINFO
SIGTERM: [libjvm.dylib+0x4872b9], sa_mask[0]=11111111011111110111111111111111, sa_flags=SA_RESTART|SA_SIGINFO
SIGQUIT: [libjvm.dylib+0x4872b9], sa_mask[0]=11111111011111110111111111111111, sa_flags=SA_RESTART|SA_SIGINFO


---------------  S Y S T E M  ---------------

OS:Bsduname:Darwin 17.3.0 Darwin Kernel Version 17.3.0: Thu Nov  9 18:09:22 PST 2017; root:xnu-4570.31.3~1/RELEASE_X86_64 x86_64
rlimit: STACK 8192k, CORE 0k, NPROC 1418, NOFILE 10240, AS infinity
load average:2.37 1.92 1.74

CPU:total 4 (initial active 4) (2 cores per cpu, 2 threads per core) family 6 model 142 stepping 9, cmov, cx8, fxsr, mmx, sse, sse2, sse3, ssse3, sse4.1, sse4.2, popcnt, avx, avx2, aes, clmul, erms, 3dnowpref, lzcnt, ht, tsc, tscinvbit, bmi1, bmi2, adx

Memory: 4k page, physical 16777216k(1344476k free)

/proc/meminfo:


vm_info: Java HotSpot(TM) 64-Bit Server VM (25.151-b12) for bsd-amd64 JRE (1.8.0_151-b12), built on Sep  5 2017 19:37:08 by "java_re" with gcc 4.2.1 (Based on Apple Inc. build 5658) (LLVM build 2336.11.00)

time: Fri Apr 13 22:51:36 2018
elapsed time: 1 seconds (0d 0h 0m 1s)

