#
# A fatal error has been detected by the Java Runtime Environment:
#
#  SIGSEGV (0xb) at pc=0x000000012b696af7, pid=23811, tid=0x0000000000002603
#
# JRE version: Java(TM) SE Runtime Environment (8.0_151-b12) (build 1.8.0_151-b12)
# Java VM: Java HotSpot(TM) 64-Bit Server VM (25.151-b12 mixed mode bsd-amd64 compressed oops)
# Problematic frame:
# C  [libnd4jcpu.dylib+0x2caf7]  _ZN5shape24computeElementWiseStrideEiPiS0_i+0x887
#
# Failed to write core dump. Core dumps have been disabled. To enable core dumping, try "ulimit -c unlimited" before starting Java again
#
# If you would like to submit a bug report, please visit:
#   http://bugreport.java.com/bugreport/crash.jsp
# The crash happened outside the Java Virtual Machine in native code.
# See problematic frame for where to report the bug.
#

---------------  T H R E A D  ---------------

Current thread (0x00007f94d8808800):  JavaThread "main" [_thread_in_native, id=9731, stack(0x00007000079d2000,0x0000700007ad2000)]

siginfo: si_signo: 11 (SIGSEGV), si_code: 1 (SEGV_MAPERR), si_addr: 0x00007f94dac00000

Registers:
RAX=0x0000000000000003, RBX=0x00007f94da97b6b0, RCX=0x0000000000000000, RDX=0x0000000024ba0000
RSP=0x0000700007acf720, RBP=0x00007f94da97b6d0, RSI=0x0000000000000000, RDI=0x00000000000a1255
R8 =0x00000000000a1254, R9 =0x00007f94da97b6b0, R10=0x0000000000000000, R11=0x0000000000000000
R12=0x00007f94da97b440, R13=0x0000000000000000, R14=0x0000000000000000, R15=0x0000000000000000
RIP=0x000000012b696af7, EFLAGS=0x0000000000010207, ERR=0x0000000000000004
  TRAPNO=0x000000000000000e

Top of Stack: (sp=0x0000700007acf720)
0x0000700007acf720:   0000000000000000 00007f94da97b6f0
0x0000700007acf730:   0000700000000001 0000000400000000
0x0000700007acf740:   0000000000000000 0000000000000006
0x0000700007acf750:   00007f94da97b670 0000700007acf780
0x0000700007acf760:   00007f94da97b650 0000700007acfd78
0x0000700007acf770:   0000700007acf9a0 000000012c0ac3d1
0x0000700007acf780:   bba10000bba10000 0001000001510000
0x0000700007acf790:   0000000100000100 00007fff722ae201
0x0000700007acf7a0:   0000000000000040 0000700007acfd78
0x0000700007acf7b0:   0000700007acfd78 0000700007acf9a0
0x0000700007acf7c0:   0000700007acf7e0 00007fff722ad50b
0x0000700007acf7d0:   0000000000000000 0000700007acfd78
0x0000700007acf7e0:   0000000000000040 000000012c2b0d7a
0x0000700007acf7f0:   1fc0000000000000 00007f94da97b670
0x0000700007acf800:   0000700007acf820 0000000000000006
0x0000700007acf810:   00007f94da97b650 0000000000000063
0x0000700007acf820:   0000700007acfa40 000000012bf1b1d6
0x0000700007acf830:   0000700007acf850 00007fff722ad50b
0x0000700007acf840:   0000000000000100 0000700007acfd78
0x0000700007acf850:   00007f94da97b350 0000700007acfa40
0x0000700007acf860:   0000000000000001 00007f94da97afe0
0x0000700007acf870:   00007f94da97b020 000000012c705c05
0x0000700007acf880:   00007f9400000151 0000000000000151
0x0000700007acf890:   0000700000000001 0000700000000001
0x0000700007acf8a0:   0000700000000001 0000700000000001
0x0000700007acf8b0:   0000700007acf954 0000700007acf950
0x0000700007acf8c0:   0000700007acf958 0000700007acf95c
0x0000700007acf8d0:   000000010d087080 0000700007acfa20
0x0000700007acf8e0:   0000015100000151 00007f94da97b5c0
0x0000700007acf8f0:   0000000100000001 0000000100000001
0x0000700007acf900:   00007f94da97b4f0 00007f94da97b2b0
0x0000700007acf910:   0000700007acf9e0 0000000100000001 

Instructions: (pc=0x000000012b696af7)
0x000000012b696ad7:   8b 09 39 ca 75 11 eb 31 90 4c 63 c0 ff c0 43 0f
0x000000012b696ae7:   af 14 84 39 ca 74 22 39 d1 7f ee 4c 63 c7 ff c7
0x000000012b696af7:   42 0f af 0c 83 eb ec 66 90 83 7e 04 01 0f 85 8e
0x000000012b696b07:   f7 ff ff e9 01 ff ff ff 90 8d 57 ff 44 39 ea 0f 

Register to memory mapping:

RAX=0x0000000000000003 is an unknown value
RBX=0x00007f94da97b6b0 is an unknown value
RCX=0x0000000000000000 is an unknown value
RDX=0x0000000024ba0000 is an unknown value
RSP=0x0000700007acf720 is pointing into the stack for thread: 0x00007f94d8808800
RBP=0x00007f94da97b6d0 is an unknown value
RSI=0x0000000000000000 is an unknown value
RDI=0x00000000000a1255 is an unknown value
R8 =0x00000000000a1254 is an unknown value
R9 =0x00007f94da97b6b0 is an unknown value
R10=0x0000000000000000 is an unknown value
R11=0x0000000000000000 is an unknown value
R12=0x00007f94da97b440 is an unknown value
R13=0x0000000000000000 is an unknown value
R14=0x0000000000000000 is an unknown value
R15=0x0000000000000000 is an unknown value


Stack: [0x00007000079d2000,0x0000700007ad2000],  sp=0x0000700007acf720,  free space=1013k
Native frames: (J=compiled Java code, j=interpreted, Vv=VM code, C=native code)
C  [libnd4jcpu.dylib+0x2caf7]  _ZN5shape24computeElementWiseStrideEiPiS0_i+0x887

Java frames: (J=compiled Java code, j=interpreted, Vv=VM code)
j  org.nd4j.nativeblas.Nd4jCpu$NativeOps.execCustomOpFloat(Lorg/bytedeco/javacpp/PointerPointer;JLorg/bytedeco/javacpp/PointerPointer;Lorg/bytedeco/javacpp/PointerPointer;ILorg/bytedeco/javacpp/PointerPointer;Lorg/bytedeco/javacpp/PointerPointer;ILorg/bytedeco/javacpp/FloatPointer;ILorg/bytedeco/javacpp/IntPointer;IZ)I+0
j  org.nd4j.linalg.cpu.nativecpu.ops.NativeOpExecutioner.exec(Lorg/nd4j/linalg/api/ops/CustomOp;)V+595
j  org.nd4j.autodiff.samediff.SameDiff.exec()Lorg/nd4j/linalg/primitives/Pair;+1910
j  org.nd4j.autodiff.samediff.SameDiff.execAndEndResult()Lorg/nd4j/linalg/api/ndarray/INDArray;+8
j  Utilities.convolveGrid(Lorg/nd4j/linalg/api/ndarray/INDArray;Lorg/nd4j/linalg/api/ndarray/INDArray;)Lorg/nd4j/linalg/api/ndarray/INDArray;+236
j  FastKde.fastKde2d(Lorg/nd4j/linalg/api/ndarray/INDArray;Lorg/nd4j/linalg/api/ndarray/INDArray;ILjava/lang/Boolean;Lorg/nd4j/linalg/api/ndarray/INDArray;Ljava/lang/Double;)Lorg/nd4j/linalg/api/ndarray/INDArray;+771
j  FastKde.fastKde2d(Lorg/nd4j/linalg/api/ndarray/INDArray;Lorg/nd4j/linalg/api/ndarray/INDArray;)Lorg/nd4j/linalg/api/ndarray/INDArray;+43
j  FastKdeTest.inputXYWeightsDimenstionTest()V+146
v  ~StubRoutines::call_stub
j  sun.reflect.NativeMethodAccessorImpl.invoke0(Ljava/lang/reflect/Method;Ljava/lang/Object;[Ljava/lang/Object;)Ljava/lang/Object;+0
j  sun.reflect.NativeMethodAccessorImpl.invoke(Ljava/lang/Object;[Ljava/lang/Object;)Ljava/lang/Object;+100
j  sun.reflect.DelegatingMethodAccessorImpl.invoke(Ljava/lang/Object;[Ljava/lang/Object;)Ljava/lang/Object;+6
j  java.lang.reflect.Method.invoke(Ljava/lang/Object;[Ljava/lang/Object;)Ljava/lang/Object;+56
j  org.junit.runners.model.FrameworkMethod$1.runReflectiveCall()Ljava/lang/Object;+15
j  org.junit.internal.runners.model.ReflectiveCallable.run()Ljava/lang/Object;+1
j  org.junit.runners.model.FrameworkMethod.invokeExplosively(Ljava/lang/Object;[Ljava/lang/Object;)Ljava/lang/Object;+10
j  org.junit.internal.runners.statements.InvokeMethod.evaluate()V+12
j  org.junit.runners.ParentRunner.runLeaf(Lorg/junit/runners/model/Statement;Lorg/junit/runner/Description;Lorg/junit/runner/notification/RunNotifier;)V+17
j  org.junit.runners.BlockJUnit4ClassRunner.runChild(Lorg/junit/runners/model/FrameworkMethod;Lorg/junit/runner/notification/RunNotifier;)V+30
j  org.junit.runners.BlockJUnit4ClassRunner.runChild(Ljava/lang/Object;Lorg/junit/runner/notification/RunNotifier;)V+6
j  org.junit.runners.ParentRunner$3.run()V+12
j  org.junit.runners.ParentRunner$1.schedule(Ljava/lang/Runnable;)V+1
j  org.junit.runners.ParentRunner.runChildren(Lorg/junit/runner/notification/RunNotifier;)V+44
j  org.junit.runners.ParentRunner.access$000(Lorg/junit/runners/ParentRunner;Lorg/junit/runner/notification/RunNotifier;)V+2
j  org.junit.runners.ParentRunner$2.evaluate()V+8
j  org.junit.runners.ParentRunner.run(Lorg/junit/runner/notification/RunNotifier;)V+20
j  org.junit.runner.JUnitCore.run(Lorg/junit/runner/Runner;)Lorg/junit/runner/Result;+37
j  com.intellij.junit4.JUnit4IdeaTestRunner.startRunnerWithArgs([Ljava/lang/String;Ljava/lang/String;IZ)I+146
j  com.intellij.rt.execution.junit.IdeaTestRunner$Repeater.startRunnerWithArgs(Lcom/intellij/rt/execution/junit/IdeaTestRunner;[Ljava/lang/String;Ljava/util/ArrayList;Ljava/lang/String;IZ)I+20
j  com.intellij.rt.execution.junit.JUnitStarter.prepareStreamsAndStart([Ljava/lang/String;Ljava/lang/String;Ljava/util/ArrayList;Ljava/lang/String;)I+116
j  com.intellij.rt.execution.junit.JUnitStarter.main([Ljava/lang/String;)V+116
v  ~StubRoutines::call_stub

---------------  P R O C E S S  ---------------

Java Threads: ( => current thread )
  0x00007f94da1fe000 JavaThread "JavaCPP Deallocator" daemon [_thread_blocked, id=16387, stack(0x0000700008a02000,0x0000700008b02000)]
  0x00007f94d9924800 JavaThread "Workspace deallocator thread" daemon [_thread_blocked, id=16899, stack(0x00007000088ff000,0x00007000089ff000)]
  0x00007f94d9827800 JavaThread "Service Thread" daemon [_thread_blocked, id=17411, stack(0x00007000086f9000,0x00007000087f9000)]
  0x00007f94d903c800 JavaThread "C1 CompilerThread2" daemon [_thread_blocked, id=17923, stack(0x00007000085f6000,0x00007000086f6000)]
  0x00007f94d903c000 JavaThread "C2 CompilerThread1" daemon [_thread_blocked, id=18435, stack(0x00007000084f3000,0x00007000085f3000)]
  0x00007f94d9015800 JavaThread "C2 CompilerThread0" daemon [_thread_in_native, id=14083, stack(0x00007000083f0000,0x00007000084f0000)]
  0x00007f94da038800 JavaThread "Monitor Ctrl-Break" daemon [_thread_in_native, id=13571, stack(0x00007000082ed000,0x00007000083ed000)]
  0x00007f94da025800 JavaThread "Signal Dispatcher" daemon [_thread_blocked, id=13319, stack(0x00007000081ea000,0x00007000082ea000)]
  0x00007f94d9820800 JavaThread "Finalizer" daemon [_thread_blocked, id=11779, stack(0x00007000080e7000,0x00007000081e7000)]
  0x00007f94d8821800 JavaThread "Reference Handler" daemon [_thread_blocked, id=20739, stack(0x0000700007fe4000,0x00007000080e4000)]
=>0x00007f94d8808800 JavaThread "main" [_thread_in_native, id=9731, stack(0x00007000079d2000,0x0000700007ad2000)]

Other Threads:
  0x00007f94d881e800 VMThread [stack: 0x0000700007ee1000,0x0000700007fe1000] [id=20995]
  0x00007f94d9883000 WatcherThread [stack: 0x00007000087fc000,0x00007000088fc000] [id=14851]

VM state:not at safepoint (normal execution)

VM Mutex/Monitor currently owned by a thread: None

Heap:
 PSYoungGen      total 269824K, used 115772K [0x000000076ab00000, 0x000000077c800000, 0x00000007c0000000)
  eden space 258560K, 44% used [0x000000076ab00000,0x0000000771c0f248,0x000000077a780000)
  from space 11264K, 0% used [0x000000077b600000,0x000000077b600000,0x000000077c100000)
  to   space 14848K, 0% used [0x000000077a780000,0x000000077a780000,0x000000077b600000)
 ParOldGen       total 96768K, used 13966K [0x00000006c0000000, 0x00000006c5e80000, 0x000000076ab00000)
  object space 96768K, 14% used [0x00000006c0000000,0x00000006c0da3a60,0x00000006c5e80000)
 Metaspace       used 27267K, capacity 27534K, committed 27648K, reserved 1073152K
  class space    used 3420K, capacity 3492K, committed 3584K, reserved 1048576K

Card table byte_map: [0x000000010ed67000,0x000000010f568000] byte_map_base: 0x000000010b767000

Marking Bits: (ParMarkBitMap*) 0x000000010e2f35d0
 Begin Bits: [0x000000011fd57000, 0x0000000123d57000)
 End Bits:   [0x0000000123d57000, 0x0000000127d57000)

Polling page: 0x000000010d0e6000

CodeCache: size=245760Kb used=6859Kb max_used=6870Kb free=238900Kb
 bounds [0x0000000110d57000, 0x0000000111417000, 0x000000011fd57000]
 total_blobs=2819 nmethods=1801 adapters=931
 compilation: enabled

Compilation events (10 events):
Event: 3.429 Thread 0x00007f94d903c800 nmethod 1805 0x0000000111405e50 code [0x0000000111406020, 0x0000000111406708]
Event: 3.430 Thread 0x00007f94d903c000 nmethod 1801 0x0000000111405b10 code [0x0000000111405c60, 0x0000000111405d58]
Event: 3.430 Thread 0x00007f94d903c000 1798       4       java.util.concurrent.ConcurrentHashMap::putIfAbsent (8 bytes)
Event: 3.430 Thread 0x00007f94d903c000 nmethod 1798 0x0000000111411910 code [0x0000000111411a60, 0x0000000111411ae8]
Event: 3.431 Thread 0x00007f94d903c000 1806       4       sun.nio.fs.UnixPath::checkNotNul (16 bytes)
Event: 3.431 Thread 0x00007f94d903c000 nmethod 1806 0x00000001113fc350 code [0x00000001113fc4a0, 0x00000001113fc4f8]
Event: 3.435 Thread 0x00007f94d903c800 1808       3       org.bytedeco.javacpp.Pointer::position (5 bytes)
Event: 3.435 Thread 0x00007f94d903c000 1807       4       com.google.common.base.Preconditions::checkNotNull (14 bytes)
Event: 3.435 Thread 0x00007f94d903c800 nmethod 1808 0x00000001114057d0 code [0x0000000111405920, 0x0000000111405a70]
Event: 3.436 Thread 0x00007f94d903c000 nmethod 1807 0x0000000111405190 code [0x00000001114052e0, 0x0000000111405338]

GC Heap History (10 events):
Event: 2.005 GC heap before
{Heap before GC invocations=3 (full 0):
 PSYoungGen      total 76288K, used 71802K [0x000000076ab00000, 0x0000000770000000, 0x00000007c0000000)
  eden space 65536K, 100% used [0x000000076ab00000,0x000000076eb00000,0x000000076eb00000)
  from space 10752K, 58% used [0x000000076f580000,0x000000076fb9e898,0x0000000770000000)
  to   space 10752K, 0% used [0x000000076eb00000,0x000000076eb00000,0x000000076f580000)
 ParOldGen       total 175104K, used 16K [0x00000006c0000000, 0x00000006cab00000, 0x000000076ab00000)
  object space 175104K, 0% used [0x00000006c0000000,0x00000006c0004000,0x00000006cab00000)
 Metaspace       used 16473K, capacity 16649K, committed 16768K, reserved 1064960K
  class space    used 2083K, capacity 2128K, committed 2176K, reserved 1048576K
Event: 2.012 GC heap after
Heap after GC invocations=3 (full 0):
 PSYoungGen      total 76288K, used 10740K [0x000000076ab00000, 0x0000000774000000, 0x00000007c0000000)
  eden space 65536K, 0% used [0x000000076ab00000,0x000000076ab00000,0x000000076eb00000)
  from space 10752K, 99% used [0x000000076eb00000,0x000000076f57d080,0x000000076f580000)
  to   space 10752K, 0% used [0x0000000773580000,0x0000000773580000,0x0000000774000000)
 ParOldGen       total 175104K, used 588K [0x00000006c0000000, 0x00000006cab00000, 0x000000076ab00000)
  object space 175104K, 0% used [0x00000006c0000000,0x00000006c00931a0,0x00000006cab00000)
 Metaspace       used 16473K, capacity 16649K, committed 16768K, reserved 1064960K
  class space    used 2083K, capacity 2128K, committed 2176K, reserved 1048576K
}
Event: 2.222 GC heap before
{Heap before GC invocations=4 (full 0):
 PSYoungGen      total 76288K, used 76276K [0x000000076ab00000, 0x0000000774000000, 0x00000007c0000000)
  eden space 65536K, 100% used [0x000000076ab00000,0x000000076eb00000,0x000000076eb00000)
  from space 10752K, 99% used [0x000000076eb00000,0x000000076f57d080,0x000000076f580000)
  to   space 10752K, 0% used [0x0000000773580000,0x0000000773580000,0x0000000774000000)
 ParOldGen       total 175104K, used 588K [0x00000006c0000000, 0x00000006cab00000, 0x000000076ab00000)
  object space 175104K, 0% used [0x00000006c0000000,0x00000006c00931a0,0x00000006cab00000)
 Metaspace       used 17969K, capacity 18153K, committed 18432K, reserved 1064960K
  class space    used 2220K, capacity 2288K, committed 2304K, reserved 1048576K
Event: 2.227 GC heap after
Heap after GC invocations=4 (full 0):
 PSYoungGen      total 141824K, used 6518K [0x000000076ab00000, 0x0000000774000000, 0x00000007c0000000)
  eden space 131072K, 0% used [0x000000076ab00000,0x000000076ab00000,0x0000000772b00000)
  from space 10752K, 60% used [0x0000000773580000,0x0000000773bddb28,0x0000000774000000)
  to   space 10752K, 0% used [0x0000000772b00000,0x0000000772b00000,0x0000000773580000)
 ParOldGen       total 175104K, used 596K [0x00000006c0000000, 0x00000006cab00000, 0x000000076ab00000)
  object space 175104K, 0% used [0x00000006c0000000,0x00000006c00951a0,0x00000006cab00000)
 Metaspace       used 17969K, capacity 18153K, committed 18432K, reserved 1064960K
  class space    used 2220K, capacity 2288K, committed 2304K, reserved 1048576K
}
Event: 2.513 GC heap before
{Heap before GC invocations=5 (full 0):
 PSYoungGen      total 141824K, used 137590K [0x000000076ab00000, 0x0000000774000000, 0x00000007c0000000)
  eden space 131072K, 100% used [0x000000076ab00000,0x0000000772b00000,0x0000000772b00000)
  from space 10752K, 60% used [0x0000000773580000,0x0000000773bddb28,0x0000000774000000)
  to   space 10752K, 0% used [0x0000000772b00000,0x0000000772b00000,0x0000000773580000)
 ParOldGen       total 175104K, used 596K [0x00000006c0000000, 0x00000006cab00000, 0x000000076ab00000)
  object space 175104K, 0% used [0x00000006c0000000,0x00000006c00951a0,0x00000006cab00000)
 Metaspace       used 19299K, capacity 19497K, committed 19584K, reserved 1067008K
  class space    used 2353K, capacity 2416K, committed 2432K, reserved 1048576K
Event: 2.521 GC heap after
Heap after GC invocations=5 (full 0):
 PSYoungGen      total 141824K, used 8979K [0x000000076ab00000, 0x000000077c100000, 0x00000007c0000000)
  eden space 131072K, 0% used [0x000000076ab00000,0x000000076ab00000,0x0000000772b00000)
  from space 10752K, 83% used [0x0000000772b00000,0x00000007733c4eb8,0x0000000773580000)
  to   space 11264K, 0% used [0x000000077b600000,0x000000077b600000,0x000000077c100000)
 ParOldGen       total 175104K, used 604K [0x00000006c0000000, 0x00000006cab00000, 0x000000076ab00000)
  object space 175104K, 0% used [0x00000006c0000000,0x00000006c00971a0,0x00000006cab00000)
 Metaspace       used 19299K, capacity 19497K, committed 19584K, reserved 1067008K
  class space    used 2353K, capacity 2416K, committed 2432K, reserved 1048576K
}
Event: 2.722 GC heap before
{Heap before GC invocations=6 (full 0):
 PSYoungGen      total 141824K, used 93110K [0x000000076ab00000, 0x000000077c100000, 0x00000007c0000000)
  eden space 131072K, 64% used [0x000000076ab00000,0x000000076fd28b28,0x0000000772b00000)
  from space 10752K, 83% used [0x0000000772b00000,0x00000007733c4eb8,0x0000000773580000)
  to   space 11264K, 0% used [0x000000077b600000,0x000000077b600000,0x000000077c100000)
 ParOldGen       total 175104K, used 604K [0x00000006c0000000, 0x00000006cab00000, 0x000000076ab00000)
  object space 175104K, 0% used [0x00000006c0000000,0x00000006c00971a0,0x00000006cab00000)
 Metaspace       used 20944K, capacity 21097K, committed 21296K, reserved 1067008K
  class space    used 2797K, capacity 2864K, committed 2944K, reserved 1048576K
Event: 2.734 GC heap after
Heap after GC invocations=6 (full 0):
 PSYoungGen      total 269824K, used 11254K [0x000000076ab00000, 0x000000077c800000, 0x00000007c0000000)
  eden space 258560K, 0% used [0x000000076ab00000,0x000000076ab00000,0x000000077a780000)
  from space 11264K, 99% used [0x000000077b600000,0x000000077c0fdaa8,0x000000077c100000)
  to   space 14848K, 0% used [0x000000077a780000,0x000000077a780000,0x000000077b600000)
 ParOldGen       total 175104K, used 3962K [0x00000006c0000000, 0x00000006cab00000, 0x000000076ab00000)
  object space 175104K, 2% used [0x00000006c0000000,0x00000006c03de940,0x00000006cab00000)
 Metaspace       used 20944K, capacity 21097K, committed 21296K, reserved 1067008K
  class space    used 2797K, capacity 2864K, committed 2944K, reserved 1048576K
}
Event: 2.734 GC heap before
{Heap before GC invocations=7 (full 1):
 PSYoungGen      total 269824K, used 11254K [0x000000076ab00000, 0x000000077c800000, 0x00000007c0000000)
  eden space 258560K, 0% used [0x000000076ab00000,0x000000076ab00000,0x000000077a780000)
  from space 11264K, 99% used [0x000000077b600000,0x000000077c0fdaa8,0x000000077c100000)
  to   space 14848K, 0% used [0x000000077a780000,0x000000077a780000,0x000000077b600000)
 ParOldGen       total 175104K, used 3962K [0x00000006c0000000, 0x00000006cab00000, 0x000000076ab00000)
  object space 175104K, 2% used [0x00000006c0000000,0x00000006c03de940,0x00000006cab00000)
 Metaspace       used 20944K, capacity 21097K, committed 21296K, reserved 1067008K
  class space    used 2797K, capacity 2864K, committed 2944K, reserved 1048576K
Event: 2.755 GC heap after
Heap after GC invocations=7 (full 1):
 PSYoungGen      total 269824K, used 0K [0x000000076ab00000, 0x000000077c800000, 0x00000007c0000000)
  eden space 258560K, 0% used [0x000000076ab00000,0x000000076ab00000,0x000000077a780000)
  from space 11264K, 0% used [0x000000077b600000,0x000000077b600000,0x000000077c100000)
  to   space 14848K, 0% used [0x000000077a780000,0x000000077a780000,0x000000077b600000)
 ParOldGen       total 96768K, used 13966K [0x00000006c0000000, 0x00000006c5e80000, 0x000000076ab00000)
  object space 96768K, 14% used [0x00000006c0000000,0x00000006c0da3a60,0x00000006c5e80000)
 Metaspace       used 20944K, capacity 21097K, committed 21296K, reserved 1067008K
  class space    used 2797K, capacity 2864K, committed 2944K, reserved 1048576K
}

Deoptimization events (10 events):
Event: 2.925 Thread 0x00007f94d8808800 Uncommon trap: reason=unstable_if action=reinterpret pc=0x000000011122bcd8 method=java.util.HashMap$HashIterator.<init>(Ljava/util/HashMap;)V @ 38
Event: 3.068 Thread 0x00007f94d8808800 Uncommon trap: reason=unstable_if action=reinterpret pc=0x000000011132a2f4 method=java.util.regex.Pattern$Branch.match(Ljava/util/regex/Matcher;ILjava/lang/CharSequence;)Z @ 19
Event: 3.068 Thread 0x00007f94d8808800 Uncommon trap: reason=unstable_if action=reinterpret pc=0x0000000111248654 method=java.util.regex.Pattern$BmpCharProperty.match(Ljava/util/regex/Matcher;ILjava/lang/CharSequence;)Z @ 5
Event: 3.213 Thread 0x00007f94d8808800 Uncommon trap: reason=unstable_if action=reinterpret pc=0x000000011138e0e0 method=com.github.os72.protobuf351.TextFormat$Tokenizer.nextToken()V @ 103
Event: 3.257 Thread 0x00007f94d8808800 Uncommon trap: reason=class_check action=maybe_recompile pc=0x000000011110449c method=java.io.DataInputStream.readInt()I @ 4
Event: 3.257 Thread 0x00007f94d8808800 Uncommon trap: reason=class_check action=maybe_recompile pc=0x000000011110449c method=java.io.DataInputStream.readInt()I @ 4
Event: 3.258 Thread 0x00007f94d8808800 Uncommon trap: reason=unstable_if action=reinterpret pc=0x00000001111f8cfc method=java.util.concurrent.ConcurrentHashMap.get(Ljava/lang/Object;)Ljava/lang/Object; @ 138
Event: 3.377 Thread 0x00007f94d8808800 Uncommon trap: reason=unstable_if action=reinterpret pc=0x000000011122fb70 method=java.io.BufferedInputStream.fill()V @ 219
Event: 3.385 Thread 0x00007f94d8808800 Uncommon trap: reason=class_check action=maybe_recompile pc=0x00000001110bdf04 method=java.util.concurrent.ConcurrentHashMap.putVal(Ljava/lang/Object;Ljava/lang/Object;Z)Ljava/lang/Object; @ 192
Event: 3.385 Thread 0x00007f94d8808800 Uncommon trap: reason=range_check action=make_not_entrant pc=0x00000001113dd048 method=sun.reflect.generics.parser.SignatureParser.current()C @ 34

Internal exceptions (10 events):
Event: 3.366 Thread 0x00007f94d8808800 Exception <a 'java/lang/ArrayIndexOutOfBoundsException'> (0x0000000770b188b0) thrown at [/Users/java_re/workspace/8-2-build-macosx-x86_64/jdk8u151/9699/hotspot/src/share/vm/runtime/sharedRuntime.cpp, line 605]
Event: 3.379 Thread 0x00007f94d8808800 Exception <a 'java/lang/ArrayIndexOutOfBoundsException'> (0x0000000770c73258) thrown at [/Users/java_re/workspace/8-2-build-macosx-x86_64/jdk8u151/9699/hotspot/src/share/vm/runtime/sharedRuntime.cpp, line 605]
Event: 3.381 Thread 0x00007f94d8808800 Exception <a 'java/lang/ArrayIndexOutOfBoundsException'> (0x0000000770c83ef8) thrown at [/Users/java_re/workspace/8-2-build-macosx-x86_64/jdk8u151/9699/hotspot/src/share/vm/runtime/sharedRuntime.cpp, line 605]
Event: 3.381 Thread 0x00007f94d8808800 Exception <a 'java/lang/ArrayIndexOutOfBoundsException'> (0x0000000770c8f3c8) thrown at [/Users/java_re/workspace/8-2-build-macosx-x86_64/jdk8u151/9699/hotspot/src/share/vm/runtime/sharedRuntime.cpp, line 605]
Event: 3.381 Thread 0x00007f94d8808800 Exception <a 'java/lang/ArrayIndexOutOfBoundsException'> (0x0000000770c90d80) thrown at [/Users/java_re/workspace/8-2-build-macosx-x86_64/jdk8u151/9699/hotspot/src/share/vm/runtime/sharedRuntime.cpp, line 605]
Event: 3.381 Thread 0x00007f94d8808800 Exception <a 'java/lang/ArrayIndexOutOfBoundsException'> (0x0000000770c921e8) thrown at [/Users/java_re/workspace/8-2-build-macosx-x86_64/jdk8u151/9699/hotspot/src/share/vm/runtime/sharedRuntime.cpp, line 605]
Event: 3.381 Thread 0x00007f94d8808800 Exception <a 'java/lang/ArrayIndexOutOfBoundsException'> (0x0000000770c94eb8) thrown at [/Users/java_re/workspace/8-2-build-macosx-x86_64/jdk8u151/9699/hotspot/src/share/vm/runtime/sharedRuntime.cpp, line 605]
Event: 3.382 Thread 0x00007f94d8808800 Exception <a 'java/lang/ArrayIndexOutOfBoundsException'> (0x0000000770c993a8) thrown at [/Users/java_re/workspace/8-2-build-macosx-x86_64/jdk8u151/9699/hotspot/src/share/vm/runtime/sharedRuntime.cpp, line 605]
Event: 3.382 Thread 0x00007f94d8808800 Exception <a 'java/lang/ArrayIndexOutOfBoundsException'> (0x0000000770c9d018) thrown at [/Users/java_re/workspace/8-2-build-macosx-x86_64/jdk8u151/9699/hotspot/src/share/vm/runtime/sharedRuntime.cpp, line 605]
Event: 3.385 Thread 0x00007f94d8808800 Exception <a 'java/lang/ArrayIndexOutOfBoundsException': 28> (0x0000000770cc3a40) thrown at [/Users/java_re/workspace/8-2-build-macosx-x86_64/jdk8u151/9699/hotspot/src/share/vm/interpreter/interpreterRuntime.cpp, line 366]

Events (10 events):
Event: 3.414 loading class java/util/regex/Pattern$CharPropertyNames$23
Event: 3.414 loading class java/util/regex/Pattern$CharPropertyNames$23 done
Event: 3.414 loading class com/google/common/primitives/Doubles$DoubleArrayAsList
Event: 3.414 loading class com/google/common/primitives/Doubles$DoubleArrayAsList done
Event: 3.417 loading class org/bytedeco/javacpp/annotation/Namespace
Event: 3.417 loading class org/bytedeco/javacpp/annotation/Namespace done
Event: 3.419 loading class org/bytedeco/javacpp/annotation/NoOffset
Event: 3.419 loading class org/bytedeco/javacpp/annotation/NoOffset done
Event: 3.431 loading class org/nd4j/linalg/api/memory/pointers/ImmortalFloatPointer
Event: 3.431 loading class org/nd4j/linalg/api/memory/pointers/ImmortalFloatPointer done


Dynamic libraries:
0x0000000022e73000 	/System/Library/Frameworks/Cocoa.framework/Versions/A/Cocoa
0x0000000022e73000 	/System/Library/Frameworks/Security.framework/Versions/A/Security
0x0000000022e73000 	/System/Library/Frameworks/ApplicationServices.framework/Versions/A/ApplicationServices
0x0000000022e73000 	/usr/lib/libz.1.dylib
0x0000000022e73000 	/usr/lib/libSystem.B.dylib
0x0000000022e73000 	/usr/lib/libobjc.A.dylib
0x0000000022e73000 	/System/Library/Frameworks/CoreFoundation.framework/Versions/A/CoreFoundation
0x0000000022e73000 	/System/Library/Frameworks/Foundation.framework/Versions/C/Foundation
0x0000000022e73000 	/System/Library/Frameworks/AppKit.framework/Versions/C/AppKit
0x0000000022e73000 	/System/Library/Frameworks/CoreData.framework/Versions/A/CoreData
0x0000000022e73000 	/System/Library/PrivateFrameworks/RemoteViewServices.framework/Versions/A/RemoteViewServices
0x0000000022e73000 	/System/Library/PrivateFrameworks/UIFoundation.framework/Versions/A/UIFoundation
0x0000000022e73000 	/System/Library/PrivateFrameworks/DFRFoundation.framework/Versions/A/DFRFoundation
0x0000000022e73000 	/System/Library/Frameworks/Metal.framework/Versions/A/Metal
0x0000000022e73000 	/System/Library/PrivateFrameworks/DesktopServicesPriv.framework/Versions/A/DesktopServicesPriv
0x0000000022e73000 	/usr/lib/libenergytrace.dylib
0x0000000022e73000 	/System/Library/PrivateFrameworks/SkyLight.framework/Versions/A/SkyLight
0x0000000022e73000 	/System/Library/Frameworks/CoreGraphics.framework/Versions/A/CoreGraphics
0x0000000022e73000 	/usr/lib/libScreenReader.dylib
0x0000000022e73000 	/System/Library/Frameworks/Accelerate.framework/Versions/A/Accelerate
0x0000000022e73000 	/System/Library/Frameworks/IOSurface.framework/Versions/A/IOSurface
0x0000000022e73000 	/System/Library/Frameworks/AudioToolbox.framework/Versions/A/AudioToolbox
0x0000000022e73000 	/System/Library/Frameworks/AudioUnit.framework/Versions/A/AudioUnit
0x0000000022e73000 	/System/Library/PrivateFrameworks/DataDetectorsCore.framework/Versions/A/DataDetectorsCore
0x0000000022e73000 	/System/Library/Frameworks/Carbon.framework/Versions/A/Frameworks/HIToolbox.framework/Versions/A/HIToolbox
0x0000000022e73000 	/usr/lib/libicucore.A.dylib
0x0000000022e73000 	/System/Library/Frameworks/QuartzCore.framework/Versions/A/QuartzCore
0x0000000022e73000 	/System/Library/Frameworks/Carbon.framework/Versions/A/Frameworks/SpeechRecognition.framework/Versions/A/SpeechRecognition
0x0000000022e73000 	/usr/lib/libauto.dylib
0x0000000022e73000 	/usr/lib/libxml2.2.dylib
0x0000000022e73000 	/System/Library/PrivateFrameworks/CoreUI.framework/Versions/A/CoreUI
0x0000000022e73000 	/System/Library/Frameworks/CoreAudio.framework/Versions/A/CoreAudio
0x0000000022e73000 	/System/Library/Frameworks/DiskArbitration.framework/Versions/A/DiskArbitration
0x0000000022e73000 	/usr/lib/liblangid.dylib
0x0000000022e73000 	/System/Library/PrivateFrameworks/MultitouchSupport.framework/Versions/A/MultitouchSupport
0x0000000022e73000 	/System/Library/Frameworks/IOKit.framework/Versions/A/IOKit
0x0000000022e73000 	/usr/lib/libDiagnosticMessagesClient.dylib
0x0000000022e73000 	/System/Library/Frameworks/CoreServices.framework/Versions/A/CoreServices
0x0000000022e73000 	/System/Library/PrivateFrameworks/PerformanceAnalysis.framework/Versions/A/PerformanceAnalysis
0x0000000022e73000 	/System/Library/Frameworks/OpenGL.framework/Versions/A/OpenGL
0x0000000022e73000 	/System/Library/Frameworks/ColorSync.framework/Versions/A/ColorSync
0x0000000022e73000 	/System/Library/Frameworks/CoreImage.framework/Versions/A/CoreImage
0x0000000022e73000 	/System/Library/Frameworks/CoreText.framework/Versions/A/CoreText
0x0000000022e73000 	/System/Library/Frameworks/ImageIO.framework/Versions/A/ImageIO
0x0000000022e73000 	/System/Library/PrivateFrameworks/Backup.framework/Versions/A/Backup
0x0000000022e73000 	/usr/lib/libarchive.2.dylib
0x0000000022e73000 	/System/Library/Frameworks/CFNetwork.framework/Versions/A/CFNetwork
0x0000000022e73000 	/System/Library/Frameworks/SystemConfiguration.framework/Versions/A/SystemConfiguration
0x0000000022e73000 	/usr/lib/libCRFSuite.dylib
0x0000000022e73000 	/usr/lib/libc++.1.dylib
0x0000000022e73000 	/usr/lib/libc++abi.dylib
0x0000000022e73000 	/usr/lib/system/libcache.dylib
0x0000000022e73000 	/usr/lib/system/libcommonCrypto.dylib
0x0000000022e73000 	/usr/lib/system/libcompiler_rt.dylib
0x0000000022e73000 	/usr/lib/system/libcopyfile.dylib
0x0000000022e73000 	/usr/lib/system/libcorecrypto.dylib
0x0000000022e73000 	/usr/lib/system/libdispatch.dylib
0x0000000022e73000 	/usr/lib/system/libdyld.dylib
0x0000000022e73000 	/usr/lib/system/libkeymgr.dylib
0x0000000022e73000 	/usr/lib/system/liblaunch.dylib
0x0000000022e73000 	/usr/lib/system/libmacho.dylib
0x0000000022e73000 	/usr/lib/system/libquarantine.dylib
0x0000000022e73000 	/usr/lib/system/libremovefile.dylib
0x0000000022e73000 	/usr/lib/system/libsystem_asl.dylib
0x0000000022e73000 	/usr/lib/system/libsystem_blocks.dylib
0x0000000022e73000 	/usr/lib/system/libsystem_c.dylib
0x0000000022e73000 	/usr/lib/system/libsystem_configuration.dylib
0x0000000022e73000 	/usr/lib/system/libsystem_coreservices.dylib
0x0000000022e73000 	/usr/lib/system/libsystem_darwin.dylib
0x0000000022e73000 	/usr/lib/system/libsystem_dnssd.dylib
0x0000000022e73000 	/usr/lib/system/libsystem_info.dylib
0x0000000022e73000 	/usr/lib/system/libsystem_m.dylib
0x0000000022e73000 	/usr/lib/system/libsystem_malloc.dylib
0x0000000022e73000 	/usr/lib/system/libsystem_network.dylib
0x0000000022e73000 	/usr/lib/system/libsystem_networkextension.dylib
0x0000000022e73000 	/usr/lib/system/libsystem_notify.dylib
0x0000000022e73000 	/usr/lib/system/libsystem_sandbox.dylib
0x0000000022e73000 	/usr/lib/system/libsystem_secinit.dylib
0x0000000022e73000 	/usr/lib/system/libsystem_kernel.dylib
0x0000000022e73000 	/usr/lib/system/libsystem_platform.dylib
0x0000000022e73000 	/usr/lib/system/libsystem_pthread.dylib
0x0000000022e73000 	/usr/lib/system/libsystem_symptoms.dylib
0x0000000022e73000 	/usr/lib/system/libsystem_trace.dylib
0x0000000022e73000 	/usr/lib/system/libunwind.dylib
0x0000000022e73000 	/usr/lib/system/libxpc.dylib
0x0000000022e73000 	/usr/lib/closure/libclosured.dylib
0x0000000022e73000 	/usr/lib/libbsm.0.dylib
0x0000000022e73000 	/usr/lib/system/libkxld.dylib
0x0000000022e73000 	/usr/lib/libOpenScriptingUtil.dylib
0x0000000022e73000 	/usr/lib/libcoretls.dylib
0x0000000022e73000 	/usr/lib/libcoretls_cfhelpers.dylib
0x0000000022e73000 	/usr/lib/libpam.2.dylib
0x0000000022e73000 	/usr/lib/libsqlite3.dylib
0x0000000022e73000 	/usr/lib/libxar.1.dylib
0x0000000022e73000 	/usr/lib/libbz2.1.0.dylib
0x0000000022e73000 	/usr/lib/liblzma.5.dylib
0x0000000022e73000 	/usr/lib/libnetwork.dylib
0x0000000022e73000 	/usr/lib/libapple_nghttp2.dylib
0x0000000022e73000 	/usr/lib/libpcap.A.dylib
0x0000000022e73000 	/usr/lib/libboringssl.dylib
0x0000000022e73000 	/usr/lib/libusrtcp.dylib
0x0000000022e73000 	/usr/lib/libapple_crypto.dylib
0x0000000022e73000 	/System/Library/Frameworks/CoreServices.framework/Versions/A/Frameworks/FSEvents.framework/Versions/A/FSEvents
0x0000000022e73000 	/System/Library/Frameworks/CoreServices.framework/Versions/A/Frameworks/CarbonCore.framework/Versions/A/CarbonCore
0x0000000022e73000 	/System/Library/Frameworks/CoreServices.framework/Versions/A/Frameworks/Metadata.framework/Versions/A/Metadata
0x0000000022e73000 	/System/Library/Frameworks/CoreServices.framework/Versions/A/Frameworks/OSServices.framework/Versions/A/OSServices
0x0000000022e73000 	/System/Library/Frameworks/CoreServices.framework/Versions/A/Frameworks/SearchKit.framework/Versions/A/SearchKit
0x0000000022e73000 	/System/Library/Frameworks/CoreServices.framework/Versions/A/Frameworks/AE.framework/Versions/A/AE
0x0000000022e73000 	/System/Library/Frameworks/CoreServices.framework/Versions/A/Frameworks/LaunchServices.framework/Versions/A/LaunchServices
0x0000000022e73000 	/System/Library/Frameworks/CoreServices.framework/Versions/A/Frameworks/DictionaryServices.framework/Versions/A/DictionaryServices
0x0000000022e73000 	/System/Library/Frameworks/CoreServices.framework/Versions/A/Frameworks/SharedFileList.framework/Versions/A/SharedFileList
0x0000000022e73000 	/System/Library/Frameworks/NetFS.framework/Versions/A/NetFS
0x0000000022e73000 	/System/Library/PrivateFrameworks/NetAuth.framework/Versions/A/NetAuth
0x0000000022e73000 	/System/Library/PrivateFrameworks/login.framework/Versions/A/Frameworks/loginsupport.framework/Versions/A/loginsupport
0x0000000022e73000 	/System/Library/PrivateFrameworks/TCC.framework/Versions/A/TCC
0x0000000022e73000 	/usr/lib/libmecabra.dylib
0x0000000022e73000 	/System/Library/Frameworks/ApplicationServices.framework/Versions/A/Frameworks/ATS.framework/Versions/A/ATS
0x0000000022e73000 	/System/Library/Frameworks/ApplicationServices.framework/Versions/A/Frameworks/ColorSyncLegacy.framework/Versions/A/ColorSyncLegacy
0x0000000022e73000 	/System/Library/Frameworks/ApplicationServices.framework/Versions/A/Frameworks/HIServices.framework/Versions/A/HIServices
0x0000000022e73000 	/System/Library/Frameworks/ApplicationServices.framework/Versions/A/Frameworks/LangAnalysis.framework/Versions/A/LangAnalysis
0x0000000022e73000 	/System/Library/Frameworks/ApplicationServices.framework/Versions/A/Frameworks/PrintCore.framework/Versions/A/PrintCore
0x0000000022e73000 	/System/Library/Frameworks/ApplicationServices.framework/Versions/A/Frameworks/QD.framework/Versions/A/QD
0x0000000022e73000 	/System/Library/Frameworks/ApplicationServices.framework/Versions/A/Frameworks/SpeechSynthesis.framework/Versions/A/SpeechSynthesis
0x0000000022e73000 	/System/Library/Frameworks/CoreDisplay.framework/Versions/A/CoreDisplay
0x0000000022e73000 	/System/Library/Frameworks/Accelerate.framework/Versions/A/Frameworks/vImage.framework/Versions/A/vImage
0x0000000022e73000 	/System/Library/Frameworks/Accelerate.framework/Versions/A/Frameworks/vecLib.framework/Versions/A/vecLib
0x0000000022e73000 	/System/Library/Frameworks/Accelerate.framework/Versions/A/Frameworks/vecLib.framework/Versions/A/libvDSP.dylib
0x0000000022e73000 	/System/Library/Frameworks/Accelerate.framework/Versions/A/Frameworks/vecLib.framework/Versions/A/libBNNS.dylib
0x0000000022e73000 	/System/Library/Frameworks/Accelerate.framework/Versions/A/Frameworks/vecLib.framework/Versions/A/libQuadrature.dylib
0x0000000022e73000 	/System/Library/Frameworks/Accelerate.framework/Versions/A/Frameworks/vecLib.framework/Versions/A/libvMisc.dylib
0x0000000022e73000 	/System/Library/Frameworks/Accelerate.framework/Versions/A/Frameworks/vecLib.framework/Versions/A/libLAPACK.dylib
0x0000000022e73000 	/System/Library/Frameworks/Accelerate.framework/Versions/A/Frameworks/vecLib.framework/Versions/A/libBLAS.dylib
0x0000000022e73000 	/System/Library/Frameworks/Accelerate.framework/Versions/A/Frameworks/vecLib.framework/Versions/A/libLinearAlgebra.dylib
0x0000000022e73000 	/System/Library/Frameworks/Accelerate.framework/Versions/A/Frameworks/vecLib.framework/Versions/A/libSparse.dylib
0x0000000022e73000 	/System/Library/Frameworks/Accelerate.framework/Versions/A/Frameworks/vecLib.framework/Versions/A/libSparseBLAS.dylib
0x0000000022e73000 	/System/Library/PrivateFrameworks/IOAccelerator.framework/Versions/A/IOAccelerator
0x0000000022e73000 	/System/Library/PrivateFrameworks/IOPresentment.framework/Versions/A/IOPresentment
0x0000000022e73000 	/System/Library/PrivateFrameworks/DSExternalDisplay.framework/Versions/A/DSExternalDisplay
0x0000000022e73000 	/System/Library/Frameworks/OpenGL.framework/Versions/A/Libraries/libCoreFSCache.dylib
0x0000000022e73000 	/System/Library/Frameworks/CoreVideo.framework/Versions/A/CoreVideo
0x0000000022e73000 	/System/Library/PrivateFrameworks/GraphVisualizer.framework/Versions/A/GraphVisualizer
0x0000000022e73000 	/System/Library/Frameworks/MetalPerformanceShaders.framework/Versions/A/MetalPerformanceShaders
0x0000000022e73000 	/usr/lib/libFosl_dynamic.dylib
0x0000000022e73000 	/System/Library/PrivateFrameworks/FaceCore.framework/Versions/A/FaceCore
0x0000000022e73000 	/System/Library/Frameworks/OpenCL.framework/Versions/A/OpenCL
0x0000000022e73000 	/usr/lib/libcompression.dylib
0x0000000022e73000 	/System/Library/Frameworks/ApplicationServices.framework/Versions/A/Frameworks/ATS.framework/Versions/A/Resources/libFontParser.dylib
0x0000000022e73000 	/System/Library/Frameworks/ApplicationServices.framework/Versions/A/Frameworks/ATS.framework/Versions/A/Resources/libFontRegistry.dylib
0x0000000022e73000 	/System/Library/Frameworks/ImageIO.framework/Versions/A/Resources/libJPEG.dylib
0x0000000022e73000 	/System/Library/Frameworks/ImageIO.framework/Versions/A/Resources/libTIFF.dylib
0x0000000022e73000 	/System/Library/Frameworks/ImageIO.framework/Versions/A/Resources/libPng.dylib
0x0000000022e73000 	/System/Library/Frameworks/ImageIO.framework/Versions/A/Resources/libGIF.dylib
0x0000000022e73000 	/System/Library/Frameworks/ImageIO.framework/Versions/A/Resources/libJP2.dylib
0x0000000022e73000 	/System/Library/Frameworks/ImageIO.framework/Versions/A/Resources/libRadiance.dylib
0x0000000022e73000 	/System/Library/PrivateFrameworks/AppleJPEG.framework/Versions/A/AppleJPEG
0x0000000022e73000 	/System/Library/PrivateFrameworks/MetalTools.framework/Versions/A/MetalTools
0x0000000022e73000 	/System/Library/Frameworks/MetalPerformanceShaders.framework/Frameworks/MPSCore.framework/Versions/A/MPSCore
0x0000000022e73000 	/System/Library/Frameworks/MetalPerformanceShaders.framework/Frameworks/MPSImage.framework/Versions/A/MPSImage
0x0000000022e73000 	/System/Library/Frameworks/MetalPerformanceShaders.framework/Frameworks/MPSMatrix.framework/Versions/A/MPSMatrix
0x0000000022e73000 	/System/Library/Frameworks/MetalPerformanceShaders.framework/Frameworks/MPSNeuralNetwork.framework/Versions/A/MPSNeuralNetwork
0x0000000022e73000 	/System/Library/Frameworks/OpenGL.framework/Versions/A/Libraries/libGLU.dylib
0x0000000022e73000 	/System/Library/Frameworks/OpenGL.framework/Versions/A/Libraries/libGFXShared.dylib
0x0000000022e73000 	/System/Library/Frameworks/OpenGL.framework/Versions/A/Libraries/libGL.dylib
0x0000000022e73000 	/System/Library/Frameworks/OpenGL.framework/Versions/A/Libraries/libGLImage.dylib
0x0000000022e73000 	/System/Library/Frameworks/OpenGL.framework/Versions/A/Libraries/libCVMSPluginSupport.dylib
0x0000000022e73000 	/System/Library/Frameworks/OpenGL.framework/Versions/A/Libraries/libCoreVMClient.dylib
0x0000000022e73000 	/usr/lib/libcups.2.dylib
0x0000000022e73000 	/System/Library/Frameworks/Kerberos.framework/Versions/A/Kerberos
0x0000000022e73000 	/System/Library/Frameworks/GSS.framework/Versions/A/GSS
0x0000000022e73000 	/usr/lib/libresolv.9.dylib
0x0000000022e73000 	/usr/lib/libiconv.2.dylib
0x0000000022e73000 	/System/Library/PrivateFrameworks/Heimdal.framework/Versions/A/Heimdal
0x0000000022e73000 	/usr/lib/libheimdal-asn1.dylib
0x0000000022e73000 	/System/Library/Frameworks/OpenDirectory.framework/Versions/A/OpenDirectory
0x0000000022e73000 	/System/Library/PrivateFrameworks/CommonAuth.framework/Versions/A/CommonAuth
0x0000000022e73000 	/System/Library/Frameworks/OpenDirectory.framework/Versions/A/Frameworks/CFOpenDirectory.framework/Versions/A/CFOpenDirectory
0x0000000022e73000 	/System/Library/Frameworks/SecurityFoundation.framework/Versions/A/SecurityFoundation
0x0000000022e73000 	/System/Library/PrivateFrameworks/APFS.framework/Versions/A/APFS
0x0000000022e73000 	/usr/lib/libutil.dylib
0x0000000022e73000 	/System/Library/PrivateFrameworks/AppleSauce.framework/Versions/A/AppleSauce
0x0000000022e73000 	/System/Library/PrivateFrameworks/LinguisticData.framework/Versions/A/LinguisticData
0x0000000022e73000 	/usr/lib/libmarisa.dylib
0x0000000022e73000 	/System/Library/PrivateFrameworks/Lexicon.framework/Versions/A/Lexicon
0x0000000022e73000 	/usr/lib/libChineseTokenizer.dylib
0x0000000022e73000 	/usr/lib/libcmph.dylib
0x0000000022e73000 	/System/Library/PrivateFrameworks/LanguageModeling.framework/Versions/A/LanguageModeling
0x0000000022e73000 	/System/Library/PrivateFrameworks/CoreEmoji.framework/Versions/A/CoreEmoji
0x0000000022e73000 	/System/Library/Frameworks/ServiceManagement.framework/Versions/A/ServiceManagement
0x0000000022e73000 	/System/Library/PrivateFrameworks/BackgroundTaskManagement.framework/Versions/A/BackgroundTaskManagement
0x0000000022e73000 	/usr/lib/libxslt.1.dylib
0x0000000022e73000 	/System/Library/Frameworks/Carbon.framework/Versions/A/Frameworks/Ink.framework/Versions/A/Ink
0x0000000022e73000 	/System/Library/PrivateFrameworks/TextureIO.framework/Versions/A/TextureIO
0x0000000022e73000 	/usr/lib/libate.dylib
0x0000000022e73000 	/System/Library/PrivateFrameworks/CrashReporterSupport.framework/Versions/A/CrashReporterSupport
0x0000000022e73000 	/System/Library/PrivateFrameworks/Sharing.framework/Versions/A/Sharing
0x0000000022e73000 	/System/Library/PrivateFrameworks/IconServices.framework/Versions/A/IconServices
0x0000000022e73000 	/System/Library/PrivateFrameworks/ProtocolBuffer.framework/Versions/A/ProtocolBuffer
0x0000000022e73000 	/System/Library/PrivateFrameworks/Apple80211.framework/Versions/A/Apple80211
0x0000000022e73000 	/System/Library/Frameworks/CoreWLAN.framework/Versions/A/CoreWLAN
0x0000000022e73000 	/System/Library/PrivateFrameworks/CoreUtils.framework/Versions/A/CoreUtils
0x0000000022e73000 	/System/Library/Frameworks/IOBluetooth.framework/Versions/A/IOBluetooth
0x0000000022e73000 	/System/Library/PrivateFrameworks/CoreWiFi.framework/Versions/A/CoreWiFi
0x0000000022e73000 	/System/Library/Frameworks/CoreBluetooth.framework/Versions/A/CoreBluetooth
0x0000000022e73000 	/System/Library/PrivateFrameworks/SignpostNotification.framework/Versions/A/SignpostNotification
0x0000000022e73000 	/System/Library/PrivateFrameworks/DebugSymbols.framework/Versions/A/DebugSymbols
0x0000000022e73000 	/System/Library/PrivateFrameworks/CoreSymbolication.framework/Versions/A/CoreSymbolication
0x0000000022e73000 	/System/Library/PrivateFrameworks/Symbolication.framework/Versions/A/Symbolication
0x0000000022e73000 	/System/Library/PrivateFrameworks/AppleFSCompression.framework/Versions/A/AppleFSCompression
0x0000000022e73000 	/System/Library/PrivateFrameworks/SpeechRecognitionCore.framework/Versions/A/SpeechRecognitionCore
0x000000010da00000 	/Library/Java/JavaVirtualMachines/jdk1.8.0_151.jdk/Contents/Home/jre/lib/server/libjvm.dylib
0x0000000022e73000 	/usr/lib/libstdc++.6.0.9.dylib
0x000000010d0a3000 	/Library/Java/JavaVirtualMachines/jdk1.8.0_151.jdk/Contents/Home/jre/lib/libverify.dylib
0x000000010d0b1000 	/Library/Java/JavaVirtualMachines/jdk1.8.0_151.jdk/Contents/Home/jre/lib/libjava.dylib
0x000000010d0e7000 	/Library/Java/JavaVirtualMachines/jdk1.8.0_151.jdk/Contents/Home/jre/lib/libinstrument.dylib
0x000000010d185000 	/Library/Java/JavaVirtualMachines/jdk1.8.0_151.jdk/Contents/Home/jre/lib/libzip.dylib
0x0000000022e73000 	/System/Library/Frameworks/JavaVM.framework/Versions/A/Frameworks/JavaRuntimeSupport.framework/Versions/A/JavaRuntimeSupport
0x0000000022e73000 	/System/Library/Frameworks/JavaVM.framework/Versions/A/Frameworks/JavaNativeFoundation.framework/Versions/A/JavaNativeFoundation
0x0000000022e73000 	/System/Library/Frameworks/JavaVM.framework/Versions/A/JavaVM
0x0000000022e73000 	/System/Library/Frameworks/Carbon.framework/Versions/A/Carbon
0x0000000022e73000 	/System/Library/PrivateFrameworks/JavaLaunching.framework/Versions/A/JavaLaunching
0x0000000022e73000 	/System/Library/Frameworks/Carbon.framework/Versions/A/Frameworks/CommonPanels.framework/Versions/A/CommonPanels
0x0000000022e73000 	/System/Library/Frameworks/Carbon.framework/Versions/A/Frameworks/Help.framework/Versions/A/Help
0x0000000022e73000 	/System/Library/Frameworks/Carbon.framework/Versions/A/Frameworks/ImageCapture.framework/Versions/A/ImageCapture
0x0000000022e73000 	/System/Library/Frameworks/Carbon.framework/Versions/A/Frameworks/OpenScripting.framework/Versions/A/OpenScripting
0x0000000022e73000 	/System/Library/Frameworks/Carbon.framework/Versions/A/Frameworks/Print.framework/Versions/A/Print
0x0000000022e73000 	/System/Library/Frameworks/Carbon.framework/Versions/A/Frameworks/SecurityHI.framework/Versions/A/SecurityHI
0x000000012a7c3000 	/Library/Java/JavaVirtualMachines/jdk1.8.0_151.jdk/Contents/Home/jre/lib/libnet.dylib
0x000000012aa8d000 	/Users/joshisaacson/.javacpp/cache/nd4j-native-1.0.0-alpha-macosx-x86_64.jar/org/nd4j/nativeblas/macosx-x86_64/libgcc_s.1.dylib
0x000000012aacf000 	/Library/Java/JavaVirtualMachines/jdk1.8.0_151.jdk/Contents/Home/jre/lib/libnio.dylib
0x000000012aadf000 	/Users/joshisaacson/.javacpp/cache/nd4j-native-1.0.0-alpha-macosx-x86_64.jar/org/nd4j/nativeblas/macosx-x86_64/libgomp.1.dylib
0x000000012b3e4000 	/Users/joshisaacson/.javacpp/cache/nd4j-native-1.0.0-alpha-macosx-x86_64.jar/org/nd4j/nativeblas/macosx-x86_64/libstdc++.6.dylib
0x000000012b66a000 	/Users/joshisaacson/.javacpp/cache/nd4j-native-1.0.0-alpha-macosx-x86_64.jar/org/nd4j/nativeblas/macosx-x86_64/libnd4jcpu.dylib
0x000000012d81a000 	/Users/joshisaacson/.javacpp/cache/nd4j-native-1.0.0-alpha-macosx-x86_64.jar/org/nd4j/nativeblas/macosx-x86_64/libjnind4jcpu.dylib
0x000000012e51c000 	/Users/joshisaacson/.javacpp/cache/openblas-0.2.20-1.4.1-macosx-x86_64.jar/org/bytedeco/javacpp/macosx-x86_64/libopenblas.dylib
0x00000001350b6000 	/Users/joshisaacson/.javacpp/cache/openblas-0.2.20-1.4.1-macosx-x86_64.jar/org/bytedeco/javacpp/macosx-x86_64/libjniopenblas.dylib

VM Arguments:
jvm_args: -ea -Didea.test.cyclic.buffer.size=1048576 -javaagent:/Applications/IntelliJ IDEA.app/Contents/lib/idea_rt.jar=58004:/Applications/IntelliJ IDEA.app/Contents/bin -Dfile.encoding=UTF-8 
java_command: com.intellij.rt.execution.junit.JUnitStarter -ideVersion5 -junit4 FastKdeTest,inputXYWeightsDimenstionTest
java_class_path (initial): /Applications/IntelliJ IDEA.app/Contents/lib/idea_rt.jar:/Applications/IntelliJ IDEA.app/Contents/plugins/junit/lib/junit-rt.jar:/Applications/IntelliJ IDEA.app/Contents/plugins/junit/lib/junit5-rt.jar:/Library/Java/JavaVirtualMachines/jdk1.8.0_151.jdk/Contents/Home/jre/lib/charsets.jar:/Library/Java/JavaVirtualMachines/jdk1.8.0_151.jdk/Contents/Home/jre/lib/deploy.jar:/Library/Java/JavaVirtualMachines/jdk1.8.0_151.jdk/Contents/Home/jre/lib/ext/cldrdata.jar:/Library/Java/JavaVirtualMachines/jdk1.8.0_151.jdk/Contents/Home/jre/lib/ext/dnsns.jar:/Library/Java/JavaVirtualMachines/jdk1.8.0_151.jdk/Contents/Home/jre/lib/ext/jaccess.jar:/Library/Java/JavaVirtualMachines/jdk1.8.0_151.jdk/Contents/Home/jre/lib/ext/jfxrt.jar:/Library/Java/JavaVirtualMachines/jdk1.8.0_151.jdk/Contents/Home/jre/lib/ext/localedata.jar:/Library/Java/JavaVirtualMachines/jdk1.8.0_151.jdk/Contents/Home/jre/lib/ext/nashorn.jar:/Library/Java/JavaVirtualMachines/jdk1.8.0_151.jdk/Contents/Home/jre/lib/ext/sunec.jar:/Library/Java/JavaVirtualMachines/jdk1.8.0_151.jdk/Contents/Home/jre/lib/ext/sunjce_provider.jar:/Library/Java/JavaVirtualMachines/jdk1.8.0_151.jdk/Contents/Home/jre/lib/ext/sunpkcs11.jar:/Library/Java/JavaVirtualMachines/jdk1.8.0_151.jdk/Contents/Home/jre/lib/ext/zipfs.jar:/Library/Java/JavaVirtualMachines/jdk1.8.0_151.jdk/Contents/Home/jre/lib/javaws.jar:/Library/Java/JavaVirtualMachines/jdk1.8.0_151.jdk/Contents/Home/jre/lib/jce.jar:/Library/Java/JavaVirtualMachines/jdk1.8.0_151.jdk/Contents/Home/jre/lib/jfr.jar:/Library/Java/JavaVirtualMachines/jdk1.8.0_151.jdk/Contents/Home/jre/lib/jfxswt.jar:/Library/Java/JavaVirtualMachines/jdk1.8.0_151.jdk/Contents/Home/jre/lib/jsse.jar:/Library/Java/JavaVirtualMachines/jdk1.8.0_151.jdk/Contents/Home/jre/lib/management-agent.jar:/Library/Java/JavaVirtualMachines/jdk1.8.0_151.jdk/Contents/Home/jre/lib/plugin.jar:/Library/Java/JavaVirtualMachines/jdk1.8.0_151.jdk/Contents/Home/jre/lib/resources.jar:/Library/Java/JavaVirtualM
Launcher Type: SUN_STANDARD

Environment Variables:
PATH=/anaconda3/bin:/Library/Frameworks/Python.framework/Versions/3.6/bin:/usr/local/bin:/usr/bin:/bin:/usr/sbin:/sbin:/Applications/Postgres.app/Contents/Versions/latest/bin
SHELL=/bin/zsh

Signal Handlers:
SIGSEGV: [libjvm.dylib+0x5b27a5], sa_mask[0]=11111111011111110111111111111111, sa_flags=SA_ONSTACK|SA_RESTART|SA_SIGINFO
SIGBUS: [libjvm.dylib+0x5b27a5], sa_mask[0]=11111111011111110111111111111111, sa_flags=SA_RESTART|SA_SIGINFO
SIGFPE: [libjvm.dylib+0x4891c4], sa_mask[0]=11111111011111110111111111111111, sa_flags=SA_RESTART|SA_SIGINFO
SIGPIPE: [libjvm.dylib+0x4891c4], sa_mask[0]=11111111011111110111111111111111, sa_flags=SA_RESTART|SA_SIGINFO
SIGXFSZ: [libjvm.dylib+0x4891c4], sa_mask[0]=11111111011111110111111111111111, sa_flags=SA_RESTART|SA_SIGINFO
SIGILL: [libjvm.dylib+0x4891c4], sa_mask[0]=11111111011111110111111111111111, sa_flags=SA_RESTART|SA_SIGINFO
SIGUSR1: SIG_DFL, sa_mask[0]=00000000000000000000000000000000, sa_flags=none
SIGUSR2: [libjvm.dylib+0x488ce2], sa_mask[0]=00100000000000000000000000000000, sa_flags=SA_RESTART|SA_SIGINFO
SIGHUP: [libjvm.dylib+0x4872b9], sa_mask[0]=11111111011111110111111111111111, sa_flags=SA_RESTART|SA_SIGINFO
SIGINT: [libjvm.dylib+0x4872b9], sa_mask[0]=11111111011111110111111111111111, sa_flags=SA_RESTART|SA_SIGINFO
SIGTERM: [libjvm.dylib+0x4872b9], sa_mask[0]=11111111011111110111111111111111, sa_flags=SA_RESTART|SA_SIGINFO
SIGQUIT: [libjvm.dylib+0x4872b9], sa_mask[0]=11111111011111110111111111111111, sa_flags=SA_RESTART|SA_SIGINFO


---------------  S Y S T E M  ---------------

OS:Bsduname:Darwin 17.3.0 Darwin Kernel Version 17.3.0: Thu Nov  9 18:09:22 PST 2017; root:xnu-4570.31.3~1/RELEASE_X86_64 x86_64
rlimit: STACK 8192k, CORE 0k, NPROC 1418, NOFILE 10240, AS infinity
load average:2.09 1.93 1.92

CPU:total 4 (initial active 4) (2 cores per cpu, 2 threads per core) family 6 model 142 stepping 9, cmov, cx8, fxsr, mmx, sse, sse2, sse3, ssse3, sse4.1, sse4.2, popcnt, avx, avx2, aes, clmul, erms, 3dnowpref, lzcnt, ht, tsc, tscinvbit, bmi1, bmi2, adx

Memory: 4k page, physical 16777216k(3589456k free)

/proc/meminfo:


vm_info: Java HotSpot(TM) 64-Bit Server VM (25.151-b12) for bsd-amd64 JRE (1.8.0_151-b12), built on Sep  5 2017 19:37:08 by "java_re" with gcc 4.2.1 (Based on Apple Inc. build 5658) (LLVM build 2336.11.00)

time: Mon Apr 16 15:23:44 2018
elapsed time: 3 seconds (0d 0h 0m 3s)

