#
# A fatal error has been detected by the Java Runtime Environment:
#
#  SIGSEGV (0xb) at pc=0x0000000129b81747, pid=13627, tid=0x0000000000002703
#
# JRE version: Java(TM) SE Runtime Environment (8.0_151-b12) (build 1.8.0_151-b12)
# Java VM: Java HotSpot(TM) 64-Bit Server VM (25.151-b12 mixed mode bsd-amd64 compressed oops)
# Problematic frame:
# C  [libnd4jcpu.dylib+0x5f3747]  simdOps::Im2col<float>::execSpecial(float*, int*, float*, int*, float*, int*, long long*) (._omp_fn.1225)+0x2e7
#
# Failed to write core dump. Core dumps have been disabled. To enable core dumping, try "ulimit -c unlimited" before starting Java again
#
# If you would like to submit a bug report, please visit:
#   http://bugreport.java.com/bugreport/crash.jsp
# The crash happened outside the Java Virtual Machine in native code.
# See problematic frame for where to report the bug.
#

---------------  T H R E A D  ---------------

Current thread (0x00007f8e51805000):  JavaThread "main" [_thread_in_native, id=9987, stack(0x000070000c1a2000,0x000070000c2a2000)]

siginfo: si_signo: 11 (SIGSEGV), si_code: 1 (SEGV_MAPERR), si_addr: 0x0000000600001520

Registers:
RAX=0x00000000ffffffff, RBX=0x0000000000000064, RCX=0x0000000080000548, RDX=0xffffffff80000548
RSP=0x000070000c29f830, RBP=0x0000000000000001, RSI=0x0000000080000548, RDI=0x00000000ffffffff
R8 =0x0000000000000030, R9 =0x00000000000346dc, R10=0x0000000800000000, R11=0x000070000c29f950
R12=0x0000000000000064, R13=0x0000000000000001, R14=0x00000000540be400, R15=0x0000000000000000
RIP=0x0000000129b81747, EFLAGS=0x0000000000010286, ERR=0x0000000000000006
  TRAPNO=0x000000000000000e

Top of Stack: (sp=0x000070000c29f830)
0x000070000c29f830:   0000006400002710 0000006400000064
0x000070000c29f840:   0000271000002710 00000001000f4240
0x000070000c29f850:   00000001540be400 fffff50e00000001
0x000070000c29f860:   7ff8b24800000863 ffffffffffe1ca6c
0x000070000c29f870:   00007f8e52238400 0000006400002710
0x000070000c29f880:   ffffecab00000001 000f1b30ffffffcf
0x000070000c29f890:   00001d4c00001388 0000006400000064
0x000070000c29f8a0:   00000001000f4240 0000138700000001
0x000070000c29f8b0:   0000003100000001 0000271000002710
0x000070000c29f8c0:   000070000c29f8d0 000070000c29f8d8
0x000070000c29f8d0:   0000000000001388 0000000000001d4c
0x000070000c29f8e0:   00007f8e50995600 0000000129b81460
0x000070000c29f8f0:   000070000c29f950 0000000000000002
0x000070000c29f900:   0000000000000003 0000000000000001
0x000070000c29f910:   00007f8e52a3732c 00000001119a455f
0x000070000c29f920:   000070000c29f9b0 0000000000000001
0x000070000c29f930:   0000000000000031 0000000000001387
0x000070000c29f940:   0000000000000001 0000000129fd3fcf
0x000070000c29f950:   00007f8e52238400 0000000800000000
0x000070000c29f960:   00007f8e52a37314 00007f8e52a3732c
0x000070000c29f970:   0000006400002710 0000000100000001
0x000070000c29f980:   0000003100001387 0000000100000001
0x000070000c29f990:   00000001000f4240 0000006400000064
0x000070000c29f9a0:   0000271000002710 0000000100000064
0x000070000c29f9b0:   0000006400000064 0000000000002710
0x000070000c29f9c0:   00007f8e52a36f40 00007f8e52902980
0x000070000c29f9d0:   00007f8e52a36f00 000070000c29fbe0
0x000070000c29f9e0:   0000000000000001 00007f8e52a36f40
0x000070000c29f9f0:   00007f8e52a36ad0 0000000129f516a7
0x000070000c29fa00:   0000000000000000 000070000c29ff18
0x000070000c29fa10:   00007f8e52a36f00 000000012a629ce2
0x000070000c29fa20:   00007f8e00002710 0000000000000064 

Instructions: (pc=0x0000000129b81747)
0x0000000129b81727:   0f af 54 24 20 01 d1 99 f7 7c 24 24 89 f8 41 0f
0x0000000129b81737:   af d6 01 ca 83 e8 00 0f 89 5c ff ff ff 48 63 d2
0x0000000129b81747:   41 c7 04 92 00 00 00 00 eb 8f 66 66 66 66 66 66
0x0000000129b81757:   2e 0f 1f 84 00 00 00 00 00 8b 44 24 34 03 04 24 

Register to memory mapping:

RAX=0x00000000ffffffff is an unknown value
RBX=0x0000000000000064 is an unknown value
RCX=0x0000000080000548 is an unknown value
RDX=0xffffffff80000548 is an unknown value
RSP=0x000070000c29f830 is pointing into the stack for thread: 0x00007f8e51805000
RBP=0x0000000000000001 is an unknown value
RSI=0x0000000080000548 is an unknown value
RDI=0x00000000ffffffff is an unknown value
R8 =0x0000000000000030 is an unknown value
R9 =0x00000000000346dc is an unknown value
R10=0x0000000800000000 is an unknown value
R11=0x000070000c29f950 is pointing into the stack for thread: 0x00007f8e51805000
R12=0x0000000000000064 is an unknown value
R13=0x0000000000000001 is an unknown value
R14=0x00000000540be400 is an unknown value
R15=0x0000000000000000 is an unknown value


Stack: [0x000070000c1a2000,0x000070000c2a2000],  sp=0x000070000c29f830,  free space=1014k
Native frames: (J=compiled Java code, j=interpreted, Vv=VM code, C=native code)
C  [libnd4jcpu.dylib+0x5f3747]  simdOps::Im2col<float>::execSpecial(float*, int*, float*, int*, float*, int*, long long*) (._omp_fn.1225)+0x2e7

Java frames: (J=compiled Java code, j=interpreted, Vv=VM code)
j  org.nd4j.nativeblas.Nd4jCpu$NativeOps.execCustomOpFloat(Lorg/bytedeco/javacpp/PointerPointer;JLorg/bytedeco/javacpp/PointerPointer;Lorg/bytedeco/javacpp/PointerPointer;ILorg/bytedeco/javacpp/PointerPointer;Lorg/bytedeco/javacpp/PointerPointer;ILorg/bytedeco/javacpp/FloatPointer;ILorg/bytedeco/javacpp/IntPointer;IZ)I+0
j  org.nd4j.linalg.cpu.nativecpu.ops.NativeOpExecutioner.exec(Lorg/nd4j/linalg/api/ops/CustomOp;)V+595
j  org.nd4j.autodiff.samediff.SameDiff.exec()Lorg/nd4j/linalg/primitives/Pair;+1910
j  org.nd4j.autodiff.samediff.SameDiff.execAndEndResult()Lorg/nd4j/linalg/api/ndarray/INDArray;+8
j  Utilities.convolveGrid(Lorg/nd4j/linalg/api/ndarray/INDArray;Lorg/nd4j/linalg/api/ndarray/INDArray;)Lorg/nd4j/linalg/api/ndarray/INDArray;+244
j  UtilitiesTest.gridTest()V+44
v  ~StubRoutines::call_stub
j  sun.reflect.NativeMethodAccessorImpl.invoke0(Ljava/lang/reflect/Method;Ljava/lang/Object;[Ljava/lang/Object;)Ljava/lang/Object;+0
j  sun.reflect.NativeMethodAccessorImpl.invoke(Ljava/lang/Object;[Ljava/lang/Object;)Ljava/lang/Object;+100
j  sun.reflect.DelegatingMethodAccessorImpl.invoke(Ljava/lang/Object;[Ljava/lang/Object;)Ljava/lang/Object;+6
j  java.lang.reflect.Method.invoke(Ljava/lang/Object;[Ljava/lang/Object;)Ljava/lang/Object;+56
j  org.junit.runners.model.FrameworkMethod$1.runReflectiveCall()Ljava/lang/Object;+15
j  org.junit.internal.runners.model.ReflectiveCallable.run()Ljava/lang/Object;+1
j  org.junit.runners.model.FrameworkMethod.invokeExplosively(Ljava/lang/Object;[Ljava/lang/Object;)Ljava/lang/Object;+10
j  org.junit.internal.runners.statements.InvokeMethod.evaluate()V+12
j  org.junit.runners.ParentRunner.runLeaf(Lorg/junit/runners/model/Statement;Lorg/junit/runner/Description;Lorg/junit/runner/notification/RunNotifier;)V+17
j  org.junit.runners.BlockJUnit4ClassRunner.runChild(Lorg/junit/runners/model/FrameworkMethod;Lorg/junit/runner/notification/RunNotifier;)V+30
j  org.junit.runners.BlockJUnit4ClassRunner.runChild(Ljava/lang/Object;Lorg/junit/runner/notification/RunNotifier;)V+6
j  org.junit.runners.ParentRunner$3.run()V+12
j  org.junit.runners.ParentRunner$1.schedule(Ljava/lang/Runnable;)V+1
j  org.junit.runners.ParentRunner.runChildren(Lorg/junit/runner/notification/RunNotifier;)V+44
j  org.junit.runners.ParentRunner.access$000(Lorg/junit/runners/ParentRunner;Lorg/junit/runner/notification/RunNotifier;)V+2
j  org.junit.runners.ParentRunner$2.evaluate()V+8
j  org.junit.runners.ParentRunner.run(Lorg/junit/runner/notification/RunNotifier;)V+20
j  org.junit.runner.JUnitCore.run(Lorg/junit/runner/Runner;)Lorg/junit/runner/Result;+37
j  com.intellij.junit4.JUnit4IdeaTestRunner.startRunnerWithArgs([Ljava/lang/String;Ljava/lang/String;IZ)I+146
j  com.intellij.rt.execution.junit.IdeaTestRunner$Repeater.startRunnerWithArgs(Lcom/intellij/rt/execution/junit/IdeaTestRunner;[Ljava/lang/String;Ljava/util/ArrayList;Ljava/lang/String;IZ)I+20
j  com.intellij.rt.execution.junit.JUnitStarter.prepareStreamsAndStart([Ljava/lang/String;Ljava/lang/String;Ljava/util/ArrayList;Ljava/lang/String;)I+116
j  com.intellij.rt.execution.junit.JUnitStarter.main([Ljava/lang/String;)V+116
v  ~StubRoutines::call_stub

---------------  P R O C E S S  ---------------

Java Threads: ( => current thread )
  0x00007f8e51af1800 JavaThread "JavaCPP Deallocator" daemon [_thread_blocked, id=17155, stack(0x000070000d1d2000,0x000070000d2d2000)]
  0x00007f8e5086a000 JavaThread "Workspace deallocator thread" daemon [_thread_blocked, id=17411, stack(0x000070000d0cf000,0x000070000d1cf000)]
  0x00007f8e5103a000 JavaThread "Service Thread" daemon [_thread_blocked, id=15107, stack(0x000070000cec9000,0x000070000cfc9000)]
  0x00007f8e5101c800 JavaThread "C1 CompilerThread2" daemon [_thread_blocked, id=14851, stack(0x000070000cdc6000,0x000070000cec6000)]
  0x00007f8e51014000 JavaThread "C2 CompilerThread1" daemon [_thread_blocked, id=14595, stack(0x000070000ccc3000,0x000070000cdc3000)]
  0x00007f8e51818000 JavaThread "C2 CompilerThread0" daemon [_thread_blocked, id=18691, stack(0x000070000cbc0000,0x000070000ccc0000)]
  0x00007f8e52053800 JavaThread "Monitor Ctrl-Break" daemon [_thread_in_native, id=14083, stack(0x000070000cabd000,0x000070000cbbd000)]
  0x00007f8e50836000 JavaThread "Signal Dispatcher" daemon [_thread_blocked, id=13575, stack(0x000070000c9ba000,0x000070000caba000)]
  0x00007f8e50832800 JavaThread "Finalizer" daemon [_thread_blocked, id=11779, stack(0x000070000c8b7000,0x000070000c9b7000)]
  0x00007f8e51834800 JavaThread "Reference Handler" daemon [_thread_blocked, id=20739, stack(0x000070000c7b4000,0x000070000c8b4000)]
=>0x00007f8e51805000 JavaThread "main" [_thread_in_native, id=9987, stack(0x000070000c1a2000,0x000070000c2a2000)]

Other Threads:
  0x00007f8e52028000 VMThread [stack: 0x000070000c6b1000,0x000070000c7b1000] [id=11011]
  0x00007f8e51825800 WatcherThread [stack: 0x000070000cfcc000,0x000070000d0cc000] [id=15363]

VM state:not at safepoint (normal execution)

VM Mutex/Monitor currently owned by a thread: None

Heap:
 PSYoungGen      total 141824K, used 88963K [0x000000076ab00000, 0x000000077d300000, 0x00000007c0000000)
  eden space 131072K, 67% used [0x000000076ab00000,0x00000007701e0fe0,0x0000000772b00000)
  from space 10752K, 0% used [0x0000000772b00000,0x0000000772b00000,0x0000000773580000)
  to   space 20480K, 0% used [0x000000077bf00000,0x000000077bf00000,0x000000077d300000)
 ParOldGen       total 101376K, used 12465K [0x00000006c0000000, 0x00000006c6300000, 0x000000076ab00000)
  object space 101376K, 12% used [0x00000006c0000000,0x00000006c0c2c600,0x00000006c6300000)
 Metaspace       used 26279K, capacity 26574K, committed 26752K, reserved 1073152K
  class space    used 3347K, capacity 3428K, committed 3456K, reserved 1048576K

Card table byte_map: [0x000000010cc5d000,0x000000010d45e000] byte_map_base: 0x000000010965d000

Marking Bits: (ParMarkBitMap*) 0x000000010b8f65d0
 Begin Bits: [0x0000000120e5b000, 0x0000000124e5b000)
 End Bits:   [0x0000000124e5b000, 0x0000000128e5b000)

Polling page: 0x000000010bfed000

CodeCache: size=245760Kb used=6459Kb max_used=6507Kb free=239300Kb
 bounds [0x0000000111e5b000, 0x00000001124cb000, 0x0000000120e5b000]
 total_blobs=2656 nmethods=1669 adapters=900
 compilation: enabled

Compilation events (10 events):
Event: 3.064 Thread 0x00007f8e5101c800 1673       3       java.net.URI$Parser::scan (73 bytes)
Event: 3.065 Thread 0x00007f8e5101c800 nmethod 1673 0x0000000112496390 code [0x0000000112496560, 0x0000000112496c48]
Event: 3.066 Thread 0x00007f8e51818000 nmethod 1667 0x000000011249c450 code [0x000000011249c5e0, 0x000000011249ce18]
Event: 3.066 Thread 0x00007f8e51818000 1656       4       java.util.HashMap::hash (20 bytes)
Event: 3.067 Thread 0x00007f8e51818000 nmethod 1656 0x00000001124994d0 code [0x0000000112499620, 0x00000001124996d8]
Event: 3.067 Thread 0x00007f8e51818000 1674       4       sun.nio.fs.UnixPath::checkNotNul (16 bytes)
Event: 3.067 Thread 0x00007f8e51818000 nmethod 1674 0x0000000112499290 code [0x00000001124993e0, 0x0000000112499438]
Event: 3.070 Thread 0x00007f8e5101c800 1675       1       org.nd4j.linalg.api.buffer.BaseDataBuffer::underlyingDataBuffer (5 bytes)
Event: 3.070 Thread 0x00007f8e5101c800 nmethod 1675 0x00000001124960d0 code [0x0000000112496220, 0x0000000112496330]
Event: 3.264 Thread 0x00007f8e51014000 nmethod 1564 0x00000001124a8050 code [0x00000001124a8900, 0x00000001124b1908]

GC Heap History (10 events):
Event: 1.763 GC heap before
{Heap before GC invocations=2 (full 0):
 PSYoungGen      total 76288K, used 71857K [0x000000076ab00000, 0x0000000774000000, 0x00000007c0000000)
  eden space 65536K, 100% used [0x000000076ab00000,0x000000076eb00000,0x000000076eb00000)
  from space 10752K, 58% used [0x000000076eb00000,0x000000076f12c6c0,0x000000076f580000)
  to   space 10752K, 0% used [0x0000000773580000,0x0000000773580000,0x0000000774000000)
 ParOldGen       total 175104K, used 8K [0x00000006c0000000, 0x00000006cab00000, 0x000000076ab00000)
  object space 175104K, 0% used [0x00000006c0000000,0x00000006c0002000,0x00000006cab00000)
 Metaspace       used 17444K, capacity 17577K, committed 17920K, reserved 1064960K
  class space    used 2163K, capacity 2224K, committed 2304K, reserved 1048576K
Event: 1.769 GC heap after
Heap after GC invocations=2 (full 0):
 PSYoungGen      total 72192K, used 6257K [0x000000076ab00000, 0x0000000773c00000, 0x00000007c0000000)
  eden space 65536K, 0% used [0x000000076ab00000,0x000000076ab00000,0x000000076eb00000)
  from space 6656K, 94% used [0x0000000773580000,0x0000000773b9c5b0,0x0000000773c00000)
  to   space 10752K, 0% used [0x0000000772700000,0x0000000772700000,0x0000000773180000)
 ParOldGen       total 175104K, used 16K [0x00000006c0000000, 0x00000006cab00000, 0x000000076ab00000)
  object space 175104K, 0% used [0x00000006c0000000,0x00000006c0004000,0x00000006cab00000)
 Metaspace       used 17444K, capacity 17577K, committed 17920K, reserved 1064960K
  class space    used 2163K, capacity 2224K, committed 2304K, reserved 1048576K
}
Event: 1.941 GC heap before
{Heap before GC invocations=3 (full 0):
 PSYoungGen      total 72192K, used 71793K [0x000000076ab00000, 0x0000000773c00000, 0x00000007c0000000)
  eden space 65536K, 100% used [0x000000076ab00000,0x000000076eb00000,0x000000076eb00000)
  from space 6656K, 94% used [0x0000000773580000,0x0000000773b9c5b0,0x0000000773c00000)
  to   space 10752K, 0% used [0x0000000772700000,0x0000000772700000,0x0000000773180000)
 ParOldGen       total 175104K, used 16K [0x00000006c0000000, 0x00000006cab00000, 0x000000076ab00000)
  object space 175104K, 0% used [0x00000006c0000000,0x00000006c0004000,0x00000006cab00000)
 Metaspace       used 17462K, capacity 17577K, committed 17920K, reserved 1064960K
  class space    used 2164K, capacity 2224K, committed 2304K, reserved 1048576K
Event: 1.951 GC heap after
Heap after GC invocations=3 (full 0):
 PSYoungGen      total 137728K, used 10728K [0x000000076ab00000, 0x0000000774000000, 0x00000007c0000000)
  eden space 126976K, 0% used [0x000000076ab00000,0x000000076ab00000,0x0000000772700000)
  from space 10752K, 99% used [0x0000000772700000,0x000000077317a3f8,0x0000000773180000)
  to   space 10752K, 0% used [0x0000000773580000,0x0000000773580000,0x0000000774000000)
 ParOldGen       total 175104K, used 693K [0x00000006c0000000, 0x00000006cab00000, 0x000000076ab00000)
  object space 175104K, 0% used [0x00000006c0000000,0x00000006c00ad7f8,0x00000006cab00000)
 Metaspace       used 17462K, capacity 17577K, committed 17920K, reserved 1064960K
  class space    used 2164K, capacity 2224K, committed 2304K, reserved 1048576K
}
Event: 2.289 GC heap before
{Heap before GC invocations=4 (full 0):
 PSYoungGen      total 137728K, used 137704K [0x000000076ab00000, 0x0000000774000000, 0x00000007c0000000)
  eden space 126976K, 100% used [0x000000076ab00000,0x0000000772700000,0x0000000772700000)
  from space 10752K, 99% used [0x0000000772700000,0x000000077317a3f8,0x0000000773180000)
  to   space 10752K, 0% used [0x0000000773580000,0x0000000773580000,0x0000000774000000)
 ParOldGen       total 175104K, used 693K [0x00000006c0000000, 0x00000006cab00000, 0x000000076ab00000)
  object space 175104K, 0% used [0x00000006c0000000,0x00000006c00ad7f8,0x00000006cab00000)
 Metaspace       used 17800K, capacity 17961K, committed 18176K, reserved 1064960K
  class space    used 2208K, capacity 2288K, committed 2304K, reserved 1048576K
Event: 2.304 GC heap after
Heap after GC invocations=4 (full 0):
 PSYoungGen      total 141824K, used 10751K [0x000000076ab00000, 0x000000077b800000, 0x00000007c0000000)
  eden space 131072K, 0% used [0x000000076ab00000,0x000000076ab00000,0x0000000772b00000)
  from space 10752K, 99% used [0x0000000773580000,0x0000000773ffff10,0x0000000774000000)
  to   space 10752K, 0% used [0x0000000772b00000,0x0000000772b00000,0x0000000773580000)
 ParOldGen       total 175104K, used 10880K [0x00000006c0000000, 0x00000006cab00000, 0x000000076ab00000)
  object space 175104K, 6% used [0x00000006c0000000,0x00000006c0aa0120,0x00000006cab00000)
 Metaspace       used 17800K, capacity 17961K, committed 18176K, reserved 1064960K
  class space    used 2208K, capacity 2288K, committed 2304K, reserved 1048576K
}
Event: 2.542 GC heap before
{Heap before GC invocations=5 (full 0):
 PSYoungGen      total 141824K, used 55836K [0x000000076ab00000, 0x000000077b800000, 0x00000007c0000000)
  eden space 131072K, 34% used [0x000000076ab00000,0x000000076d707348,0x0000000772b00000)
  from space 10752K, 99% used [0x0000000773580000,0x0000000773ffff10,0x0000000774000000)
  to   space 10752K, 0% used [0x0000000772b00000,0x0000000772b00000,0x0000000773580000)
 ParOldGen       total 175104K, used 10880K [0x00000006c0000000, 0x00000006cab00000, 0x000000076ab00000)
  object space 175104K, 6% used [0x00000006c0000000,0x00000006c0aa0120,0x00000006cab00000)
 Metaspace       used 21040K, capacity 21142K, committed 21296K, reserved 1067008K
  class space    used 2793K, capacity 2864K, committed 2944K, reserved 1048576K
Event: 2.549 GC heap after
Heap after GC invocations=5 (full 0):
 PSYoungGen      total 141824K, used 10739K [0x000000076ab00000, 0x000000077d300000, 0x00000007c0000000)
  eden space 131072K, 0% used [0x000000076ab00000,0x000000076ab00000,0x0000000772b00000)
  from space 10752K, 99% used [0x0000000772b00000,0x000000077357ce40,0x0000000773580000)
  to   space 20480K, 0% used [0x000000077bf00000,0x000000077bf00000,0x000000077d300000)
 ParOldGen       total 175104K, used 12993K [0x00000006c0000000, 0x00000006cab00000, 0x000000076ab00000)
  object space 175104K, 7% used [0x00000006c0000000,0x00000006c0cb04b8,0x00000006cab00000)
 Metaspace       used 21040K, capacity 21142K, committed 21296K, reserved 1067008K
  class space    used 2793K, capacity 2864K, committed 2944K, reserved 1048576K
}
Event: 2.549 GC heap before
{Heap before GC invocations=6 (full 1):
 PSYoungGen      total 141824K, used 10739K [0x000000076ab00000, 0x000000077d300000, 0x00000007c0000000)
  eden space 131072K, 0% used [0x000000076ab00000,0x000000076ab00000,0x0000000772b00000)
  from space 10752K, 99% used [0x0000000772b00000,0x000000077357ce40,0x0000000773580000)
  to   space 20480K, 0% used [0x000000077bf00000,0x000000077bf00000,0x000000077d300000)
 ParOldGen       total 175104K, used 12993K [0x00000006c0000000, 0x00000006cab00000, 0x000000076ab00000)
  object space 175104K, 7% used [0x00000006c0000000,0x00000006c0cb04b8,0x00000006cab00000)
 Metaspace       used 21040K, capacity 21142K, committed 21296K, reserved 1067008K
  class space    used 2793K, capacity 2864K, committed 2944K, reserved 1048576K
Event: 2.570 GC heap after
Heap after GC invocations=6 (full 1):
 PSYoungGen      total 141824K, used 0K [0x000000076ab00000, 0x000000077d300000, 0x00000007c0000000)
  eden space 131072K, 0% used [0x000000076ab00000,0x000000076ab00000,0x0000000772b00000)
  from space 10752K, 0% used [0x0000000772b00000,0x0000000772b00000,0x0000000773580000)
  to   space 20480K, 0% used [0x000000077bf00000,0x000000077bf00000,0x000000077d300000)
 ParOldGen       total 101376K, used 12465K [0x00000006c0000000, 0x00000006c6300000, 0x000000076ab00000)
  object space 101376K, 12% used [0x00000006c0000000,0x00000006c0c2c600,0x00000006c6300000)
 Metaspace       used 21040K, capacity 21142K, committed 21296K, reserved 1067008K
  class space    used 2793K, capacity 2864K, committed 2944K, reserved 1048576K
}

Deoptimization events (10 events):
Event: 2.570 Thread 0x00007f8e50832800 Uncommon trap: reason=unstable_if action=reinterpret pc=0x00000001122a4f58 method=java.lang.ref.Finalizer.remove()V @ 10
Event: 2.592 Thread 0x00007f8e51805000 Uncommon trap: reason=unstable_if action=reinterpret pc=0x000000011229eef0 method=java.util.HashMap$HashIterator.<init>(Ljava/util/HashMap;)V @ 38
Event: 2.608 Thread 0x00007f8e51805000 Uncommon trap: reason=unstable_if action=reinterpret pc=0x000000011228d058 method=java.util.HashMap$HashIterator.<init>(Ljava/util/HashMap;)V @ 38
Event: 2.724 Thread 0x00007f8e51805000 Uncommon trap: reason=unstable_if action=reinterpret pc=0x0000000112387934 method=java.util.regex.Pattern$Branch.match(Ljava/util/regex/Matcher;ILjava/lang/CharSequence;)Z @ 19
Event: 2.724 Thread 0x00007f8e51805000 Uncommon trap: reason=unstable_if action=reinterpret pc=0x000000011238b3f8 method=java.util.regex.Pattern$BmpCharProperty.match(Ljava/util/regex/Matcher;ILjava/lang/CharSequence;)Z @ 5
Event: 2.853 Thread 0x00007f8e51805000 Uncommon trap: reason=unstable_if action=reinterpret pc=0x00000001123f780c method=com.github.os72.protobuf351.TextFormat$Tokenizer.nextToken()V @ 103
Event: 2.895 Thread 0x00007f8e51805000 Uncommon trap: reason=class_check action=maybe_recompile pc=0x0000000112209a1c method=java.io.DataInputStream.readInt()I @ 4
Event: 2.895 Thread 0x00007f8e51805000 Uncommon trap: reason=class_check action=maybe_recompile pc=0x0000000112209a1c method=java.io.DataInputStream.readInt()I @ 4
Event: 3.012 Thread 0x00007f8e51805000 Uncommon trap: reason=range_check action=make_not_entrant pc=0x000000011245e5c8 method=sun.reflect.generics.parser.SignatureParser.current()C @ 34
Event: 3.030 Thread 0x00007f8e51805000 Uncommon trap: reason=class_check action=maybe_recompile pc=0x00000001121b15c8 method=java.util.concurrent.ConcurrentHashMap.putVal(Ljava/lang/Object;Ljava/lang/Object;Z)Ljava/lang/Object; @ 192

Internal exceptions (10 events):
Event: 0.227 Thread 0x00007f8e51805000 Exception <a 'java/security/PrivilegedActionException'> (0x000000076b0c85e8) thrown at [/Users/java_re/workspace/8-2-build-macosx-x86_64/jdk8u151/9699/hotspot/src/share/vm/prims/jvm.cpp, line 1390]
Event: 1.672 Thread 0x00007f8e51805000 Exception <a 'java/lang/NoSuchFieldError': method resolution failed> (0x000000076d82b580) thrown at [/Users/java_re/workspace/8-2-build-macosx-x86_64/jdk8u151/9699/hotspot/src/share/vm/prims/methodHandles.cpp, line 1146]
Event: 1.674 Thread 0x00007f8e51805000 Exception <a 'java/lang/NoSuchFieldError': method resolution failed> (0x000000076d839510) thrown at [/Users/java_re/workspace/8-2-build-macosx-x86_64/jdk8u151/9699/hotspot/src/share/vm/prims/methodHandles.cpp, line 1146]
Event: 2.017 Thread 0x00007f8e51805000 Implicit null exception at 0x000000011226888b to 0x000000011226930d
Event: 2.592 Thread 0x00007f8e51805000 Implicit null exception at 0x000000011229ecd5 to 0x000000011229eed5
Event: 2.608 Thread 0x00007f8e51805000 Implicit null exception at 0x000000011228ce83 to 0x000000011228d041
Event: 3.012 Thread 0x00007f8e51805000 Exception <a 'java/lang/ArrayIndexOutOfBoundsException'> (0x000000076f7e3b60) thrown at [/Users/java_re/workspace/8-2-build-macosx-x86_64/jdk8u151/9699/hotspot/src/share/vm/runtime/sharedRuntime.cpp, line 605]
Event: 3.012 Thread 0x00007f8e51805000 Exception <a 'java/lang/ArrayIndexOutOfBoundsException'> (0x000000076f7e5c58) thrown at [/Users/java_re/workspace/8-2-build-macosx-x86_64/jdk8u151/9699/hotspot/src/share/vm/runtime/sharedRuntime.cpp, line 605]
Event: 3.012 Thread 0x00007f8e51805000 Exception <a 'java/lang/ArrayIndexOutOfBoundsException': 65> (0x000000076f7ea578) thrown at [/Users/java_re/workspace/8-2-build-macosx-x86_64/jdk8u151/9699/hotspot/src/share/vm/interpreter/interpreterRuntime.cpp, line 366]
Event: 3.013 Thread 0x00007f8e51805000 Exception <a 'java/lang/ArrayIndexOutOfBoundsException': 40> (0x000000076f7ebf50) thrown at [/Users/java_re/workspace/8-2-build-macosx-x86_64/jdk8u151/9699/hotspot/src/share/vm/interpreter/interpreterRuntime.cpp, line 366]

Events (10 events):
Event: 3.051 loading class com/google/common/primitives/Doubles$DoubleArrayAsList
Event: 3.051 loading class com/google/common/primitives/Doubles$DoubleArrayAsList done
Event: 3.053 loading class org/bytedeco/javacpp/annotation/Namespace
Event: 3.053 loading class org/bytedeco/javacpp/annotation/Namespace done
Event: 3.054 loading class org/bytedeco/javacpp/annotation/NoOffset
Event: 3.054 loading class org/bytedeco/javacpp/annotation/NoOffset done
Event: 3.067 loading class org/nd4j/linalg/api/memory/pointers/ImmortalFloatPointer
Event: 3.067 loading class org/nd4j/linalg/api/memory/pointers/ImmortalFloatPointer done
Event: 4.190 Executing VM operation: EnableBiasedLocking
Event: 4.191 Executing VM operation: EnableBiasedLocking done


Dynamic libraries:
0x0000000022e73000 	/System/Library/Frameworks/Cocoa.framework/Versions/A/Cocoa
0x0000000022e73000 	/System/Library/Frameworks/Security.framework/Versions/A/Security
0x0000000022e73000 	/System/Library/Frameworks/ApplicationServices.framework/Versions/A/ApplicationServices
0x0000000022e73000 	/usr/lib/libz.1.dylib
0x0000000022e73000 	/usr/lib/libSystem.B.dylib
0x0000000022e73000 	/usr/lib/libobjc.A.dylib
0x0000000022e73000 	/System/Library/Frameworks/CoreFoundation.framework/Versions/A/CoreFoundation
0x0000000022e73000 	/System/Library/Frameworks/Foundation.framework/Versions/C/Foundation
0x0000000022e73000 	/System/Library/Frameworks/AppKit.framework/Versions/C/AppKit
0x0000000022e73000 	/System/Library/Frameworks/CoreData.framework/Versions/A/CoreData
0x0000000022e73000 	/System/Library/PrivateFrameworks/RemoteViewServices.framework/Versions/A/RemoteViewServices
0x0000000022e73000 	/System/Library/PrivateFrameworks/UIFoundation.framework/Versions/A/UIFoundation
0x0000000022e73000 	/System/Library/PrivateFrameworks/DFRFoundation.framework/Versions/A/DFRFoundation
0x0000000022e73000 	/System/Library/Frameworks/Metal.framework/Versions/A/Metal
0x0000000022e73000 	/System/Library/PrivateFrameworks/DesktopServicesPriv.framework/Versions/A/DesktopServicesPriv
0x0000000022e73000 	/usr/lib/libenergytrace.dylib
0x0000000022e73000 	/System/Library/PrivateFrameworks/SkyLight.framework/Versions/A/SkyLight
0x0000000022e73000 	/System/Library/Frameworks/CoreGraphics.framework/Versions/A/CoreGraphics
0x0000000022e73000 	/usr/lib/libScreenReader.dylib
0x0000000022e73000 	/System/Library/Frameworks/Accelerate.framework/Versions/A/Accelerate
0x0000000022e73000 	/System/Library/Frameworks/IOSurface.framework/Versions/A/IOSurface
0x0000000022e73000 	/System/Library/Frameworks/AudioToolbox.framework/Versions/A/AudioToolbox
0x0000000022e73000 	/System/Library/Frameworks/AudioUnit.framework/Versions/A/AudioUnit
0x0000000022e73000 	/System/Library/PrivateFrameworks/DataDetectorsCore.framework/Versions/A/DataDetectorsCore
0x0000000022e73000 	/System/Library/Frameworks/Carbon.framework/Versions/A/Frameworks/HIToolbox.framework/Versions/A/HIToolbox
0x0000000022e73000 	/usr/lib/libicucore.A.dylib
0x0000000022e73000 	/System/Library/Frameworks/QuartzCore.framework/Versions/A/QuartzCore
0x0000000022e73000 	/System/Library/Frameworks/Carbon.framework/Versions/A/Frameworks/SpeechRecognition.framework/Versions/A/SpeechRecognition
0x0000000022e73000 	/usr/lib/libauto.dylib
0x0000000022e73000 	/usr/lib/libxml2.2.dylib
0x0000000022e73000 	/System/Library/PrivateFrameworks/CoreUI.framework/Versions/A/CoreUI
0x0000000022e73000 	/System/Library/Frameworks/CoreAudio.framework/Versions/A/CoreAudio
0x0000000022e73000 	/System/Library/Frameworks/DiskArbitration.framework/Versions/A/DiskArbitration
0x0000000022e73000 	/usr/lib/liblangid.dylib
0x0000000022e73000 	/System/Library/PrivateFrameworks/MultitouchSupport.framework/Versions/A/MultitouchSupport
0x0000000022e73000 	/System/Library/Frameworks/IOKit.framework/Versions/A/IOKit
0x0000000022e73000 	/usr/lib/libDiagnosticMessagesClient.dylib
0x0000000022e73000 	/System/Library/Frameworks/CoreServices.framework/Versions/A/CoreServices
0x0000000022e73000 	/System/Library/PrivateFrameworks/PerformanceAnalysis.framework/Versions/A/PerformanceAnalysis
0x0000000022e73000 	/System/Library/Frameworks/OpenGL.framework/Versions/A/OpenGL
0x0000000022e73000 	/System/Library/Frameworks/ColorSync.framework/Versions/A/ColorSync
0x0000000022e73000 	/System/Library/Frameworks/CoreImage.framework/Versions/A/CoreImage
0x0000000022e73000 	/System/Library/Frameworks/CoreText.framework/Versions/A/CoreText
0x0000000022e73000 	/System/Library/Frameworks/ImageIO.framework/Versions/A/ImageIO
0x0000000022e73000 	/System/Library/PrivateFrameworks/Backup.framework/Versions/A/Backup
0x0000000022e73000 	/usr/lib/libarchive.2.dylib
0x0000000022e73000 	/System/Library/Frameworks/CFNetwork.framework/Versions/A/CFNetwork
0x0000000022e73000 	/System/Library/Frameworks/SystemConfiguration.framework/Versions/A/SystemConfiguration
0x0000000022e73000 	/usr/lib/libCRFSuite.dylib
0x0000000022e73000 	/usr/lib/libc++.1.dylib
0x0000000022e73000 	/usr/lib/libc++abi.dylib
0x0000000022e73000 	/usr/lib/system/libcache.dylib
0x0000000022e73000 	/usr/lib/system/libcommonCrypto.dylib
0x0000000022e73000 	/usr/lib/system/libcompiler_rt.dylib
0x0000000022e73000 	/usr/lib/system/libcopyfile.dylib
0x0000000022e73000 	/usr/lib/system/libcorecrypto.dylib
0x0000000022e73000 	/usr/lib/system/libdispatch.dylib
0x0000000022e73000 	/usr/lib/system/libdyld.dylib
0x0000000022e73000 	/usr/lib/system/libkeymgr.dylib
0x0000000022e73000 	/usr/lib/system/liblaunch.dylib
0x0000000022e73000 	/usr/lib/system/libmacho.dylib
0x0000000022e73000 	/usr/lib/system/libquarantine.dylib
0x0000000022e73000 	/usr/lib/system/libremovefile.dylib
0x0000000022e73000 	/usr/lib/system/libsystem_asl.dylib
0x0000000022e73000 	/usr/lib/system/libsystem_blocks.dylib
0x0000000022e73000 	/usr/lib/system/libsystem_c.dylib
0x0000000022e73000 	/usr/lib/system/libsystem_configuration.dylib
0x0000000022e73000 	/usr/lib/system/libsystem_coreservices.dylib
0x0000000022e73000 	/usr/lib/system/libsystem_darwin.dylib
0x0000000022e73000 	/usr/lib/system/libsystem_dnssd.dylib
0x0000000022e73000 	/usr/lib/system/libsystem_info.dylib
0x0000000022e73000 	/usr/lib/system/libsystem_m.dylib
0x0000000022e73000 	/usr/lib/system/libsystem_malloc.dylib
0x0000000022e73000 	/usr/lib/system/libsystem_network.dylib
0x0000000022e73000 	/usr/lib/system/libsystem_networkextension.dylib
0x0000000022e73000 	/usr/lib/system/libsystem_notify.dylib
0x0000000022e73000 	/usr/lib/system/libsystem_sandbox.dylib
0x0000000022e73000 	/usr/lib/system/libsystem_secinit.dylib
0x0000000022e73000 	/usr/lib/system/libsystem_kernel.dylib
0x0000000022e73000 	/usr/lib/system/libsystem_platform.dylib
0x0000000022e73000 	/usr/lib/system/libsystem_pthread.dylib
0x0000000022e73000 	/usr/lib/system/libsystem_symptoms.dylib
0x0000000022e73000 	/usr/lib/system/libsystem_trace.dylib
0x0000000022e73000 	/usr/lib/system/libunwind.dylib
0x0000000022e73000 	/usr/lib/system/libxpc.dylib
0x0000000022e73000 	/usr/lib/closure/libclosured.dylib
0x0000000022e73000 	/usr/lib/libbsm.0.dylib
0x0000000022e73000 	/usr/lib/system/libkxld.dylib
0x0000000022e73000 	/usr/lib/libOpenScriptingUtil.dylib
0x0000000022e73000 	/usr/lib/libcoretls.dylib
0x0000000022e73000 	/usr/lib/libcoretls_cfhelpers.dylib
0x0000000022e73000 	/usr/lib/libpam.2.dylib
0x0000000022e73000 	/usr/lib/libsqlite3.dylib
0x0000000022e73000 	/usr/lib/libxar.1.dylib
0x0000000022e73000 	/usr/lib/libbz2.1.0.dylib
0x0000000022e73000 	/usr/lib/liblzma.5.dylib
0x0000000022e73000 	/usr/lib/libnetwork.dylib
0x0000000022e73000 	/usr/lib/libapple_nghttp2.dylib
0x0000000022e73000 	/usr/lib/libpcap.A.dylib
0x0000000022e73000 	/usr/lib/libboringssl.dylib
0x0000000022e73000 	/usr/lib/libusrtcp.dylib
0x0000000022e73000 	/usr/lib/libapple_crypto.dylib
0x0000000022e73000 	/System/Library/Frameworks/CoreServices.framework/Versions/A/Frameworks/FSEvents.framework/Versions/A/FSEvents
0x0000000022e73000 	/System/Library/Frameworks/CoreServices.framework/Versions/A/Frameworks/CarbonCore.framework/Versions/A/CarbonCore
0x0000000022e73000 	/System/Library/Frameworks/CoreServices.framework/Versions/A/Frameworks/Metadata.framework/Versions/A/Metadata
0x0000000022e73000 	/System/Library/Frameworks/CoreServices.framework/Versions/A/Frameworks/OSServices.framework/Versions/A/OSServices
0x0000000022e73000 	/System/Library/Frameworks/CoreServices.framework/Versions/A/Frameworks/SearchKit.framework/Versions/A/SearchKit
0x0000000022e73000 	/System/Library/Frameworks/CoreServices.framework/Versions/A/Frameworks/AE.framework/Versions/A/AE
0x0000000022e73000 	/System/Library/Frameworks/CoreServices.framework/Versions/A/Frameworks/LaunchServices.framework/Versions/A/LaunchServices
0x0000000022e73000 	/System/Library/Frameworks/CoreServices.framework/Versions/A/Frameworks/DictionaryServices.framework/Versions/A/DictionaryServices
0x0000000022e73000 	/System/Library/Frameworks/CoreServices.framework/Versions/A/Frameworks/SharedFileList.framework/Versions/A/SharedFileList
0x0000000022e73000 	/System/Library/Frameworks/NetFS.framework/Versions/A/NetFS
0x0000000022e73000 	/System/Library/PrivateFrameworks/NetAuth.framework/Versions/A/NetAuth
0x0000000022e73000 	/System/Library/PrivateFrameworks/login.framework/Versions/A/Frameworks/loginsupport.framework/Versions/A/loginsupport
0x0000000022e73000 	/System/Library/PrivateFrameworks/TCC.framework/Versions/A/TCC
0x0000000022e73000 	/usr/lib/libmecabra.dylib
0x0000000022e73000 	/System/Library/Frameworks/ApplicationServices.framework/Versions/A/Frameworks/ATS.framework/Versions/A/ATS
0x0000000022e73000 	/System/Library/Frameworks/ApplicationServices.framework/Versions/A/Frameworks/ColorSyncLegacy.framework/Versions/A/ColorSyncLegacy
0x0000000022e73000 	/System/Library/Frameworks/ApplicationServices.framework/Versions/A/Frameworks/HIServices.framework/Versions/A/HIServices
0x0000000022e73000 	/System/Library/Frameworks/ApplicationServices.framework/Versions/A/Frameworks/LangAnalysis.framework/Versions/A/LangAnalysis
0x0000000022e73000 	/System/Library/Frameworks/ApplicationServices.framework/Versions/A/Frameworks/PrintCore.framework/Versions/A/PrintCore
0x0000000022e73000 	/System/Library/Frameworks/ApplicationServices.framework/Versions/A/Frameworks/QD.framework/Versions/A/QD
0x0000000022e73000 	/System/Library/Frameworks/ApplicationServices.framework/Versions/A/Frameworks/SpeechSynthesis.framework/Versions/A/SpeechSynthesis
0x0000000022e73000 	/System/Library/Frameworks/CoreDisplay.framework/Versions/A/CoreDisplay
0x0000000022e73000 	/System/Library/Frameworks/Accelerate.framework/Versions/A/Frameworks/vImage.framework/Versions/A/vImage
0x0000000022e73000 	/System/Library/Frameworks/Accelerate.framework/Versions/A/Frameworks/vecLib.framework/Versions/A/vecLib
0x0000000022e73000 	/System/Library/Frameworks/Accelerate.framework/Versions/A/Frameworks/vecLib.framework/Versions/A/libvDSP.dylib
0x0000000022e73000 	/System/Library/Frameworks/Accelerate.framework/Versions/A/Frameworks/vecLib.framework/Versions/A/libBNNS.dylib
0x0000000022e73000 	/System/Library/Frameworks/Accelerate.framework/Versions/A/Frameworks/vecLib.framework/Versions/A/libQuadrature.dylib
0x0000000022e73000 	/System/Library/Frameworks/Accelerate.framework/Versions/A/Frameworks/vecLib.framework/Versions/A/libvMisc.dylib
0x0000000022e73000 	/System/Library/Frameworks/Accelerate.framework/Versions/A/Frameworks/vecLib.framework/Versions/A/libLAPACK.dylib
0x0000000022e73000 	/System/Library/Frameworks/Accelerate.framework/Versions/A/Frameworks/vecLib.framework/Versions/A/libBLAS.dylib
0x0000000022e73000 	/System/Library/Frameworks/Accelerate.framework/Versions/A/Frameworks/vecLib.framework/Versions/A/libLinearAlgebra.dylib
0x0000000022e73000 	/System/Library/Frameworks/Accelerate.framework/Versions/A/Frameworks/vecLib.framework/Versions/A/libSparse.dylib
0x0000000022e73000 	/System/Library/Frameworks/Accelerate.framework/Versions/A/Frameworks/vecLib.framework/Versions/A/libSparseBLAS.dylib
0x0000000022e73000 	/System/Library/PrivateFrameworks/IOAccelerator.framework/Versions/A/IOAccelerator
0x0000000022e73000 	/System/Library/PrivateFrameworks/IOPresentment.framework/Versions/A/IOPresentment
0x0000000022e73000 	/System/Library/PrivateFrameworks/DSExternalDisplay.framework/Versions/A/DSExternalDisplay
0x0000000022e73000 	/System/Library/Frameworks/OpenGL.framework/Versions/A/Libraries/libCoreFSCache.dylib
0x0000000022e73000 	/System/Library/Frameworks/CoreVideo.framework/Versions/A/CoreVideo
0x0000000022e73000 	/System/Library/PrivateFrameworks/GraphVisualizer.framework/Versions/A/GraphVisualizer
0x0000000022e73000 	/System/Library/Frameworks/MetalPerformanceShaders.framework/Versions/A/MetalPerformanceShaders
0x0000000022e73000 	/usr/lib/libFosl_dynamic.dylib
0x0000000022e73000 	/System/Library/PrivateFrameworks/FaceCore.framework/Versions/A/FaceCore
0x0000000022e73000 	/System/Library/Frameworks/OpenCL.framework/Versions/A/OpenCL
0x0000000022e73000 	/usr/lib/libcompression.dylib
0x0000000022e73000 	/System/Library/Frameworks/ApplicationServices.framework/Versions/A/Frameworks/ATS.framework/Versions/A/Resources/libFontParser.dylib
0x0000000022e73000 	/System/Library/Frameworks/ApplicationServices.framework/Versions/A/Frameworks/ATS.framework/Versions/A/Resources/libFontRegistry.dylib
0x0000000022e73000 	/System/Library/Frameworks/ImageIO.framework/Versions/A/Resources/libJPEG.dylib
0x0000000022e73000 	/System/Library/Frameworks/ImageIO.framework/Versions/A/Resources/libTIFF.dylib
0x0000000022e73000 	/System/Library/Frameworks/ImageIO.framework/Versions/A/Resources/libPng.dylib
0x0000000022e73000 	/System/Library/Frameworks/ImageIO.framework/Versions/A/Resources/libGIF.dylib
0x0000000022e73000 	/System/Library/Frameworks/ImageIO.framework/Versions/A/Resources/libJP2.dylib
0x0000000022e73000 	/System/Library/Frameworks/ImageIO.framework/Versions/A/Resources/libRadiance.dylib
0x0000000022e73000 	/System/Library/PrivateFrameworks/AppleJPEG.framework/Versions/A/AppleJPEG
0x0000000022e73000 	/System/Library/PrivateFrameworks/MetalTools.framework/Versions/A/MetalTools
0x0000000022e73000 	/System/Library/Frameworks/MetalPerformanceShaders.framework/Frameworks/MPSCore.framework/Versions/A/MPSCore
0x0000000022e73000 	/System/Library/Frameworks/MetalPerformanceShaders.framework/Frameworks/MPSImage.framework/Versions/A/MPSImage
0x0000000022e73000 	/System/Library/Frameworks/MetalPerformanceShaders.framework/Frameworks/MPSMatrix.framework/Versions/A/MPSMatrix
0x0000000022e73000 	/System/Library/Frameworks/MetalPerformanceShaders.framework/Frameworks/MPSNeuralNetwork.framework/Versions/A/MPSNeuralNetwork
0x0000000022e73000 	/System/Library/Frameworks/OpenGL.framework/Versions/A/Libraries/libGLU.dylib
0x0000000022e73000 	/System/Library/Frameworks/OpenGL.framework/Versions/A/Libraries/libGFXShared.dylib
0x0000000022e73000 	/System/Library/Frameworks/OpenGL.framework/Versions/A/Libraries/libGL.dylib
0x0000000022e73000 	/System/Library/Frameworks/OpenGL.framework/Versions/A/Libraries/libGLImage.dylib
0x0000000022e73000 	/System/Library/Frameworks/OpenGL.framework/Versions/A/Libraries/libCVMSPluginSupport.dylib
0x0000000022e73000 	/System/Library/Frameworks/OpenGL.framework/Versions/A/Libraries/libCoreVMClient.dylib
0x0000000022e73000 	/usr/lib/libcups.2.dylib
0x0000000022e73000 	/System/Library/Frameworks/Kerberos.framework/Versions/A/Kerberos
0x0000000022e73000 	/System/Library/Frameworks/GSS.framework/Versions/A/GSS
0x0000000022e73000 	/usr/lib/libresolv.9.dylib
0x0000000022e73000 	/usr/lib/libiconv.2.dylib
0x0000000022e73000 	/System/Library/PrivateFrameworks/Heimdal.framework/Versions/A/Heimdal
0x0000000022e73000 	/usr/lib/libheimdal-asn1.dylib
0x0000000022e73000 	/System/Library/Frameworks/OpenDirectory.framework/Versions/A/OpenDirectory
0x0000000022e73000 	/System/Library/PrivateFrameworks/CommonAuth.framework/Versions/A/CommonAuth
0x0000000022e73000 	/System/Library/Frameworks/OpenDirectory.framework/Versions/A/Frameworks/CFOpenDirectory.framework/Versions/A/CFOpenDirectory
0x0000000022e73000 	/System/Library/Frameworks/SecurityFoundation.framework/Versions/A/SecurityFoundation
0x0000000022e73000 	/System/Library/PrivateFrameworks/APFS.framework/Versions/A/APFS
0x0000000022e73000 	/usr/lib/libutil.dylib
0x0000000022e73000 	/System/Library/PrivateFrameworks/AppleSauce.framework/Versions/A/AppleSauce
0x0000000022e73000 	/System/Library/PrivateFrameworks/LinguisticData.framework/Versions/A/LinguisticData
0x0000000022e73000 	/usr/lib/libmarisa.dylib
0x0000000022e73000 	/System/Library/PrivateFrameworks/Lexicon.framework/Versions/A/Lexicon
0x0000000022e73000 	/usr/lib/libChineseTokenizer.dylib
0x0000000022e73000 	/usr/lib/libcmph.dylib
0x0000000022e73000 	/System/Library/PrivateFrameworks/LanguageModeling.framework/Versions/A/LanguageModeling
0x0000000022e73000 	/System/Library/PrivateFrameworks/CoreEmoji.framework/Versions/A/CoreEmoji
0x0000000022e73000 	/System/Library/Frameworks/ServiceManagement.framework/Versions/A/ServiceManagement
0x0000000022e73000 	/System/Library/PrivateFrameworks/BackgroundTaskManagement.framework/Versions/A/BackgroundTaskManagement
0x0000000022e73000 	/usr/lib/libxslt.1.dylib
0x0000000022e73000 	/System/Library/Frameworks/Carbon.framework/Versions/A/Frameworks/Ink.framework/Versions/A/Ink
0x0000000022e73000 	/System/Library/PrivateFrameworks/TextureIO.framework/Versions/A/TextureIO
0x0000000022e73000 	/usr/lib/libate.dylib
0x0000000022e73000 	/System/Library/PrivateFrameworks/CrashReporterSupport.framework/Versions/A/CrashReporterSupport
0x0000000022e73000 	/System/Library/PrivateFrameworks/Sharing.framework/Versions/A/Sharing
0x0000000022e73000 	/System/Library/PrivateFrameworks/IconServices.framework/Versions/A/IconServices
0x0000000022e73000 	/System/Library/PrivateFrameworks/ProtocolBuffer.framework/Versions/A/ProtocolBuffer
0x0000000022e73000 	/System/Library/PrivateFrameworks/Apple80211.framework/Versions/A/Apple80211
0x0000000022e73000 	/System/Library/Frameworks/CoreWLAN.framework/Versions/A/CoreWLAN
0x0000000022e73000 	/System/Library/PrivateFrameworks/CoreUtils.framework/Versions/A/CoreUtils
0x0000000022e73000 	/System/Library/Frameworks/IOBluetooth.framework/Versions/A/IOBluetooth
0x0000000022e73000 	/System/Library/PrivateFrameworks/CoreWiFi.framework/Versions/A/CoreWiFi
0x0000000022e73000 	/System/Library/Frameworks/CoreBluetooth.framework/Versions/A/CoreBluetooth
0x0000000022e73000 	/System/Library/PrivateFrameworks/SignpostNotification.framework/Versions/A/SignpostNotification
0x0000000022e73000 	/System/Library/PrivateFrameworks/DebugSymbols.framework/Versions/A/DebugSymbols
0x0000000022e73000 	/System/Library/PrivateFrameworks/CoreSymbolication.framework/Versions/A/CoreSymbolication
0x0000000022e73000 	/System/Library/PrivateFrameworks/Symbolication.framework/Versions/A/Symbolication
0x0000000022e73000 	/System/Library/PrivateFrameworks/AppleFSCompression.framework/Versions/A/AppleFSCompression
0x0000000022e73000 	/System/Library/PrivateFrameworks/SpeechRecognitionCore.framework/Versions/A/SpeechRecognitionCore
0x000000010b003000 	/Library/Java/JavaVirtualMachines/jdk1.8.0_151.jdk/Contents/Home/jre/lib/server/libjvm.dylib
0x0000000022e73000 	/usr/lib/libstdc++.6.0.9.dylib
0x000000010bfaa000 	/Library/Java/JavaVirtualMachines/jdk1.8.0_151.jdk/Contents/Home/jre/lib/libverify.dylib
0x000000010bfb8000 	/Library/Java/JavaVirtualMachines/jdk1.8.0_151.jdk/Contents/Home/jre/lib/libjava.dylib
0x000000010c800000 	/Library/Java/JavaVirtualMachines/jdk1.8.0_151.jdk/Contents/Home/jre/lib/libinstrument.dylib
0x000000010c894000 	/Library/Java/JavaVirtualMachines/jdk1.8.0_151.jdk/Contents/Home/jre/lib/libzip.dylib
0x0000000022e73000 	/System/Library/Frameworks/JavaVM.framework/Versions/A/Frameworks/JavaRuntimeSupport.framework/Versions/A/JavaRuntimeSupport
0x0000000022e73000 	/System/Library/Frameworks/JavaVM.framework/Versions/A/Frameworks/JavaNativeFoundation.framework/Versions/A/JavaNativeFoundation
0x0000000022e73000 	/System/Library/Frameworks/JavaVM.framework/Versions/A/JavaVM
0x0000000022e73000 	/System/Library/Frameworks/Carbon.framework/Versions/A/Carbon
0x0000000022e73000 	/System/Library/PrivateFrameworks/JavaLaunching.framework/Versions/A/JavaLaunching
0x0000000022e73000 	/System/Library/Frameworks/Carbon.framework/Versions/A/Frameworks/CommonPanels.framework/Versions/A/CommonPanels
0x0000000022e73000 	/System/Library/Frameworks/Carbon.framework/Versions/A/Frameworks/Help.framework/Versions/A/Help
0x0000000022e73000 	/System/Library/Frameworks/Carbon.framework/Versions/A/Frameworks/ImageCapture.framework/Versions/A/ImageCapture
0x0000000022e73000 	/System/Library/Frameworks/Carbon.framework/Versions/A/Frameworks/OpenScripting.framework/Versions/A/OpenScripting
0x0000000022e73000 	/System/Library/Frameworks/Carbon.framework/Versions/A/Frameworks/Print.framework/Versions/A/Print
0x0000000022e73000 	/System/Library/Frameworks/Carbon.framework/Versions/A/Frameworks/SecurityHI.framework/Versions/A/SecurityHI
0x0000000111670000 	/Library/Java/JavaVirtualMachines/jdk1.8.0_151.jdk/Contents/Home/jre/lib/libnet.dylib
0x000000011194f000 	/Users/joshisaacson/.javacpp/cache/nd4j-native-1.0.0-alpha-macosx-x86_64.jar/org/nd4j/nativeblas/macosx-x86_64/libgcc_s.1.dylib
0x0000000111990000 	/Library/Java/JavaVirtualMachines/jdk1.8.0_151.jdk/Contents/Home/jre/lib/libnio.dylib
0x00000001119a0000 	/Users/joshisaacson/.javacpp/cache/nd4j-native-1.0.0-alpha-macosx-x86_64.jar/org/nd4j/nativeblas/macosx-x86_64/libgomp.1.dylib
0x0000000129308000 	/Users/joshisaacson/.javacpp/cache/nd4j-native-1.0.0-alpha-macosx-x86_64.jar/org/nd4j/nativeblas/macosx-x86_64/libstdc++.6.dylib
0x000000012958e000 	/Users/joshisaacson/.javacpp/cache/nd4j-native-1.0.0-alpha-macosx-x86_64.jar/org/nd4j/nativeblas/macosx-x86_64/libnd4jcpu.dylib
0x000000012b73c000 	/Users/joshisaacson/.javacpp/cache/nd4j-native-1.0.0-alpha-macosx-x86_64.jar/org/nd4j/nativeblas/macosx-x86_64/libjnind4jcpu.dylib
0x000000012c4f1000 	/Users/joshisaacson/.javacpp/cache/openblas-0.2.20-1.4.1-macosx-x86_64.jar/org/bytedeco/javacpp/macosx-x86_64/libopenblas.dylib
0x000000013308b000 	/Users/joshisaacson/.javacpp/cache/openblas-0.2.20-1.4.1-macosx-x86_64.jar/org/bytedeco/javacpp/macosx-x86_64/libjniopenblas.dylib

VM Arguments:
jvm_args: -ea -Didea.test.cyclic.buffer.size=1048576 -javaagent:/Applications/IntelliJ IDEA.app/Contents/lib/idea_rt.jar=57211:/Applications/IntelliJ IDEA.app/Contents/bin -Dfile.encoding=UTF-8 
java_command: com.intellij.rt.execution.junit.JUnitStarter -ideVersion5 -junit4 UtilitiesTest,gridTest
java_class_path (initial): /Applications/IntelliJ IDEA.app/Contents/lib/idea_rt.jar:/Applications/IntelliJ IDEA.app/Contents/plugins/junit/lib/junit-rt.jar:/Applications/IntelliJ IDEA.app/Contents/plugins/junit/lib/junit5-rt.jar:/Library/Java/JavaVirtualMachines/jdk1.8.0_151.jdk/Contents/Home/jre/lib/charsets.jar:/Library/Java/JavaVirtualMachines/jdk1.8.0_151.jdk/Contents/Home/jre/lib/deploy.jar:/Library/Java/JavaVirtualMachines/jdk1.8.0_151.jdk/Contents/Home/jre/lib/ext/cldrdata.jar:/Library/Java/JavaVirtualMachines/jdk1.8.0_151.jdk/Contents/Home/jre/lib/ext/dnsns.jar:/Library/Java/JavaVirtualMachines/jdk1.8.0_151.jdk/Contents/Home/jre/lib/ext/jaccess.jar:/Library/Java/JavaVirtualMachines/jdk1.8.0_151.jdk/Contents/Home/jre/lib/ext/jfxrt.jar:/Library/Java/JavaVirtualMachines/jdk1.8.0_151.jdk/Contents/Home/jre/lib/ext/localedata.jar:/Library/Java/JavaVirtualMachines/jdk1.8.0_151.jdk/Contents/Home/jre/lib/ext/nashorn.jar:/Library/Java/JavaVirtualMachines/jdk1.8.0_151.jdk/Contents/Home/jre/lib/ext/sunec.jar:/Library/Java/JavaVirtualMachines/jdk1.8.0_151.jdk/Contents/Home/jre/lib/ext/sunjce_provider.jar:/Library/Java/JavaVirtualMachines/jdk1.8.0_151.jdk/Contents/Home/jre/lib/ext/sunpkcs11.jar:/Library/Java/JavaVirtualMachines/jdk1.8.0_151.jdk/Contents/Home/jre/lib/ext/zipfs.jar:/Library/Java/JavaVirtualMachines/jdk1.8.0_151.jdk/Contents/Home/jre/lib/javaws.jar:/Library/Java/JavaVirtualMachines/jdk1.8.0_151.jdk/Contents/Home/jre/lib/jce.jar:/Library/Java/JavaVirtualMachines/jdk1.8.0_151.jdk/Contents/Home/jre/lib/jfr.jar:/Library/Java/JavaVirtualMachines/jdk1.8.0_151.jdk/Contents/Home/jre/lib/jfxswt.jar:/Library/Java/JavaVirtualMachines/jdk1.8.0_151.jdk/Contents/Home/jre/lib/jsse.jar:/Library/Java/JavaVirtualMachines/jdk1.8.0_151.jdk/Contents/Home/jre/lib/management-agent.jar:/Library/Java/JavaVirtualMachines/jdk1.8.0_151.jdk/Contents/Home/jre/lib/plugin.jar:/Library/Java/JavaVirtualMachines/jdk1.8.0_151.jdk/Contents/Home/jre/lib/resources.jar:/Library/Java/JavaVirtualM
Launcher Type: SUN_STANDARD

Environment Variables:
PATH=/Library/Frameworks/Python.framework/Versions/3.6/bin:/usr/local/bin:/usr/bin:/bin:/usr/sbin:/sbin:/Applications/Postgres.app/Contents/Versions/latest/bin
SHELL=/bin/zsh

Signal Handlers:
SIGSEGV: [libjvm.dylib+0x5b27a5], sa_mask[0]=11111111011111110111111111111111, sa_flags=SA_ONSTACK|SA_RESTART|SA_SIGINFO
SIGBUS: [libjvm.dylib+0x5b27a5], sa_mask[0]=11111111011111110111111111111111, sa_flags=SA_RESTART|SA_SIGINFO
SIGFPE: [libjvm.dylib+0x4891c4], sa_mask[0]=11111111011111110111111111111111, sa_flags=SA_RESTART|SA_SIGINFO
SIGPIPE: [libjvm.dylib+0x4891c4], sa_mask[0]=11111111011111110111111111111111, sa_flags=SA_RESTART|SA_SIGINFO
SIGXFSZ: [libjvm.dylib+0x4891c4], sa_mask[0]=11111111011111110111111111111111, sa_flags=SA_RESTART|SA_SIGINFO
SIGILL: [libjvm.dylib+0x4891c4], sa_mask[0]=11111111011111110111111111111111, sa_flags=SA_RESTART|SA_SIGINFO
SIGUSR1: SIG_DFL, sa_mask[0]=00000000000000000000000000000000, sa_flags=none
SIGUSR2: [libjvm.dylib+0x488ce2], sa_mask[0]=00100000000000000000000000000000, sa_flags=SA_RESTART|SA_SIGINFO
SIGHUP: [libjvm.dylib+0x4872b9], sa_mask[0]=11111111011111110111111111111111, sa_flags=SA_RESTART|SA_SIGINFO
SIGINT: [libjvm.dylib+0x4872b9], sa_mask[0]=11111111011111110111111111111111, sa_flags=SA_RESTART|SA_SIGINFO
SIGTERM: [libjvm.dylib+0x4872b9], sa_mask[0]=11111111011111110111111111111111, sa_flags=SA_RESTART|SA_SIGINFO
SIGQUIT: [libjvm.dylib+0x4872b9], sa_mask[0]=11111111011111110111111111111111, sa_flags=SA_RESTART|SA_SIGINFO


---------------  S Y S T E M  ---------------

OS:Bsduname:Darwin 17.3.0 Darwin Kernel Version 17.3.0: Thu Nov  9 18:09:22 PST 2017; root:xnu-4570.31.3~1/RELEASE_X86_64 x86_64
rlimit: STACK 8192k, CORE 0k, NPROC 1418, NOFILE 10240, AS infinity
load average:2.35 1.93 1.83

CPU:total 4 (initial active 4) (2 cores per cpu, 2 threads per core) family 6 model 142 stepping 9, cmov, cx8, fxsr, mmx, sse, sse2, sse3, ssse3, sse4.1, sse4.2, popcnt, avx, avx2, aes, clmul, erms, 3dnowpref, lzcnt, ht, tsc, tscinvbit, bmi1, bmi2, adx

Memory: 4k page, physical 16777216k(16012k free)

/proc/meminfo:


vm_info: Java HotSpot(TM) 64-Bit Server VM (25.151-b12) for bsd-amd64 JRE (1.8.0_151-b12), built on Sep  5 2017 19:37:08 by "java_re" with gcc 4.2.1 (Based on Apple Inc. build 5658) (LLVM build 2336.11.00)

time: Sat Apr 14 15:56:56 2018
elapsed time: 32 seconds (0d 0h 0m 32s)

